#
# A fatal error has been detected by the Java Runtime Environment:
#
#  SIGILL (0x4) at pc=0x00007fff4723ff7c, pid=9264, tid=0x000000000001710f
#
# JRE version: Java(TM) SE Runtime Environment (8.0_144-b01) (build 1.8.0_144-b01)
# Java VM: Java HotSpot(TM) 64-Bit Server VM (25.144-b01 mixed mode bsd-amd64 compressed oops)
# Problematic frame:
# C  [CoreFoundation+0x16bf7c]  getAtomTarget+0x6f
#
# Failed to write core dump. Core dumps have been disabled. To enable core dumping, try "ulimit -c unlimited" before starting Java again
#
# If you would like to submit a bug report, please visit:
#   http://bugreport.java.com/bugreport/crash.jsp
# The crash happened outside the Java Virtual Machine in native code.
# See problematic frame for where to report the bug.
#

---------------  T H R E A D  ---------------

Current thread (0x00007fdbca842800):  JavaThread "pool-2-thread-1" [_thread_in_native, id=94479, stack(0x000070000b280000,0x000070000b380000)]

siginfo: si_signo: 4 (SIGILL), si_code: 1 (ILL_ILLOPC), si_addr: 0x00007fff4723ff7c

Registers:
RAX=0x0000000000000000, RBX=0x00300007fdbcf0b3, RCX=0x300007fdbcf0b3f1, RDX=0x0000000000000007
RSP=0x000070000b37f220, RBP=0x000070000b37f230, RSI=0x0000000000000000, RDI=0x0300007fdbcf0b3f
R8 =0x0000000000000000, R9 =0x00007fdbcf097640, R10=0x0000000000000001, R11=0x00007fff471674c0
R12=0x0000000000000000, R13=0x000070000b37f2a0, R14=0x0000000000000000, R15=0x00007fff71861680
RIP=0x00007fff4723ff7c, EFLAGS=0x0000000000010202, ERR=0x0000000000000000
  TRAPNO=0x0000000000000006

Top of Stack: (sp=0x000070000b37f220)
0x000070000b37f220:   0000000000000000 300007fdbcf0b3f1
0x000070000b37f230:   000070000b37f290 00007fff471679e7
0x000070000b37f240:   000070000b37f2a0 00007fff71862a65
0x000070000b37f250:   00007fff4531dc85 0000000000000001
0x000070000b37f260:   4f1174596774005c 00007fdbcf097470
0x000070000b37f270:   0000000000000010 00000001078cd848
0x000070000b37f280:   0000000000000000 0000000000000008
0x000070000b37f290:   000070000b37f370 00007fff47167538
0x000070000b37f2a0:   300007fdbcf0b3f1 00007fff4531dc85
0x000070000b37f2b0:   00000000bcc10644 0000000000000000
0x000070000b37f2c0:   0000000000000000 00007fdbcf097640
0x000070000b37f2d0:   0000000000000000 300007fdbcf0b3f1
0x000070000b37f2e0:   41cdcd5f2de24600 0000000000000000
0x000070000b37f2f0:   7ff8000000000000 0000000000000000
0x000070000b37f300:   40f8000000000000 0000000000000000
0x000070000b37f310:   40f6ecfa2de688c1 0000000000000000
0x000070000b37f320:   0000000000000000 0000000000000000
0x000070000b37f330:   0000000000000000 0000000000000000
0x000070000b37f340:   0000000041200000 0000000000000000
0x000070000b37f350:   0000000000000000 0000000000000000
0x000070000b37f360:   0000000041200000 0000000000000000
0x000070000b37f370:   000070000b37f3a0 00000001273542e3
0x000070000b37f380:   00007fff71861680 0000000000000000
0x000070000b37f390:   00007fdbc9e3d150 00007fdbcc0e5630
0x000070000b37f3a0:   000070000b37f3d0 000000012735385b
0x000070000b37f3b0:   000000012a465c20 00007fdbc9e966f0
0x000070000b37f3c0:   000070000b37f450 00007fdbca842800
0x000070000b37f3d0:   000070000b37f3e0 000000012734627f
0x000070000b37f3e0:   000070000b37f410 000000012734700e
0x000070000b37f3f0:   0000000000000000 0000000000000000
0x000070000b37f400:   0000700000000000 00007fdbc9e966f0
0x000070000b37f410:   000070000b37f440 000000012734741a 

Instructions: (pc=0x00007fff4723ff7c)
0x00007fff4723ff5c:   8d 4c 0b 10 48 98 48 8d 15 67 f4 26 5b 48 8b 44
0x00007fff4723ff6c:   c2 f8 48 63 c9 48 8b 04 c8 48 83 c4 08 5b 5d c3
0x00007fff4723ff7c:   0f 0b 55 48 89 e5 5d e9 9c 2c ef ff 55 48 89 e5
0x00007fff4723ff8c:   53 48 83 ec 18 48 89 fb e8 b4 f6 e9 ff 48 83 f8 

Register to memory mapping:

RAX=0x0000000000000000 is an unknown value
RBX=0x00300007fdbcf0b3 is an unknown value
RCX=0x300007fdbcf0b3f1 is an unknown value
RDX=0x0000000000000007 is an unknown value
RSP=0x000070000b37f220 is pointing into the stack for thread: 0x00007fdbca842800
RBP=0x000070000b37f230 is pointing into the stack for thread: 0x00007fdbca842800
RSI=0x0000000000000000 is an unknown value
RDI=0x0300007fdbcf0b3f is an unknown value
R8 =0x0000000000000000 is an unknown value
R9 =0x00007fdbcf097640 is an unknown value
R10=0x0000000000000001 is an unknown value
R11=0x00007fff471674c0: _CF_forwarding_prep_0+0 in /System/Library/Frameworks/CoreFoundation.framework/Versions/A/CoreFoundation at 0x00007fff470d4000
R12=0x0000000000000000 is an unknown value
R13=0x000070000b37f2a0 is pointing into the stack for thread: 0x00007fdbca842800
R14=0x0000000000000000 is an unknown value
R15=0x00007fff71861680: objc_msgSend+0 in /usr/lib/libobjc.A.dylib at 0x00007fff7185b000


Stack: [0x000070000b280000,0x000070000b380000],  sp=0x000070000b37f220,  free space=1020k
Native frames: (J=compiled Java code, j=interpreted, Vv=VM code, C=native code)
C  [CoreFoundation+0x16bf7c]  getAtomTarget+0x6f
C  [CoreFoundation+0x939e7]  ___forwarding___+0x425
C  [CoreFoundation+0x93538]  _CF_forwarding_prep_0+0x78
C  [libopencv_java342.dylib+0xa512e3]  -[CaptureDelegate grabImageUntilDate:]+0x83
C  [libopencv_java342.dylib+0xa5085b]  CvCaptureCAM::grabFrame()+0x5b
C  [libopencv_java342.dylib+0xa4327f]  cvGrabFrame+0xf
C  [libopencv_java342.dylib+0xa4400e]  cv::VideoCapture::grab()+0x4e
C  [libopencv_java342.dylib+0xa4441a]  cv::VideoCapture::read(cv::_OutputArray const&)+0x2a
C  [libopencv_java342.dylib+0x83131]  Java_org_opencv_videoio_VideoCapture_read_10+0x31
j  org.opencv.videoio.VideoCapture.read_0(JJ)Z+0
j  org.opencv.videoio.VideoCapture.read(Lorg/opencv/core/Mat;)Z+8
j  objrecognition.ObjRecognitionController.grabFrame()Lorg/opencv/core/Mat;+23
j  objrecognition.ObjRecognitionController$1.run()V+4
J 2345 C1 java.util.concurrent.Executors$RunnableAdapter.call()Ljava/lang/Object; (14 bytes) @ 0x000000010e2d5654 [0x000000010e2d5540+0x114]
J 2399 C1 java.util.concurrent.FutureTask.runAndReset()Z (128 bytes) @ 0x000000010e3188ac [0x000000010e318640+0x26c]
j  java.util.concurrent.ScheduledThreadPoolExecutor$ScheduledFutureTask.access$301(Ljava/util/concurrent/ScheduledThreadPoolExecutor$ScheduledFutureTask;)Z+1
j  java.util.concurrent.ScheduledThreadPoolExecutor$ScheduledFutureTask.run()V+37
j  java.util.concurrent.ThreadPoolExecutor.runWorker(Ljava/util/concurrent/ThreadPoolExecutor$Worker;)V+95
j  java.util.concurrent.ThreadPoolExecutor$Worker.run()V+5
j  java.lang.Thread.run()V+11
v  ~StubRoutines::call_stub
V  [libjvm.dylib+0x2ee70a]  JavaCalls::call_helper(JavaValue*, methodHandle*, JavaCallArguments*, Thread*)+0x6ae
V  [libjvm.dylib+0x2eeeae]  JavaCalls::call_virtual(JavaValue*, KlassHandle, Symbol*, Symbol*, JavaCallArguments*, Thread*)+0x164
V  [libjvm.dylib+0x2ef05a]  JavaCalls::call_virtual(JavaValue*, Handle, KlassHandle, Symbol*, Symbol*, Thread*)+0x4a
V  [libjvm.dylib+0x3497b1]  thread_entry(JavaThread*, Thread*)+0x7c
V  [libjvm.dylib+0x56c0b3]  JavaThread::thread_main_inner()+0x9b
V  [libjvm.dylib+0x56d7a0]  JavaThread::run()+0x1c2
V  [libjvm.dylib+0x48baee]  java_start(Thread*)+0xf6
C  [libsystem_pthread.dylib+0x32eb]  _pthread_body+0x7e
C  [libsystem_pthread.dylib+0x6249]  _pthread_start+0x42
C  [libsystem_pthread.dylib+0x240d]  thread_start+0xd
C  0x0000000000000000

Java frames: (J=compiled Java code, j=interpreted, Vv=VM code)
j  org.opencv.videoio.VideoCapture.read_0(JJ)Z+0
j  org.opencv.videoio.VideoCapture.read(Lorg/opencv/core/Mat;)Z+8
j  objrecognition.ObjRecognitionController.grabFrame()Lorg/opencv/core/Mat;+23
j  objrecognition.ObjRecognitionController$1.run()V+4
J 2345 C1 java.util.concurrent.Executors$RunnableAdapter.call()Ljava/lang/Object; (14 bytes) @ 0x000000010e2d5654 [0x000000010e2d5540+0x114]
J 2399 C1 java.util.concurrent.FutureTask.runAndReset()Z (128 bytes) @ 0x000000010e3188ac [0x000000010e318640+0x26c]
j  java.util.concurrent.ScheduledThreadPoolExecutor$ScheduledFutureTask.access$301(Ljava/util/concurrent/ScheduledThreadPoolExecutor$ScheduledFutureTask;)Z+1
j  java.util.concurrent.ScheduledThreadPoolExecutor$ScheduledFutureTask.run()V+37
j  java.util.concurrent.ThreadPoolExecutor.runWorker(Ljava/util/concurrent/ThreadPoolExecutor$Worker;)V+95
j  java.util.concurrent.ThreadPoolExecutor$Worker.run()V+5
j  java.lang.Thread.run()V+11
v  ~StubRoutines::call_stub

---------------  P R O C E S S  ---------------

Java Threads: ( => current thread )
  0x00007fdbcd02d000 JavaThread "Java2D Disposer" daemon [_thread_blocked, id=96787, stack(0x000070000b509000,0x000070000b609000)]
  0x00007fdbcc9b4800 JavaThread "Java2D Queue Flusher" daemon [_thread_blocked, id=95751, stack(0x000070000b406000,0x000070000b506000)]
=>0x00007fdbca842800 JavaThread "pool-2-thread-1" [_thread_in_native, id=94479, stack(0x000070000b280000,0x000070000b380000)]
  0x00007fdbcd2e5000 JavaThread "Prism Font Disposer" daemon [_thread_blocked, id=73027, stack(0x000070000aeee000,0x000070000afee000)]
  0x00007fdbca8a8000 JavaThread "JavaFX-Launcher" [_thread_blocked, id=55051, stack(0x000070000adeb000,0x000070000aeeb000)]
  0x00007fdbcd0fc000 JavaThread "Thread-3" daemon [_thread_in_native, id=43523, stack(0x000070000ace5000,0x000070000ad65000)]
  0x00007fdbca88b000 JavaThread "JavaFX Application Thread" [_thread_in_native, id=775, stack(0x00007ffeebc00000,0x00007ffeec400000)]
  0x00007fdbcd0cf800 JavaThread "Thread-1" daemon [_thread_blocked, id=39427, stack(0x000070000a953000,0x000070000aa53000)]
  0x00007fdbca84b000 JavaThread "QuantumRenderer-0" daemon [_thread_blocked, id=21763, stack(0x000070000a850000,0x000070000a950000)]
  0x00007fdbcc83b000 JavaThread "Service Thread" daemon [_thread_blocked, id=17155, stack(0x000070000a64a000,0x000070000a74a000)]
  0x00007fdbcc828800 JavaThread "C1 CompilerThread3" daemon [_thread_blocked, id=16899, stack(0x000070000a547000,0x000070000a647000)]
  0x00007fdbca804800 JavaThread "C2 CompilerThread2" daemon [_thread_blocked, id=16643, stack(0x000070000a444000,0x000070000a544000)]
  0x00007fdbcc81f800 JavaThread "C2 CompilerThread1" daemon [_thread_blocked, id=16131, stack(0x000070000a341000,0x000070000a441000)]
  0x00007fdbcb86a000 JavaThread "C2 CompilerThread0" daemon [_thread_blocked, id=15619, stack(0x000070000a23e000,0x000070000a33e000)]
  0x00007fdbcb85a000 JavaThread "Signal Dispatcher" daemon [_thread_blocked, id=18691, stack(0x000070000a13b000,0x000070000a23b000)]
  0x00007fdbcc802000 JavaThread "Finalizer" daemon [_thread_blocked, id=13315, stack(0x000070000a038000,0x000070000a138000)]
  0x00007fdbcb854000 JavaThread "Reference Handler" daemon [_thread_blocked, id=19971, stack(0x0000700009f35000,0x000070000a035000)]
  0x00007fdbcb802000 JavaThread "main" [_thread_blocked, id=5891, stack(0x0000700009517000,0x0000700009617000)]

Other Threads:
  0x00007fdbcb84f000 VMThread [stack: 0x0000700009e32000,0x0000700009f32000] [id=12803]
  0x00007fdbcc83c000 WatcherThread [stack: 0x000070000a74d000,0x000070000a84d000] [id=17667]

VM state:not at safepoint (normal execution)

VM Mutex/Monitor currently owned by a thread: None

Heap:
 PSYoungGen      total 698368K, used 577156K [0x000000076ab00000, 0x000000079c300000, 0x00000007c0000000)
  eden space 637952K, 81% used [0x000000076ab00000,0x000000078a6fa338,0x0000000791a00000)
  from space 60416K, 94% used [0x0000000791a00000,0x00000007951a7070,0x0000000795500000)
  to   space 66560K, 0% used [0x0000000798200000,0x0000000798200000,0x000000079c300000)
 ParOldGen       total 244224K, used 40336K [0x00000006c0000000, 0x00000006cee80000, 0x000000076ab00000)
  object space 244224K, 16% used [0x00000006c0000000,0x00000006c27642f8,0x00000006cee80000)
 Metaspace       used 18975K, capacity 19690K, committed 19840K, reserved 1067008K
  class space    used 2461K, capacity 2650K, committed 2688K, reserved 1048576K

Card table byte_map: [0x0000000105d67000,0x0000000106568000] byte_map_base: 0x0000000102767000

Marking Bits: (ParMarkBitMap*) 0x00000001052f35d0
 Begin Bits: [0x000000011cbde000, 0x0000000120bde000)
 End Bits:   [0x0000000120bde000, 0x0000000124bde000)

Polling page: 0x000000010387c000

CodeCache: size=245760Kb used=7711Kb max_used=7725Kb free=238048Kb
 bounds [0x000000010dbde000, 0x000000010e36e000, 0x000000011cbde000]
 total_blobs=3428 nmethods=2519 adapters=821
 compilation: enabled

Compilation events (10 events):
Event: 21.849 Thread 0x00007fdbcb86a000 2520       4       com.sun.javafx.geom.transform.BaseTransform::almostZero (22 bytes)
Event: 21.849 Thread 0x00007fdbcc828800 nmethod 2514 0x000000010e362c10 code [0x000000010e362dc0, 0x000000010e363578]
Event: 21.849 Thread 0x00007fdbcc828800 2515       3       com.sun.prism.PresentableState::update (229 bytes)
Event: 21.849 Thread 0x00007fdbcb86a000 nmethod 2520 0x000000010e3643d0 code [0x000000010e364540, 0x000000010e3645f8]
Event: 21.850 Thread 0x00007fdbcc828800 nmethod 2515 0x000000010e364690 code [0x000000010e3649c0, 0x000000010e366448]
Event: 21.850 Thread 0x00007fdbcc828800 2516       3       com.sun.glass.ui.Window::getAlpha (8 bytes)
Event: 21.850 Thread 0x00007fdbcc828800 nmethod 2516 0x000000010e364050 code [0x000000010e3641c0, 0x000000010e364348]
Event: 21.850 Thread 0x00007fdbcc828800 2517       3       com.sun.glass.ui.View::getNativeView (16 bytes)
Event: 21.850 Thread 0x00007fdbcc828800 nmethod 2517 0x000000010e3639d0 code [0x000000010e363b60, 0x000000010e363f08]
Event: 21.862 Thread 0x00007fdbca804800 nmethod 2509 0x000000010e36a6d0 code [0x000000010e36a900, 0x000000010e36b510]

GC Heap History (10 events):
Event: 16.355 GC heap before
{Heap before GC invocations=22 (full 3):
 PSYoungGen      total 619008K, used 580626K [0x000000076ab00000, 0x0000000795380000, 0x00000007c0000000)
  eden space 555520K, 99% used [0x000000076ab00000,0x000000078c8076f0,0x000000078c980000)
  from space 63488K, 41% used [0x0000000791580000,0x0000000792f7d440,0x0000000795380000)
  to   space 70656K, 0% used [0x000000078c980000,0x000000078c980000,0x0000000790e80000)
 ParOldGen       total 244224K, used 40264K [0x00000006c0000000, 0x00000006cee80000, 0x000000076ab00000)
  object space 244224K, 16% used [0x00000006c0000000,0x00000006c27522f8,0x00000006cee80000)
 Metaspace       used 18846K, capacity 19498K, committed 19584K, reserved 1067008K
  class space    used 2461K, capacity 2650K, committed 2688K, reserved 1048576K
Event: 16.362 GC heap after
Heap after GC invocations=22 (full 3):
 PSYoungGen      total 626176K, used 30663K [0x000000076ab00000, 0x0000000797b00000, 0x00000007c0000000)
  eden space 555520K, 0% used [0x000000076ab00000,0x000000076ab00000,0x000000078c980000)
  from space 70656K, 43% used [0x000000078c980000,0x000000078e771c60,0x0000000790e80000)
  to   space 68096K, 0% used [0x0000000793880000,0x0000000793880000,0x0000000797b00000)
 ParOldGen       total 244224K, used 40272K [0x00000006c0000000, 0x00000006cee80000, 0x000000076ab00000)
  object space 244224K, 16% used [0x00000006c0000000,0x00000006c27542f8,0x00000006cee80000)
 Metaspace       used 18846K, capacity 19498K, committed 19584K, reserved 1067008K
  class space    used 2461K, capacity 2650K, committed 2688K, reserved 1048576K
}
Event: 17.285 GC heap before
{Heap before GC invocations=23 (full 3):
 PSYoungGen      total 626176K, used 582571K [0x000000076ab00000, 0x0000000797b00000, 0x00000007c0000000)
  eden space 555520K, 99% used [0x000000076ab00000,0x000000078c5f90d0,0x000000078c980000)
  from space 70656K, 43% used [0x000000078c980000,0x000000078e771c60,0x0000000790e80000)
  to   space 68096K, 0% used [0x0000000793880000,0x0000000793880000,0x0000000797b00000)
 ParOldGen       total 244224K, used 40272K [0x00000006c0000000, 0x00000006cee80000, 0x000000076ab00000)
  object space 244224K, 16% used [0x00000006c0000000,0x00000006c27542f8,0x00000006cee80000)
 Metaspace       used 18846K, capacity 19498K, committed 19584K, reserved 1067008K
  class space    used 2461K, capacity 2650K, committed 2688K, reserved 1048576K
Event: 17.294 GC heap after
Heap after GC invocations=23 (full 3):
 PSYoungGen      total 658944K, used 30663K [0x000000076ab00000, 0x0000000797380000, 0x00000007c0000000)
  eden space 598528K, 0% used [0x000000076ab00000,0x000000076ab00000,0x000000078f380000)
  from space 60416K, 50% used [0x0000000793880000,0x0000000795671c60,0x0000000797380000)
  to   space 65536K, 0% used [0x000000078f380000,0x000000078f380000,0x0000000793380000)
 ParOldGen       total 244224K, used 40280K [0x00000006c0000000, 0x00000006cee80000, 0x000000076ab00000)
  object space 244224K, 16% used [0x00000006c0000000,0x00000006c27562f8,0x00000006cee80000)
 Metaspace       used 18846K, capacity 19498K, committed 19584K, reserved 1067008K
  class space    used 2461K, capacity 2650K, committed 2688K, reserved 1048576K
}
Event: 18.230 GC heap before
{Heap before GC invocations=24 (full 3):
 PSYoungGen      total 658944K, used 625944K [0x000000076ab00000, 0x0000000797380000, 0x00000007c0000000)
  eden space 598528K, 99% used [0x000000076ab00000,0x000000078f054628,0x000000078f380000)
  from space 60416K, 50% used [0x0000000793880000,0x0000000795671c60,0x0000000797380000)
  to   space 65536K, 0% used [0x000000078f380000,0x000000078f380000,0x0000000793380000)
 ParOldGen       total 244224K, used 40280K [0x00000006c0000000, 0x00000006cee80000, 0x000000076ab00000)
  object space 244224K, 16% used [0x00000006c0000000,0x00000006c27562f8,0x00000006cee80000)
 Metaspace       used 18863K, capacity 19562K, committed 19840K, reserved 1067008K
  class space    used 2461K, capacity 2650K, committed 2688K, reserved 1048576K
Event: 18.234 GC heap after
Heap after GC invocations=24 (full 3):
 PSYoungGen      total 664064K, used 30663K [0x000000076ab00000, 0x0000000799680000, 0x00000007c0000000)
  eden space 598528K, 0% used [0x000000076ab00000,0x000000076ab00000,0x000000078f380000)
  from space 65536K, 46% used [0x000000078f380000,0x0000000791171c40,0x0000000793380000)
  to   space 63488K, 0% used [0x0000000795880000,0x0000000795880000,0x0000000799680000)
 ParOldGen       total 244224K, used 40288K [0x00000006c0000000, 0x00000006cee80000, 0x000000076ab00000)
  object space 244224K, 16% used [0x00000006c0000000,0x00000006c27582f8,0x00000006cee80000)
 Metaspace       used 18863K, capacity 19562K, committed 19840K, reserved 1067008K
  class space    used 2461K, capacity 2650K, committed 2688K, reserved 1048576K
}
Event: 19.208 GC heap before
{Heap before GC invocations=25 (full 3):
 PSYoungGen      total 664064K, used 627941K [0x000000076ab00000, 0x0000000799680000, 0x00000007c0000000)
  eden space 598528K, 99% used [0x000000076ab00000,0x000000078f247b68,0x000000078f380000)
  from space 65536K, 46% used [0x000000078f380000,0x0000000791171c40,0x0000000793380000)
  to   space 63488K, 0% used [0x0000000795880000,0x0000000795880000,0x0000000799680000)
 ParOldGen       total 244224K, used 40288K [0x00000006c0000000, 0x00000006cee80000, 0x000000076ab00000)
  object space 244224K, 16% used [0x00000006c0000000,0x00000006c27582f8,0x00000006cee80000)
 Metaspace       used 18893K, capacity 19626K, committed 19840K, reserved 1067008K
  class space    used 2461K, capacity 2650K, committed 2688K, reserved 1048576K
Event: 19.219 GC heap after
Heap after GC invocations=25 (full 3):
 PSYoungGen      total 694784K, used 34713K [0x000000076ab00000, 0x0000000799000000, 0x00000007c0000000)
  eden space 637952K, 0% used [0x000000076ab00000,0x000000076ab00000,0x0000000791a00000)
  from space 56832K, 61% used [0x0000000795880000,0x0000000797a66450,0x0000000799000000)
  to   space 60416K, 0% used [0x0000000791a00000,0x0000000791a00000,0x0000000795500000)
 ParOldGen       total 244224K, used 40296K [0x00000006c0000000, 0x00000006cee80000, 0x000000076ab00000)
  object space 244224K, 16% used [0x00000006c0000000,0x00000006c275a2f8,0x00000006cee80000)
 Metaspace       used 18893K, capacity 19626K, committed 19840K, reserved 1067008K
  class space    used 2461K, capacity 2650K, committed 2688K, reserved 1048576K
}
Event: 20.206 GC heap before
{Heap before GC invocations=26 (full 3):
 PSYoungGen      total 694784K, used 665164K [0x000000076ab00000, 0x0000000799000000, 0x00000007c0000000)
  eden space 637952K, 98% used [0x000000076ab00000,0x00000007912acdc8,0x0000000791a00000)
  from space 56832K, 61% used [0x0000000795880000,0x0000000797a66450,0x0000000799000000)
  to   space 60416K, 0% used [0x0000000791a00000,0x0000000791a00000,0x0000000795500000)
 ParOldGen       total 244224K, used 40296K [0x00000006c0000000, 0x00000006cee80000, 0x000000076ab00000)
  object space 244224K, 16% used [0x00000006c0000000,0x00000006c275a2f8,0x00000006cee80000)
 Metaspace       used 18897K, capacity 19626K, committed 19840K, reserved 1067008K
  class space    used 2461K, capacity 2650K, committed 2688K, reserved 1048576K
Event: 20.214 GC heap after
Heap after GC invocations=26 (full 3):
 PSYoungGen      total 698368K, used 56988K [0x000000076ab00000, 0x000000079c300000, 0x00000007c0000000)
  eden space 637952K, 0% used [0x000000076ab00000,0x000000076ab00000,0x0000000791a00000)
  from space 60416K, 94% used [0x0000000791a00000,0x00000007951a7070,0x0000000795500000)
  to   space 66560K, 0% used [0x0000000798200000,0x0000000798200000,0x000000079c300000)
 ParOldGen       total 244224K, used 40336K [0x00000006c0000000, 0x00000006cee80000, 0x000000076ab00000)
  object space 244224K, 16% used [0x00000006c0000000,0x00000006c27642f8,0x00000006cee80000)
 Metaspace       used 18897K, capacity 19626K, committed 19840K, reserved 1067008K
  class space    used 2461K, capacity 2650K, committed 2688K, reserved 1048576K
}

Deoptimization events (10 events):
Event: 1.405 Thread 0x00007fdbca88b000 Uncommon trap: reason=class_check action=maybe_recompile pc=0x000000010dcf825c method=java.lang.String.equals(Ljava/lang/Object;)Z @ 8
Event: 6.254 Thread 0x00007fdbca88b000 Uncommon trap: reason=unstable_if action=reinterpret pc=0x000000010df69f3c method=jdk.internal.org.objectweb.asm.Type.getArgumentsAndReturnSizes(Ljava/lang/String;)I @ 47
Event: 6.362 Thread 0x00007fdbca842800 Uncommon trap: reason=unstable_if action=reinterpret pc=0x000000010e0b09c4 method=com.sun.javafx.image.impl.IntTo4ByteSameConverter.doConvert([III[BIIII)V @ 29
Event: 7.421 Thread 0x00007fdbcc802000 Uncommon trap: reason=unstable_if action=reinterpret pc=0x000000010e0d954c method=java.util.WeakHashMap.expungeStaleEntries()V @ 9
Event: 21.044 Thread 0x00007fdbca88b000 Uncommon trap: reason=unstable_if action=reinterpret pc=0x000000010e3440e4 method=java.util.concurrent.locks.ReentrantLock$Sync.tryRelease(I)Z @ 28
Event: 21.437 Thread 0x00007fdbca88b000 Uncommon trap: reason=unstable_if action=reinterpret pc=0x000000010e1b0d68 method=javafx.scene.Node.updateBounds()V @ 116
Event: 21.437 Thread 0x00007fdbca88b000 Uncommon trap: reason=unstable_if action=reinterpret pc=0x000000010e1fbdd8 method=javafx.scene.Node.updateBounds()V @ 116
Event: 21.438 Thread 0x00007fdbca88b000 Uncommon trap: reason=unstable_if action=reinterpret pc=0x000000010e1fbdd8 method=javafx.scene.Node.updateBounds()V @ 116
Event: 21.438 Thread 0x00007fdbca88b000 Uncommon trap: reason=unstable_if action=reinterpret pc=0x000000010e1fbdd8 method=javafx.scene.Node.updateBounds()V @ 116
Event: 21.438 Thread 0x00007fdbca84b000 Uncommon trap: reason=unstable_if action=reinterpret pc=0x000000010e2bf43c method=com.sun.javafx.geom.transform.AffineBase.updateState2D()V @ 51

Internal exceptions (10 events):
Event: 0.931 Thread 0x00007fdbca88b000 Implicit null exception at 0x000000010de02089 to 0x000000010de0218d
Event: 0.965 Thread 0x00007fdbca88b000 Exception <a 'java/lang/NullPointerException'> (0x000000076bc2daa0) thrown at [/Users/java_re/workspace/8-2-build-macosx-x86_64/jdk8u144/9417/hotspot/src/share/vm/interpreter/linkResolver.cpp, line 1197]
Event: 0.965 Thread 0x00007fdbca88b000 Exception <a 'java/lang/NullPointerException'> (0x000000076bc2daa0) thrown at [/Users/java_re/workspace/8-2-build-macosx-x86_64/jdk8u144/9417/hotspot/src/share/vm/prims/jvm.cpp, line 1394]
Event: 1.044 Thread 0x00007fdbca88b000 Exception <a 'java/lang/ArrayIndexOutOfBoundsException'> (0x000000076c14c860) thrown at [/Users/java_re/workspace/8-2-build-macosx-x86_64/jdk8u144/9417/hotspot/src/share/vm/runtime/sharedRuntime.cpp, line 605]
Event: 1.045 Thread 0x00007fdbca88b000 Exception <a 'java/lang/ArrayIndexOutOfBoundsException'> (0x000000076c14d378) thrown at [/Users/java_re/workspace/8-2-build-macosx-x86_64/jdk8u144/9417/hotspot/src/share/vm/runtime/sharedRuntime.cpp, line 605]
Event: 1.045 Thread 0x00007fdbca88b000 Exception <a 'java/lang/ArrayIndexOutOfBoundsException'> (0x000000076c14e720) thrown at [/Users/java_re/workspace/8-2-build-macosx-x86_64/jdk8u144/9417/hotspot/src/share/vm/runtime/sharedRuntime.cpp, line 605]
Event: 1.094 Thread 0x00007fdbca88b000 Implicit null exception at 0x000000010def5835 to 0x000000010def5a71
Event: 1.175 Thread 0x00007fdbca88b000 Exception <a 'java/io/FileNotFoundException'> (0x000000076c7a55e8) thrown at [/Users/java_re/workspace/8-2-build-macosx-x86_64/jdk8u144/9417/hotspot/src/share/vm/prims/jni.cpp, line 709]
Event: 6.296 Thread 0x00007fdbca842800 Exception <a 'java/io/FileNotFoundException'> (0x000000076d3cead8) thrown at [/Users/java_re/workspace/8-2-build-macosx-x86_64/jdk8u144/9417/hotspot/src/share/vm/prims/jni.cpp, line 709]
Event: 6.296 Thread 0x00007fdbca842800 Exception <a 'java/io/FileNotFoundException'> (0x000000076d3cf630) thrown at [/Users/java_re/workspace/8-2-build-macosx-x86_64/jdk8u144/9417/hotspot/src/share/vm/prims/jni.cpp, line 709]

Events (10 events):
Event: 21.437 Thread 0x00007fdbca88b000 DEOPT UNPACKING pc=0x000000010dbe3229 sp=0x00007ffeec3fa820 mode 2
Event: 21.438 Thread 0x00007fdbca88b000 Uncommon trap: trap_request=0xffffff65 fr.pc=0x000000010e1fbdd8
Event: 21.438 Thread 0x00007fdbca88b000 DEOPT PACKING pc=0x000000010e1fbdd8 sp=0x00007ffeec3fa900
Event: 21.438 Thread 0x00007fdbca88b000 DEOPT UNPACKING pc=0x000000010dbe3229 sp=0x00007ffeec3fa870 mode 2
Event: 21.438 Thread 0x00007fdbca88b000 Uncommon trap: trap_request=0xffffff65 fr.pc=0x000000010e1fbdd8
Event: 21.438 Thread 0x00007fdbca88b000 DEOPT PACKING pc=0x000000010e1fbdd8 sp=0x00007ffeec3fa950
Event: 21.438 Thread 0x00007fdbca88b000 DEOPT UNPACKING pc=0x000000010dbe3229 sp=0x00007ffeec3fa8c8 mode 2
Event: 21.438 Thread 0x00007fdbca84b000 Uncommon trap: trap_request=0xffffff65 fr.pc=0x000000010e2bf43c
Event: 21.438 Thread 0x00007fdbca84b000 DEOPT PACKING pc=0x000000010e2bf43c sp=0x000070000a94ec80
Event: 21.438 Thread 0x00007fdbca84b000 DEOPT UNPACKING pc=0x000000010dbe3229 sp=0x000070000a94eb90 mode 2


Dynamic libraries:
0x000000001b813000 	/System/Library/Frameworks/Cocoa.framework/Versions/A/Cocoa
0x000000001b813000 	/System/Library/Frameworks/Security.framework/Versions/A/Security
0x000000001b813000 	/System/Library/Frameworks/ApplicationServices.framework/Versions/A/ApplicationServices
0x000000001b813000 	/usr/lib/libz.1.dylib
0x000000001b813000 	/usr/lib/libSystem.B.dylib
0x000000001b813000 	/usr/lib/libobjc.A.dylib
0x000000001b813000 	/System/Library/Frameworks/CoreFoundation.framework/Versions/A/CoreFoundation
0x000000001b813000 	/System/Library/Frameworks/Foundation.framework/Versions/C/Foundation
0x000000001b813000 	/System/Library/Frameworks/AppKit.framework/Versions/C/AppKit
0x000000001b813000 	/System/Library/Frameworks/CoreData.framework/Versions/A/CoreData
0x000000001b813000 	/System/Library/PrivateFrameworks/RemoteViewServices.framework/Versions/A/RemoteViewServices
0x000000001b813000 	/System/Library/PrivateFrameworks/UIFoundation.framework/Versions/A/UIFoundation
0x000000001b813000 	/System/Library/PrivateFrameworks/XCTTargetBootstrap.framework/Versions/A/XCTTargetBootstrap
0x000000001b813000 	/System/Library/Frameworks/CoreDisplay.framework/Versions/A/CoreDisplay
0x000000001b813000 	/System/Library/PrivateFrameworks/IconServices.framework/Versions/A/IconServices
0x000000001b813000 	/System/Library/Frameworks/Metal.framework/Versions/A/Metal
0x000000001b813000 	/System/Library/PrivateFrameworks/DesktopServicesPriv.framework/Versions/A/DesktopServicesPriv
0x000000001b813000 	/usr/lib/libenergytrace.dylib
0x000000001b813000 	/System/Library/PrivateFrameworks/SkyLight.framework/Versions/A/SkyLight
0x000000001b813000 	/System/Library/Frameworks/CoreGraphics.framework/Versions/A/CoreGraphics
0x000000001b813000 	/System/Library/Frameworks/Accelerate.framework/Versions/A/Accelerate
0x000000001b813000 	/System/Library/Frameworks/IOSurface.framework/Versions/A/IOSurface
0x000000001b813000 	/System/Library/PrivateFrameworks/DFRFoundation.framework/Versions/A/DFRFoundation
0x000000001b813000 	/System/Library/Frameworks/AudioToolbox.framework/Versions/A/AudioToolbox
0x000000001b813000 	/System/Library/Frameworks/AudioUnit.framework/Versions/A/AudioUnit
0x000000001b813000 	/System/Library/PrivateFrameworks/DataDetectorsCore.framework/Versions/A/DataDetectorsCore
0x000000001b813000 	/System/Library/Frameworks/Carbon.framework/Versions/A/Frameworks/HIToolbox.framework/Versions/A/HIToolbox
0x000000001b813000 	/usr/lib/libicucore.A.dylib
0x000000001b813000 	/System/Library/Frameworks/QuartzCore.framework/Versions/A/QuartzCore
0x000000001b813000 	/System/Library/Frameworks/Carbon.framework/Versions/A/Frameworks/SpeechRecognition.framework/Versions/A/SpeechRecognition
0x000000001b813000 	/usr/lib/libauto.dylib
0x000000001b813000 	/usr/lib/libxml2.2.dylib
0x000000001b813000 	/System/Library/PrivateFrameworks/CoreUI.framework/Versions/A/CoreUI
0x000000001b813000 	/System/Library/Frameworks/CoreAudio.framework/Versions/A/CoreAudio
0x000000001b813000 	/System/Library/Frameworks/DiskArbitration.framework/Versions/A/DiskArbitration
0x000000001b813000 	/usr/lib/liblangid.dylib
0x000000001b813000 	/System/Library/PrivateFrameworks/MultitouchSupport.framework/Versions/A/MultitouchSupport
0x000000001b813000 	/System/Library/Frameworks/IOKit.framework/Versions/A/IOKit
0x000000001b813000 	/usr/lib/libDiagnosticMessagesClient.dylib
0x000000001b813000 	/System/Library/Frameworks/CoreServices.framework/Versions/A/CoreServices
0x000000001b813000 	/System/Library/PrivateFrameworks/PerformanceAnalysis.framework/Versions/A/PerformanceAnalysis
0x000000001b813000 	/System/Library/Frameworks/OpenGL.framework/Versions/A/OpenGL
0x000000001b813000 	/System/Library/Frameworks/ColorSync.framework/Versions/A/ColorSync
0x000000001b813000 	/System/Library/Frameworks/CoreImage.framework/Versions/A/CoreImage
0x000000001b813000 	/System/Library/Frameworks/CoreText.framework/Versions/A/CoreText
0x000000001b813000 	/System/Library/Frameworks/ImageIO.framework/Versions/A/ImageIO
0x000000001b813000 	/System/Library/PrivateFrameworks/Backup.framework/Versions/A/Backup
0x000000001b813000 	/usr/lib/libarchive.2.dylib
0x000000001b813000 	/System/Library/Frameworks/CFNetwork.framework/Versions/A/CFNetwork
0x000000001b813000 	/System/Library/Frameworks/SystemConfiguration.framework/Versions/A/SystemConfiguration
0x000000001b813000 	/usr/lib/libCRFSuite.dylib
0x000000001b813000 	/usr/lib/libc++.1.dylib
0x000000001b813000 	/usr/lib/libc++abi.dylib
0x000000001b813000 	/usr/lib/system/libcache.dylib
0x000000001b813000 	/usr/lib/system/libcommonCrypto.dylib
0x000000001b813000 	/usr/lib/system/libcompiler_rt.dylib
0x000000001b813000 	/usr/lib/system/libcopyfile.dylib
0x000000001b813000 	/usr/lib/system/libcorecrypto.dylib
0x000000001b813000 	/usr/lib/system/libdispatch.dylib
0x000000001b813000 	/usr/lib/system/libdyld.dylib
0x000000001b813000 	/usr/lib/system/libkeymgr.dylib
0x000000001b813000 	/usr/lib/system/liblaunch.dylib
0x000000001b813000 	/usr/lib/system/libmacho.dylib
0x000000001b813000 	/usr/lib/system/libquarantine.dylib
0x000000001b813000 	/usr/lib/system/libremovefile.dylib
0x000000001b813000 	/usr/lib/system/libsystem_asl.dylib
0x000000001b813000 	/usr/lib/system/libsystem_blocks.dylib
0x000000001b813000 	/usr/lib/system/libsystem_c.dylib
0x000000001b813000 	/usr/lib/system/libsystem_configuration.dylib
0x000000001b813000 	/usr/lib/system/libsystem_coreservices.dylib
0x000000001b813000 	/usr/lib/system/libsystem_darwin.dylib
0x000000001b813000 	/usr/lib/system/libsystem_dnssd.dylib
0x000000001b813000 	/usr/lib/system/libsystem_info.dylib
0x000000001b813000 	/usr/lib/system/libsystem_m.dylib
0x000000001b813000 	/usr/lib/system/libsystem_malloc.dylib
0x000000001b813000 	/usr/lib/system/libsystem_networkextension.dylib
0x000000001b813000 	/usr/lib/system/libsystem_notify.dylib
0x000000001b813000 	/usr/lib/system/libsystem_sandbox.dylib
0x000000001b813000 	/usr/lib/system/libsystem_secinit.dylib
0x000000001b813000 	/usr/lib/system/libsystem_kernel.dylib
0x000000001b813000 	/usr/lib/system/libsystem_platform.dylib
0x000000001b813000 	/usr/lib/system/libsystem_pthread.dylib
0x000000001b813000 	/usr/lib/system/libsystem_symptoms.dylib
0x000000001b813000 	/usr/lib/system/libsystem_trace.dylib
0x000000001b813000 	/usr/lib/system/libunwind.dylib
0x000000001b813000 	/usr/lib/system/libxpc.dylib
0x000000001b813000 	/usr/lib/libbsm.0.dylib
0x000000001b813000 	/usr/lib/system/libkxld.dylib
0x000000001b813000 	/System/Library/PrivateFrameworks/AppleFSCompression.framework/Versions/A/AppleFSCompression
0x000000001b813000 	/usr/lib/libOpenScriptingUtil.dylib
0x000000001b813000 	/usr/lib/libcoretls.dylib
0x000000001b813000 	/usr/lib/libcoretls_cfhelpers.dylib
0x000000001b813000 	/usr/lib/libpam.2.dylib
0x000000001b813000 	/usr/lib/libsqlite3.dylib
0x000000001b813000 	/usr/lib/libxar.1.dylib
0x000000001b813000 	/usr/lib/libbz2.1.0.dylib
0x000000001b813000 	/usr/lib/liblzma.5.dylib
0x000000001b813000 	/usr/lib/libnetwork.dylib
0x000000001b813000 	/usr/lib/libapple_nghttp2.dylib
0x000000001b813000 	/usr/lib/libpcap.A.dylib
0x000000001b813000 	/System/Library/Frameworks/CoreServices.framework/Versions/A/Frameworks/FSEvents.framework/Versions/A/FSEvents
0x000000001b813000 	/System/Library/Frameworks/CoreServices.framework/Versions/A/Frameworks/CarbonCore.framework/Versions/A/CarbonCore
0x000000001b813000 	/System/Library/Frameworks/CoreServices.framework/Versions/A/Frameworks/Metadata.framework/Versions/A/Metadata
0x000000001b813000 	/System/Library/Frameworks/CoreServices.framework/Versions/A/Frameworks/OSServices.framework/Versions/A/OSServices
0x000000001b813000 	/System/Library/Frameworks/CoreServices.framework/Versions/A/Frameworks/SearchKit.framework/Versions/A/SearchKit
0x000000001b813000 	/System/Library/Frameworks/CoreServices.framework/Versions/A/Frameworks/AE.framework/Versions/A/AE
0x000000001b813000 	/System/Library/Frameworks/CoreServices.framework/Versions/A/Frameworks/LaunchServices.framework/Versions/A/LaunchServices
0x000000001b813000 	/System/Library/Frameworks/CoreServices.framework/Versions/A/Frameworks/DictionaryServices.framework/Versions/A/DictionaryServices
0x000000001b813000 	/System/Library/Frameworks/CoreServices.framework/Versions/A/Frameworks/SharedFileList.framework/Versions/A/SharedFileList
0x000000001b813000 	/System/Library/Frameworks/NetFS.framework/Versions/A/NetFS
0x000000001b813000 	/System/Library/PrivateFrameworks/NetAuth.framework/Versions/A/NetAuth
0x000000001b813000 	/System/Library/PrivateFrameworks/login.framework/Versions/A/Frameworks/loginsupport.framework/Versions/A/loginsupport
0x000000001b813000 	/System/Library/PrivateFrameworks/TCC.framework/Versions/A/TCC
0x000000001b813000 	/System/Library/PrivateFrameworks/CoreNLP.framework/Versions/A/CoreNLP
0x000000001b813000 	/System/Library/PrivateFrameworks/MetadataUtilities.framework/Versions/A/MetadataUtilities
0x000000001b813000 	/usr/lib/libmecabra.dylib
0x000000001b813000 	/System/Library/Frameworks/ApplicationServices.framework/Versions/A/Frameworks/ATS.framework/Versions/A/ATS
0x000000001b813000 	/System/Library/Frameworks/ApplicationServices.framework/Versions/A/Frameworks/ColorSyncLegacy.framework/Versions/A/ColorSyncLegacy
0x000000001b813000 	/System/Library/Frameworks/ApplicationServices.framework/Versions/A/Frameworks/HIServices.framework/Versions/A/HIServices
0x000000001b813000 	/System/Library/Frameworks/ApplicationServices.framework/Versions/A/Frameworks/LangAnalysis.framework/Versions/A/LangAnalysis
0x000000001b813000 	/System/Library/Frameworks/ApplicationServices.framework/Versions/A/Frameworks/PrintCore.framework/Versions/A/PrintCore
0x000000001b813000 	/System/Library/Frameworks/ApplicationServices.framework/Versions/A/Frameworks/QD.framework/Versions/A/QD
0x000000001b813000 	/System/Library/Frameworks/ApplicationServices.framework/Versions/A/Frameworks/SpeechSynthesis.framework/Versions/A/SpeechSynthesis
0x000000001b813000 	/usr/lib/libcompression.dylib
0x000000001b813000 	/System/Library/Frameworks/MetalPerformanceShaders.framework/Versions/A/MetalPerformanceShaders
0x000000001b813000 	/System/Library/Frameworks/Accelerate.framework/Versions/A/Frameworks/vImage.framework/Versions/A/vImage
0x000000001b813000 	/System/Library/Frameworks/Accelerate.framework/Versions/A/Frameworks/vecLib.framework/Versions/A/vecLib
0x000000001b813000 	/System/Library/Frameworks/Accelerate.framework/Versions/A/Frameworks/vecLib.framework/Versions/A/libvMisc.dylib
0x000000001b813000 	/System/Library/Frameworks/Accelerate.framework/Versions/A/Frameworks/vecLib.framework/Versions/A/libvDSP.dylib
0x000000001b813000 	/System/Library/Frameworks/Accelerate.framework/Versions/A/Frameworks/vecLib.framework/Versions/A/libBLAS.dylib
0x000000001b813000 	/System/Library/Frameworks/Accelerate.framework/Versions/A/Frameworks/vecLib.framework/Versions/A/libLAPACK.dylib
0x000000001b813000 	/System/Library/Frameworks/Accelerate.framework/Versions/A/Frameworks/vecLib.framework/Versions/A/libLinearAlgebra.dylib
0x000000001b813000 	/System/Library/Frameworks/Accelerate.framework/Versions/A/Frameworks/vecLib.framework/Versions/A/libSparseBLAS.dylib
0x000000001b813000 	/System/Library/Frameworks/Accelerate.framework/Versions/A/Frameworks/vecLib.framework/Versions/A/libQuadrature.dylib
0x000000001b813000 	/System/Library/Frameworks/Accelerate.framework/Versions/A/Frameworks/vecLib.framework/Versions/A/libBNNS.dylib
0x000000001b813000 	/System/Library/Frameworks/Accelerate.framework/Versions/A/Frameworks/vecLib.framework/Versions/A/libSparse.dylib
0x000000001b813000 	/System/Library/PrivateFrameworks/GPUWrangler.framework/Versions/A/GPUWrangler
0x000000001b813000 	/System/Library/PrivateFrameworks/IOAccelerator.framework/Versions/A/IOAccelerator
0x000000001b813000 	/System/Library/PrivateFrameworks/IOPresentment.framework/Versions/A/IOPresentment
0x000000001b813000 	/System/Library/PrivateFrameworks/DSExternalDisplay.framework/Versions/A/DSExternalDisplay
0x000000001b813000 	/System/Library/Frameworks/OpenGL.framework/Versions/A/Libraries/libCoreFSCache.dylib
0x000000001b813000 	/System/Library/Frameworks/MetalPerformanceShaders.framework/Frameworks/MPSCore.framework/Versions/A/MPSCore
0x000000001b813000 	/System/Library/Frameworks/MetalPerformanceShaders.framework/Frameworks/MPSImage.framework/Versions/A/MPSImage
0x000000001b813000 	/System/Library/Frameworks/MetalPerformanceShaders.framework/Frameworks/MPSNeuralNetwork.framework/Versions/A/MPSNeuralNetwork
0x000000001b813000 	/System/Library/Frameworks/MetalPerformanceShaders.framework/Frameworks/MPSMatrix.framework/Versions/A/MPSMatrix
0x000000001b813000 	/System/Library/Frameworks/MetalPerformanceShaders.framework/Frameworks/MPSRayIntersector.framework/Versions/A/MPSRayIntersector
0x000000001b813000 	/System/Library/PrivateFrameworks/MetalTools.framework/Versions/A/MetalTools
0x000000001b813000 	/System/Library/PrivateFrameworks/AggregateDictionary.framework/Versions/A/AggregateDictionary
0x000000001b813000 	/usr/lib/libMobileGestalt.dylib
0x000000001b813000 	/System/Library/Frameworks/CoreVideo.framework/Versions/A/CoreVideo
0x000000001b813000 	/System/Library/PrivateFrameworks/GraphVisualizer.framework/Versions/A/GraphVisualizer
0x000000001b813000 	/System/Library/PrivateFrameworks/FaceCore.framework/Versions/A/FaceCore
0x000000001b813000 	/System/Library/Frameworks/OpenCL.framework/Versions/A/OpenCL
0x000000001b813000 	/usr/lib/libFosl_dynamic.dylib
0x000000001b813000 	/System/Library/PrivateFrameworks/OTSVG.framework/Versions/A/OTSVG
0x000000001b813000 	/System/Library/Frameworks/ApplicationServices.framework/Versions/A/Frameworks/ATS.framework/Versions/A/Resources/libFontParser.dylib
0x000000001b813000 	/System/Library/Frameworks/ApplicationServices.framework/Versions/A/Frameworks/ATS.framework/Versions/A/Resources/libFontRegistry.dylib
0x000000001b813000 	/System/Library/Frameworks/ImageIO.framework/Versions/A/Resources/libJPEG.dylib
0x000000001b813000 	/System/Library/Frameworks/ImageIO.framework/Versions/A/Resources/libTIFF.dylib
0x000000001b813000 	/System/Library/Frameworks/ImageIO.framework/Versions/A/Resources/libPng.dylib
0x000000001b813000 	/System/Library/Frameworks/ImageIO.framework/Versions/A/Resources/libGIF.dylib
0x000000001b813000 	/System/Library/Frameworks/ImageIO.framework/Versions/A/Resources/libJP2.dylib
0x000000001b813000 	/System/Library/Frameworks/ImageIO.framework/Versions/A/Resources/libRadiance.dylib
0x000000001b813000 	/System/Library/PrivateFrameworks/AppleJPEG.framework/Versions/A/AppleJPEG
0x000000001b813000 	/System/Library/Frameworks/OpenGL.framework/Versions/A/Libraries/libGFXShared.dylib
0x000000001b813000 	/System/Library/Frameworks/OpenGL.framework/Versions/A/Libraries/libGLU.dylib
0x000000001b813000 	/System/Library/Frameworks/OpenGL.framework/Versions/A/Libraries/libGL.dylib
0x000000001b813000 	/System/Library/Frameworks/OpenGL.framework/Versions/A/Libraries/libGLImage.dylib
0x000000001b813000 	/System/Library/Frameworks/OpenGL.framework/Versions/A/Libraries/libCVMSPluginSupport.dylib
0x000000001b813000 	/System/Library/Frameworks/OpenGL.framework/Versions/A/Libraries/libCoreVMClient.dylib
0x000000001b813000 	/usr/lib/libcups.2.dylib
0x000000001b813000 	/System/Library/Frameworks/Kerberos.framework/Versions/A/Kerberos
0x000000001b813000 	/System/Library/Frameworks/GSS.framework/Versions/A/GSS
0x000000001b813000 	/usr/lib/libresolv.9.dylib
0x000000001b813000 	/usr/lib/libiconv.2.dylib
0x000000001b813000 	/System/Library/PrivateFrameworks/Heimdal.framework/Versions/A/Heimdal
0x000000001b813000 	/usr/lib/libheimdal-asn1.dylib
0x000000001b813000 	/System/Library/Frameworks/OpenDirectory.framework/Versions/A/OpenDirectory
0x000000001b813000 	/System/Library/PrivateFrameworks/CommonAuth.framework/Versions/A/CommonAuth
0x000000001b813000 	/System/Library/Frameworks/OpenDirectory.framework/Versions/A/Frameworks/CFOpenDirectory.framework/Versions/A/CFOpenDirectory
0x000000001b813000 	/System/Library/Frameworks/SecurityFoundation.framework/Versions/A/SecurityFoundation
0x000000001b813000 	/System/Library/PrivateFrameworks/APFS.framework/Versions/A/APFS
0x000000001b813000 	/usr/lib/libutil.dylib
0x000000001b813000 	/usr/lib/libcharset.1.dylib
0x000000001b813000 	/System/Library/PrivateFrameworks/AppleSauce.framework/Versions/A/AppleSauce
0x000000001b813000 	/System/Library/PrivateFrameworks/AssertionServices.framework/Versions/A/AssertionServices
0x000000001b813000 	/System/Library/PrivateFrameworks/BaseBoard.framework/Versions/A/BaseBoard
0x000000001b813000 	/usr/lib/libmecab.1.0.0.dylib
0x000000001b813000 	/usr/lib/libgermantok.dylib
0x000000001b813000 	/usr/lib/libThaiTokenizer.dylib
0x000000001b813000 	/usr/lib/libChineseTokenizer.dylib
0x000000001b813000 	/System/Library/PrivateFrameworks/LanguageModeling.framework/Versions/A/LanguageModeling
0x000000001b813000 	/System/Library/PrivateFrameworks/CoreEmoji.framework/Versions/A/CoreEmoji
0x000000001b813000 	/System/Library/PrivateFrameworks/Lexicon.framework/Versions/A/Lexicon
0x000000001b813000 	/System/Library/PrivateFrameworks/LinguisticData.framework/Versions/A/LinguisticData
0x000000001b813000 	/usr/lib/libcmph.dylib
0x000000001b813000 	/System/Library/Frameworks/ServiceManagement.framework/Versions/A/ServiceManagement
0x000000001b813000 	/System/Library/PrivateFrameworks/BackgroundTaskManagement.framework/Versions/A/BackgroundTaskManagement
0x000000001b813000 	/usr/lib/libxslt.1.dylib
0x000000001b813000 	/System/Library/Frameworks/Carbon.framework/Versions/A/Frameworks/Ink.framework/Versions/A/Ink
0x000000001b813000 	/System/Library/PrivateFrameworks/TextureIO.framework/Versions/A/TextureIO
0x000000001b813000 	/usr/lib/libate.dylib
0x000000001b813000 	/System/Library/PrivateFrameworks/CrashReporterSupport.framework/Versions/A/CrashReporterSupport
0x000000001b813000 	/System/Library/PrivateFrameworks/Sharing.framework/Versions/A/Sharing
0x000000001b813000 	/System/Library/PrivateFrameworks/AuthKit.framework/Versions/A/AuthKit
0x000000001b813000 	/System/Library/PrivateFrameworks/Apple80211.framework/Versions/A/Apple80211
0x000000001b813000 	/System/Library/PrivateFrameworks/CoreUtils.framework/Versions/A/CoreUtils
0x000000001b813000 	/System/Library/Frameworks/CoreWLAN.framework/Versions/A/CoreWLAN
0x000000001b813000 	/System/Library/Frameworks/IOBluetooth.framework/Versions/A/IOBluetooth
0x000000001b813000 	/System/Library/PrivateFrameworks/ProtocolBuffer.framework/Versions/A/ProtocolBuffer
0x000000001b813000 	/System/Library/PrivateFrameworks/MobileKeyBag.framework/Versions/A/MobileKeyBag
0x000000001b813000 	/System/Library/PrivateFrameworks/CorePhoneNumbers.framework/Versions/A/CorePhoneNumbers
0x000000001b813000 	/System/Library/PrivateFrameworks/AppleIDAuthSupport.framework/Versions/A/AppleIDAuthSupport
0x000000001b813000 	/System/Library/PrivateFrameworks/KeychainCircle.framework/Versions/A/KeychainCircle
0x000000001b813000 	/System/Library/PrivateFrameworks/ROCKit.framework/Versions/A/ROCKit
0x000000001b813000 	/System/Library/PrivateFrameworks/CoreWiFi.framework/Versions/A/CoreWiFi
0x000000001b813000 	/System/Library/Frameworks/CoreBluetooth.framework/Versions/A/CoreBluetooth
0x000000001b813000 	/System/Library/PrivateFrameworks/DebugSymbols.framework/Versions/A/DebugSymbols
0x000000001b813000 	/System/Library/PrivateFrameworks/CoreSymbolication.framework/Versions/A/CoreSymbolication
0x000000001b813000 	/System/Library/PrivateFrameworks/Symbolication.framework/Versions/A/Symbolication
0x000000001b813000 	/System/Library/PrivateFrameworks/SpeechRecognitionCore.framework/Versions/A/SpeechRecognitionCore
0x0000000104a00000 	/Library/Java/JavaVirtualMachines/jdk1.8.0_144.jdk/Contents/Home/jre/lib/server/libjvm.dylib
0x000000001b813000 	/usr/lib/libstdc++.6.dylib
0x0000000103839000 	/Library/Java/JavaVirtualMachines/jdk1.8.0_144.jdk/Contents/Home/jre/lib/libverify.dylib
0x0000000103847000 	/Library/Java/JavaVirtualMachines/jdk1.8.0_144.jdk/Contents/Home/jre/lib/libjava.dylib
0x00000001038c6000 	/Library/Java/JavaVirtualMachines/jdk1.8.0_144.jdk/Contents/Home/jre/lib/libzip.dylib
0x000000001b813000 	/System/Library/Frameworks/JavaVM.framework/Versions/A/Frameworks/JavaRuntimeSupport.framework/Versions/A/JavaRuntimeSupport
0x000000001b813000 	/System/Library/Frameworks/JavaVM.framework/Versions/A/Frameworks/JavaNativeFoundation.framework/Versions/A/JavaNativeFoundation
0x000000001b813000 	/System/Library/Frameworks/JavaVM.framework/Versions/A/JavaVM
0x000000001b813000 	/System/Library/Frameworks/Carbon.framework/Versions/A/Carbon
0x000000001b813000 	/System/Library/PrivateFrameworks/JavaLaunching.framework/Versions/A/JavaLaunching
0x000000001b813000 	/System/Library/Frameworks/Carbon.framework/Versions/A/Frameworks/CommonPanels.framework/Versions/A/CommonPanels
0x000000001b813000 	/System/Library/Frameworks/Carbon.framework/Versions/A/Frameworks/Help.framework/Versions/A/Help
0x000000001b813000 	/System/Library/Frameworks/Carbon.framework/Versions/A/Frameworks/ImageCapture.framework/Versions/A/ImageCapture
0x000000001b813000 	/System/Library/Frameworks/Carbon.framework/Versions/A/Frameworks/OpenScripting.framework/Versions/A/OpenScripting
0x000000001b813000 	/System/Library/Frameworks/Carbon.framework/Versions/A/Frameworks/Print.framework/Versions/A/Print
0x000000001b813000 	/System/Library/Frameworks/Carbon.framework/Versions/A/Frameworks/SecurityHI.framework/Versions/A/SecurityHI
0x000000010b48e000 	/Library/Java/JavaVirtualMachines/jdk1.8.0_144.jdk/Contents/Home/jre/lib/libprism_es2.dylib
0x000000001b813000 	/System/Library/PrivateFrameworks/CoreServicesInternal.framework/Versions/A/CoreServicesInternal
0x000000001b813000 	/System/Library/Frameworks/OpenGL.framework/Versions/A/Resources/GLEngine.bundle/GLEngine
0x000000001b813000 	/System/Library/Frameworks/OpenGL.framework/Versions/A/Libraries/libGLProgrammability.dylib
0x000000001b813000 	/System/Library/Extensions/AppleIntelHD5000GraphicsGLDriver.bundle/Contents/MacOS/AppleIntelHD5000GraphicsGLDriver
0x000000001b813000 	/System/Library/PrivateFrameworks/GPUSupport.framework/Versions/A/Libraries/libGPUSupportMercury.dylib
0x000000010bd91000 	/System/Library/Extensions/AMDRadeonX4000GLDriver.bundle/Contents/MacOS/AMDRadeonX4000GLDriver
0x000000001b813000 	/System/Library/Extensions/AMDRadeonX4000GLDriver.bundle/Contents/MacOS/ATIRadeonX4000SCLib.dylib
0x000000001b813000 	/System/Library/Frameworks/OpenGL.framework/Versions/A/Resources/GLRendererFloat.bundle/GLRendererFloat
0x000000001b813000 	/System/Library/Frameworks/OpenCL.framework/Versions/A/Libraries/libcldcpuengine.dylib
0x000000001b813000 	/usr/lib/libcrypto.35.dylib
0x000000001b813000 	/System/Library/PrivateFrameworks/TrustEvaluationAgent.framework/Versions/A/TrustEvaluationAgent
0x000000010bf4e000 	/Library/Java/JavaVirtualMachines/jdk1.8.0_144.jdk/Contents/Home/jre/lib/libglass.dylib
0x000000001b813000 	/System/Library/CoreServices/RawCamera.bundle/Contents/MacOS/RawCamera
0x000000001b813000 	/System/Library/PrivateFrameworks/MobileAsset.framework/Versions/A/MobileAsset
0x000000001b813000 	/System/Library/PrivateFrameworks/StreamingZip.framework/Versions/A/StreamingZip
0x000000001b813000 	/System/Library/Frameworks/MediaToolbox.framework/Versions/A/MediaToolbox
0x000000001b813000 	/System/Library/PrivateFrameworks/CoreAVCHD.framework/Versions/A/CoreAVCHD
0x000000001b813000 	/System/Library/Frameworks/MediaAccessibility.framework/Versions/A/MediaAccessibility
0x000000001b813000 	/System/Library/PrivateFrameworks/Mangrove.framework/Versions/A/Mangrove
0x000000001b813000 	/System/Library/Frameworks/CoreMedia.framework/Versions/A/CoreMedia
0x000000001b813000 	/System/Library/Frameworks/VideoToolbox.framework/Versions/A/VideoToolbox
0x000000001b813000 	/System/Library/PrivateFrameworks/CoreAUC.framework/Versions/A/CoreAUC
0x000000001b813000 	/usr/lib/libspindump.dylib
0x000000001b813000 	/System/Library/PrivateFrameworks/AppleVA.framework/Versions/A/AppleVA
0x000000001b813000 	/System/Library/Frameworks/Accelerate.framework/Versions/A/Frameworks/vImage.framework/Versions/A/Libraries/libCGInterfaces.dylib
0x000000001b813000 	/System/Library/PrivateFrameworks/FamilyControls.framework/Versions/A/FamilyControls
0x000000001b813000 	/System/Library/PrivateFrameworks/CommerceKit.framework/Versions/A/Frameworks/CommerceCore.framework/Versions/A/CommerceCore
0x000000001b813000 	/System/Library/PrivateFrameworks/SystemAdministration.framework/Versions/A/SystemAdministration
0x000000001b813000 	/System/Library/PrivateFrameworks/AppContainer.framework/Versions/A/AppContainer
0x000000001b813000 	/System/Library/PrivateFrameworks/AppSandbox.framework/Versions/A/AppSandbox
0x000000001b813000 	/System/Library/PrivateFrameworks/SecCodeWrapper.framework/Versions/A/SecCodeWrapper
0x000000001b813000 	/usr/lib/libsandbox.1.dylib
0x000000001b813000 	/usr/lib/libMatch.1.dylib
0x000000001b813000 	/System/Library/PrivateFrameworks/DiskManagement.framework/Versions/A/DiskManagement
0x000000001b813000 	/System/Library/Frameworks/DirectoryService.framework/Versions/A/DirectoryService
0x000000001b813000 	/System/Library/PrivateFrameworks/DiskImages.framework/Versions/A/DiskImages
0x000000001b813000 	/System/Library/PrivateFrameworks/LoginUIKit.framework/Versions/A/Frameworks/LoginUICore.framework/Versions/A/LoginUICore
0x000000001b813000 	/usr/lib/libCoreStorage.dylib
0x000000001b813000 	/usr/lib/libcsfde.dylib
0x000000001b813000 	/usr/lib/libodfde.dylib
0x000000001b813000 	/System/Library/PrivateFrameworks/MediaKit.framework/Versions/A/MediaKit
0x000000001b813000 	/System/Library/Frameworks/DiscRecording.framework/Versions/A/DiscRecording
0x000000001b813000 	/System/Library/PrivateFrameworks/EFILogin.framework/Versions/A/EFILogin
0x000000001b813000 	/System/Library/PrivateFrameworks/ProtectedCloudStorage.framework/Versions/A/ProtectedCloudStorage
0x000000001b813000 	/usr/lib/libcurl.4.dylib
0x000000001b813000 	/usr/lib/libcrypto.42.dylib
0x000000001b813000 	/usr/lib/libssl.44.dylib
0x000000001b813000 	/System/Library/Frameworks/LDAP.framework/Versions/A/LDAP
0x000000001b813000 	/usr/lib/libsasl2.2.dylib
0x000000001b813000 	/System/Library/PrivateFrameworks/CoreDaemon.framework/Versions/B/CoreDaemon
0x000000001b813000 	/System/Library/PrivateFrameworks/AppleSRP.framework/Versions/A/AppleSRP
0x000000001b813000 	/System/Library/PrivateFrameworks/ViewBridge.framework/Versions/A/ViewBridge
0x000000010bc39000 	/Library/Java/JavaVirtualMachines/jdk1.8.0_144.jdk/Contents/Home/jre/lib/libnio.dylib
0x000000010d1ca000 	/Library/Java/JavaVirtualMachines/jdk1.8.0_144.jdk/Contents/Home/jre/lib/./libnet.dylib
0x000000001b813000 	/System/Library/Frameworks/ApplicationServices.framework/Versions/A/Frameworks/ATS.framework/Versions/A/Resources/libTrueTypeScaler.dylib
0x000000001b813000 	/System/Library/Extensions/AMDMTLBronzeDriver.bundle/Contents/MacOS/AMDMTLBronzeDriver
0x000000001b813000 	/System/Library/PrivateFrameworks/IOAccelMemoryInfo.framework/Versions/A/IOAccelMemoryInfo
0x000000001b813000 	/System/Library/Extensions/AppleIntelHD5000GraphicsMTLDriver.bundle/Contents/MacOS/AppleIntelHD5000GraphicsMTLDriver
0x000000001b813000 	/System/Library/PrivateFrameworks/GPUCompiler.framework/Versions/3902/Libraries/libmetal_timestamp.dylib
0x0000000126903000 	/private/var/folders/17/zjjv3f8d6jv31sjk4hqc0hzh0000gn/T/opencv_openpnp7802302822152410448/nu/pattern/opencv/osx/x86_64/libopencv_java342.dylib
0x000000001b813000 	/System/Library/Frameworks/AVFoundation.framework/Versions/A/AVFoundation
0x000000001b813000 	/System/Library/Frameworks/AVFoundation.framework/Versions/A/Frameworks/AVFAudio.framework/Versions/A/AVFAudio
0x000000001b813000 	/System/Library/PrivateFrameworks/InternationalSupport.framework/Versions/A/InternationalSupport
0x000000001b813000 	/System/Library/Frameworks/CoreMediaIO.framework/Versions/A/CoreMediaIO
0x000000001b813000 	/System/Library/PrivateFrameworks/RemoteServiceDiscovery.framework/Versions/A/RemoteServiceDiscovery
0x000000001b813000 	/System/Library/PrivateFrameworks/RemoteXPC.framework/Versions/A/RemoteXPC
0x000000010b337000 	/Library/Java/JavaVirtualMachines/jdk1.8.0_144.jdk/Contents/Home/jre/lib/libjavafx_font.dylib
0x000000010b40b000 	/usr/lib/libobjc-trampolines.dylib
0x00000001265f5000 	/Library/Java/JavaVirtualMachines/jdk1.8.0_144.jdk/Contents/Home/jre/lib/libprism_common.dylib
0x0000000125f16000 	/System/Library/Extensions/AppleHDA.kext/Contents/PlugIns/AppleHDAHALPlugIn.bundle/Contents/MacOS/AppleHDAHALPlugIn
0x000000012fb23000 	/Library/CoreMediaIO/Plug-Ins/DAL/AppleCamera.plugin/Contents/MacOS/AppleCamera
0x000000012fb4b000 	/System/Library/Frameworks/CoreMediaIO.framework/Resources/VDC.plugin/Contents/MacOS/VDC
0x000000012fba6000 	/System/Library/Frameworks/CoreMediaIO.framework/Resources/CMIOUnits.bundle/Contents/MacOS/CMIOUnits
0x000000001b813000 	/System/Library/PrivateFrameworks/FWAVC.framework/Versions/A/FWAVC
0x000000012fcf6000 	/System/Library/Frameworks/CoreMediaIO.framework/Resources/BaseUnits/CMIOBaseUnits.bundle/Contents/MacOS/CMIOBaseUnits
0x000000001b813000 	/System/Library/PrivateFrameworks/AppleGVA.framework/Versions/A/AppleGVA
0x0000000130c25000 	/Library/Java/JavaVirtualMachines/jdk1.8.0_144.jdk/Contents/Home/jre/lib/libawt.dylib
0x0000000132341000 	/Library/Java/JavaVirtualMachines/jdk1.8.0_144.jdk/Contents/Home/jre/lib/./libmlib_image.dylib
0x000000013240d000 	/Library/Java/JavaVirtualMachines/jdk1.8.0_144.jdk/Contents/Home/jre/lib/libawt_lwawt.dylib
0x0000000125f5d000 	/Library/Java/JavaVirtualMachines/jdk1.8.0_144.jdk/Contents/Home/jre/lib/./libosxapp.dylib
0x000000001b813000 	/System/Library/Frameworks/ExceptionHandling.framework/Versions/A/ExceptionHandling
0x000000001b813000 	/System/Library/PrivateFrameworks/PowerLog.framework/Versions/A/PowerLog
0x000000001b813000 	/System/Library/PrivateFrameworks/CoreAnalytics.framework/Versions/A/CoreAnalytics

VM Arguments:
jvm_args: -Dfile.encoding=UTF-8 
java_command: objrecognition.ObjRecognition
java_class_path (initial): /Users/isaacirani/git/computer_vision/JAvaFXProject/target/classes:/Users/isaacirani/.p2/pool/plugins/org.eclipse.fx.ide.css.jfx8_3.3.0.201809010700.jar:/Users/isaacirani/.m2/repository/org/openpnp/opencv/3.4.2-1/opencv-3.4.2-1.jar
Launcher Type: SUN_STANDARD

Environment Variables:
PATH=/usr/bin:/bin:/usr/sbin:/sbin
SHELL=/bin/bash

Signal Handlers:
SIGSEGV: [libjvm.dylib+0x5b26e5], sa_mask[0]=11111111011111110111111111111111, sa_flags=SA_ONSTACK|SA_RESTART|SA_SIGINFO
SIGBUS: [libjvm.dylib+0x5b26e5], sa_mask[0]=11111111011111110111111111111111, sa_flags=SA_RESTART|SA_SIGINFO
SIGFPE: [libjvm.dylib+0x489100], sa_mask[0]=11111111011111110111111111111111, sa_flags=SA_RESTART|SA_SIGINFO
SIGPIPE: [libjvm.dylib+0x489100], sa_mask[0]=11111111011111110111111111111111, sa_flags=SA_RESTART|SA_SIGINFO
SIGXFSZ: [libjvm.dylib+0x489100], sa_mask[0]=11111111011111110111111111111111, sa_flags=SA_RESTART|SA_SIGINFO
SIGILL: [libjvm.dylib+0x489100], sa_mask[0]=11111111011111110111111111111111, sa_flags=SA_RESTART|SA_SIGINFO
SIGUSR1: SIG_DFL, sa_mask[0]=00000000000000000000000000000000, sa_flags=none
SIGUSR2: [libjvm.dylib+0x488c1e], sa_mask[0]=00100000000000000000000000000000, sa_flags=SA_RESTART|SA_SIGINFO
SIGHUP: [libjvm.dylib+0x4871f5], sa_mask[0]=11111111011111110111111111111111, sa_flags=SA_RESTART|SA_SIGINFO
SIGINT: [libjvm.dylib+0x4871f5], sa_mask[0]=11111111011111110111111111111111, sa_flags=SA_RESTART|SA_SIGINFO
SIGTERM: [libjvm.dylib+0x4871f5], sa_mask[0]=11111111011111110111111111111111, sa_flags=SA_RESTART|SA_SIGINFO
SIGQUIT: [libjvm.dylib+0x4871f5], sa_mask[0]=11111111011111110111111111111111, sa_flags=SA_RESTART|SA_SIGINFO


---------------  S Y S T E M  ---------------

OS:Bsduname:Darwin 18.6.0 Darwin Kernel Version 18.6.0: Thu Apr 25 23:16:27 PDT 2019; root:xnu-4903.261.4~2/RELEASE_X86_64 x86_64
rlimit: STACK 8192k, CORE 0k, NPROC 1418, NOFILE 10240, AS infinity
load average:1.35 1.70 1.91

CPU:total 8 (initial active 8) (4 cores per cpu, 2 threads per core) family 6 model 70 stepping 1, cmov, cx8, fxsr, mmx, sse, sse2, sse3, ssse3, sse4.1, sse4.2, popcnt, avx, avx2, aes, clmul, erms, lzcnt, ht, tsc, tscinvbit, bmi1, bmi2

Memory: 4k page, physical 16777216k(3138592k free)

/proc/meminfo:


vm_info: Java HotSpot(TM) 64-Bit Server VM (25.144-b01) for bsd-amd64 JRE (1.8.0_144-b01), built on Jul 21 2017 22:07:42 by "java_re" with gcc 4.2.1 (Based on Apple Inc. build 5658) (LLVM build 2336.11.00)

time: Wed Jun 12 15:10:31 2019
elapsed time: 22 seconds (0d 0h 0m 22s)

