#
# A fatal error has been detected by the Java Runtime Environment:
#
#  SIGSEGV (0xb) at pc=0x00007fff611db69d, pid=8112, tid=0x000000000001e313
#
# JRE version: Java(TM) SE Runtime Environment (8.0_144-b01) (build 1.8.0_144-b01)
# Java VM: Java HotSpot(TM) 64-Bit Server VM (25.144-b01 mixed mode bsd-amd64 compressed oops)
# Problematic frame:
# C  [libobjc.A.dylib+0x669d]  objc_msgSend+0x1d
#
# Failed to write core dump. Core dumps have been disabled. To enable core dumping, try "ulimit -c unlimited" before starting Java again
#
# If you would like to submit a bug report, please visit:
#   http://bugreport.java.com/bugreport/crash.jsp
# The crash happened outside the Java Virtual Machine in native code.
# See problematic frame for where to report the bug.
#

---------------  T H R E A D  ---------------

Current thread (0x00007fbeeb237800):  JavaThread "pool-3-thread-1" [_thread_in_native, id=123667, stack(0x00007000049b0000,0x0000700004ab0000)]

siginfo: si_signo: 11 (SIGSEGV), si_code: 1 (SEGV_MAPERR), si_addr: 0x0000000000000018

Registers:
RAX=0x0000000000000000, RBX=0x00007fbeecb314b0, RCX=0x0000000000000000, RDX=0x0000000000000000
RSP=0x0000700004aaf378, RBP=0x0000700004aaf3a0, RSI=0x00007fff34c97c85, RDI=0x900007fbee74df2f
R8 =0x0000000000000000, R9 =0x00007fbeecb3cf60, R10=0x0000000000000000, R11=0x00007fff34c97c85
R12=0x0000000000000010, R13=0x000000011e5358f8, R14=0x0000000000000000, R15=0x0000000000000008
RIP=0x00007fff611db69d, EFLAGS=0x0000000000010202, ERR=0x0000000000000004
  TRAPNO=0x000000000000000e

Top of Stack: (sp=0x0000700004aaf378)
0x0000700004aaf378:   00000001270532e3 00007fff611db680
0x0000700004aaf388:   0000000000000000 00007fbeea21adf0
0x0000700004aaf398:   00007fbeec840010 0000700004aaf3d0
0x0000700004aaf3a8:   000000012705285b 000000012a164c20
0x0000700004aaf3b8:   00007fbee76c6650 0000700004aaf450
0x0000700004aaf3c8:   00007fbeeb237800 0000700004aaf3e0
0x0000700004aaf3d8:   000000012704527f 0000700004aaf410
0x0000700004aaf3e8:   000000012704600e 0000000000000000
0x0000700004aaf3f8:   0000000000000000 0000700000000000
0x0000700004aaf408:   00007fbee76c6650 0000700004aaf440
0x0000700004aaf418:   000000012704641a 0000000000000000
0x0000700004aaf428:   0000000000000000 00007fbeeb2379f8
0x0000700004aaf438:   0000700004aaf530 0000700004aaf480
0x0000700004aaf448:   0000000126685131 0000000002010000
0x0000700004aaf458:   00007fbeeca16280 0000000000000000
0x0000700004aaf468:   00007fbeeb237800 000000011e5358f8
0x0000700004aaf478:   0000700004aaf530 0000700004aaf4f8
0x0000700004aaf488:   00000001056269f4 0000700004aaf4b0
0x0000700004aaf498:   00007fff5fc36378 0000000000000001
0x0000700004aaf4a8:   0000700004aaf538 0000000000000000
0x0000700004aaf4b8:   0000700004aaf4b8 0000000000000000
0x0000700004aaf4c8:   0000700004aaf530 000000011e535cf0
0x0000700004aaf4d8:   0000000000000000 000000011e5358f8
0x0000700004aaf4e8:   0000000000000000 0000700004aaf518
0x0000700004aaf4f8:   0000700004aaf578 0000000105616a90
0x0000700004aaf508:   00000006c26ab1c8 0000000105620520
0x0000700004aaf518:   00007fbeeca16280 00000006c26ab1c8
0x0000700004aaf528:   00007fbee76c6650 00007fbee76c6650
0x0000700004aaf538:   0000700004aaf538 000000011e534dd0
0x0000700004aaf548:   0000700004aaf598 000000011e535cf0
0x0000700004aaf558:   0000000000000000 000000011e534e08
0x0000700004aaf568:   0000700004aaf518 0000700004aaf590 

Instructions: (pc=0x00007fff611db69d)
0x00007fff611db67d:   0f 1f 00 48 85 ff 2e 74 62 40 f6 c7 01 2e 75 66
0x00007fff611db68d:   49 ba f8 ff ff ff ff 7f 00 00 4c 23 17 49 89 f3
0x00007fff611db69d:   45 23 5a 18 49 c1 e3 04 4d 03 5a 10 49 3b 33 75
0x00007fff611db6ad:   04 41 ff 63 08 49 83 3b 01 76 0d 49 83 c3 10 49 

Register to memory mapping:

RAX=0x0000000000000000 is an unknown value
RBX=0x00007fbeecb314b0 is an unknown value
RCX=0x0000000000000000 is an unknown value
RDX=0x0000000000000000 is an unknown value
RSP=0x0000700004aaf378 is pointing into the stack for thread: 0x00007fbeeb237800
RBP=0x0000700004aaf3a0 is pointing into the stack for thread: 0x00007fbeeb237800
RSI=0x00007fff34c97c85: GCC_except_table7+0x6599 in /System/Library/Frameworks/AppKit.framework/Versions/C/AppKit at 0x00007fff340f4000
RDI=0x900007fbee74df2f is an unknown value
R8 =0x0000000000000000 is an unknown value
R9 =0x00007fbeecb3cf60 is an unknown value
R10=0x0000000000000000 is an unknown value
R11=0x00007fff34c97c85: GCC_except_table7+0x6599 in /System/Library/Frameworks/AppKit.framework/Versions/C/AppKit at 0x00007fff340f4000
R12=0x0000000000000010 is an unknown value
R13={method} {0x000000011e5358f8} 'read_0' '(JJ)Z' in 'org/opencv/videoio/VideoCapture'
R14=0x0000000000000000 is an unknown value
R15=0x0000000000000008 is an unknown value


Stack: [0x00007000049b0000,0x0000700004ab0000],  sp=0x0000700004aaf378,  free space=1020k
Native frames: (J=compiled Java code, j=interpreted, Vv=VM code, C=native code)
C  [libobjc.A.dylib+0x669d]  objc_msgSend+0x1d
C  [libopencv_java342.dylib+0xa5085b]  CvCaptureCAM::grabFrame()+0x5b
C  [libopencv_java342.dylib+0xa4327f]  cvGrabFrame+0xf
C  [libopencv_java342.dylib+0xa4400e]  cv::VideoCapture::grab()+0x4e
C  [libopencv_java342.dylib+0xa4441a]  cv::VideoCapture::read(cv::_OutputArray const&)+0x2a
C  [libopencv_java342.dylib+0x83131]  Java_org_opencv_videoio_VideoCapture_read_10+0x31
j  org.opencv.videoio.VideoCapture.read_0(JJ)Z+0
j  org.opencv.videoio.VideoCapture.read(Lorg/opencv/core/Mat;)Z+8
j  objrecognition.ObjRecognitionController.grabFrame()Lorg/opencv/core/Mat;+23
j  objrecognition.ObjRecognitionController$1.run()V+4
j  java.util.concurrent.Executors$RunnableAdapter.call()Ljava/lang/Object;+4
j  java.util.concurrent.FutureTask.runAndReset()Z+47
j  java.util.concurrent.ScheduledThreadPoolExecutor$ScheduledFutureTask.access$301(Ljava/util/concurrent/ScheduledThreadPoolExecutor$ScheduledFutureTask;)Z+1
j  java.util.concurrent.ScheduledThreadPoolExecutor$ScheduledFutureTask.run()V+37
j  java.util.concurrent.ThreadPoolExecutor.runWorker(Ljava/util/concurrent/ThreadPoolExecutor$Worker;)V+95
j  java.util.concurrent.ThreadPoolExecutor$Worker.run()V+5
j  java.lang.Thread.run()V+11
v  ~StubRoutines::call_stub
V  [libjvm.dylib+0x2ee70a]  JavaCalls::call_helper(JavaValue*, methodHandle*, JavaCallArguments*, Thread*)+0x6ae
V  [libjvm.dylib+0x2eeeae]  JavaCalls::call_virtual(JavaValue*, KlassHandle, Symbol*, Symbol*, JavaCallArguments*, Thread*)+0x164
V  [libjvm.dylib+0x2ef05a]  JavaCalls::call_virtual(JavaValue*, Handle, KlassHandle, Symbol*, Symbol*, Thread*)+0x4a
V  [libjvm.dylib+0x3497b1]  thread_entry(JavaThread*, Thread*)+0x7c
V  [libjvm.dylib+0x56c0b3]  JavaThread::thread_main_inner()+0x9b
V  [libjvm.dylib+0x56d7a0]  JavaThread::run()+0x1c2
V  [libjvm.dylib+0x48baee]  java_start(Thread*)+0xf6
C  [libsystem_pthread.dylib+0x32eb]  _pthread_body+0x7e
C  [libsystem_pthread.dylib+0x6249]  _pthread_start+0x42
C  [libsystem_pthread.dylib+0x240d]  thread_start+0xd
C  0x0000000000000000

Java frames: (J=compiled Java code, j=interpreted, Vv=VM code)
j  org.opencv.videoio.VideoCapture.read_0(JJ)Z+0
j  org.opencv.videoio.VideoCapture.read(Lorg/opencv/core/Mat;)Z+8
j  objrecognition.ObjRecognitionController.grabFrame()Lorg/opencv/core/Mat;+23
j  objrecognition.ObjRecognitionController$1.run()V+4
j  java.util.concurrent.Executors$RunnableAdapter.call()Ljava/lang/Object;+4
j  java.util.concurrent.FutureTask.runAndReset()Z+47
j  java.util.concurrent.ScheduledThreadPoolExecutor$ScheduledFutureTask.access$301(Ljava/util/concurrent/ScheduledThreadPoolExecutor$ScheduledFutureTask;)Z+1
j  java.util.concurrent.ScheduledThreadPoolExecutor$ScheduledFutureTask.run()V+37
j  java.util.concurrent.ThreadPoolExecutor.runWorker(Ljava/util/concurrent/ThreadPoolExecutor$Worker;)V+95
j  java.util.concurrent.ThreadPoolExecutor$Worker.run()V+5
j  java.lang.Thread.run()V+11
v  ~StubRoutines::call_stub

---------------  P R O C E S S  ---------------

Java Threads: ( => current thread )
  0x00007fbee8b71000 JavaThread "DestroyJavaVM" [_thread_blocked, id=10243, stack(0x0000700002e53000,0x0000700002f53000)]
=>0x00007fbeeb237800 JavaThread "pool-3-thread-1" [_thread_in_native, id=123667, stack(0x00007000049b0000,0x0000700004ab0000)]
  0x00007fbee9962000 JavaThread "Java2D Disposer" daemon [_thread_blocked, id=121103, stack(0x0000700004dc5000,0x0000700004ec5000)]
  0x00007fbee9958800 JavaThread "Java2D Queue Flusher" daemon [_thread_blocked, id=121863, stack(0x0000700004cc2000,0x0000700004dc2000)]
  0x00007fbee9a50000 JavaThread "Prism Font Disposer" daemon [_thread_blocked, id=70147, stack(0x000070000482a000,0x000070000492a000)]
  0x00007fbee986d000 JavaThread "Thread-3" daemon [_thread_in_native, id=43523, stack(0x0000700004621000,0x00007000046a1000)]
  0x00007fbee78bb000 JavaThread "Thread-1" daemon [_thread_blocked, id=39171, stack(0x000070000428f000,0x000070000438f000)]
  0x00007fbee9841000 JavaThread "Service Thread" daemon [_thread_blocked, id=14851, stack(0x0000700003f86000,0x0000700004086000)]
  0x00007fbee882e000 JavaThread "C1 CompilerThread3" daemon [_thread_blocked, id=15875, stack(0x0000700003e83000,0x0000700003f83000)]
  0x00007fbee882d000 JavaThread "C2 CompilerThread2" daemon [_thread_blocked, id=14339, stack(0x0000700003d80000,0x0000700003e80000)]
  0x00007fbee9826000 JavaThread "C2 CompilerThread1" daemon [_thread_blocked, id=16387, stack(0x0000700003c7d000,0x0000700003d7d000)]
  0x00007fbee9004800 JavaThread "C2 CompilerThread0" daemon [_thread_blocked, id=16643, stack(0x0000700003b7a000,0x0000700003c7a000)]
  0x00007fbee881d800 JavaThread "Signal Dispatcher" daemon [_thread_blocked, id=13315, stack(0x0000700003a77000,0x0000700003b77000)]
  0x00007fbee7830000 JavaThread "Finalizer" daemon [_thread_blocked, id=18947, stack(0x0000700003974000,0x0000700003a74000)]
  0x00007fbee782d000 JavaThread "Reference Handler" daemon [_thread_blocked, id=12291, stack(0x0000700003871000,0x0000700003971000)]

Other Threads:
  0x00007fbee7828800 VMThread [stack: 0x000070000376e000,0x000070000386e000] [id=19715]
  0x00007fbee9849800 WatcherThread [stack: 0x0000700004089000,0x0000700004189000] [id=15107]

VM state:not at safepoint (normal execution)

VM Mutex/Monitor currently owned by a thread: None

Heap:
 PSYoungGen      total 72704K, used 27331K [0x000000076ab00000, 0x0000000770f00000, 0x00000007c0000000)
  eden space 61440K, 26% used [0x000000076ab00000,0x000000076badcd38,0x000000076e700000)
  from space 11264K, 98% used [0x000000076e800000,0x000000076f2d4030,0x000000076f300000)
  to   space 20480K, 0% used [0x000000076fb00000,0x000000076fb00000,0x0000000770f00000)
 ParOldGen       total 175104K, used 41644K [0x00000006c0000000, 0x00000006cab00000, 0x000000076ab00000)
  object space 175104K, 23% used [0x00000006c0000000,0x00000006c28ab3e0,0x00000006cab00000)
 Metaspace       used 18683K, capacity 19416K, committed 19712K, reserved 1067008K
  class space    used 2498K, capacity 2705K, committed 2816K, reserved 1048576K

Card table byte_map: [0x00000001149cf000,0x00000001151d0000] byte_map_base: 0x00000001113cf000

Marking Bits: (ParMarkBitMap*) 0x0000000104cf35d0
 Begin Bits: [0x0000000115726000, 0x0000000119726000)
 End Bits:   [0x0000000119726000, 0x000000011d726000)

Polling page: 0x0000000103346000

CodeCache: size=245760Kb used=5920Kb max_used=5920Kb free=239839Kb
 bounds [0x000000010560f000, 0x0000000105bdf000, 0x000000011460f000]
 total_blobs=2888 nmethods=1976 adapters=825
 compilation: enabled

Compilation events (10 events):
Event: 2583.410 Thread 0x00007fbee882e000 1973       3       java.lang.invoke.DirectMethodHandle::maybeCompile (18 bytes)
Event: 2583.410 Thread 0x00007fbee882e000 nmethod 1973 0x0000000105bd5450 code [0x0000000105bd55e0, 0x0000000105bd5878]
Event: 2583.410 Thread 0x00007fbee882e000 1975       3       java.lang.invoke.DirectMethodHandle::<init> (132 bytes)
Event: 2583.412 Thread 0x00007fbee882e000 nmethod 1975 0x0000000105bd5990 code [0x0000000105bd5c40, 0x0000000105bd7478]
Event: 2583.412 Thread 0x00007fbee882e000 1976       1       com.sun.glass.ui.Application::GetApplication (4 bytes)
Event: 2583.412 Thread 0x00007fbee882e000 nmethod 1976 0x0000000105bce410 code [0x0000000105bce560, 0x0000000105bce650]
Event: 2583.412 Thread 0x00007fbee882e000 1974       3       java.lang.invoke.DirectMethodHandle::preparedLambdaForm (230 bytes)
Event: 2583.413 Thread 0x00007fbee882e000 nmethod 1974 0x0000000105bd7d90 code [0x0000000105bd8000, 0x0000000105bd9058]
Event: 2583.414 Thread 0x00007fbee882e000 1977       3       sun.invoke.util.VerifyAccess::isTypeVisible (49 bytes)
Event: 2583.414 Thread 0x00007fbee882e000 nmethod 1977 0x0000000105bd9690 code [0x0000000105bd9820, 0x0000000105bd9d88]

GC Heap History (10 events):
Event: 11.920 GC heap before
{Heap before GC invocations=3 (full 0):
 PSYoungGen      total 76288K, used 75441K [0x000000076ab00000, 0x0000000770000000, 0x00000007c0000000)
  eden space 65536K, 98% used [0x000000076ab00000,0x000000076ea406c8,0x000000076eb00000)
  from space 10752K, 99% used [0x000000076f580000,0x000000076ffec070,0x0000000770000000)
  to   space 10752K, 0% used [0x000000076eb00000,0x000000076eb00000,0x000000076f580000)
 ParOldGen       total 175104K, used 17404K [0x00000006c0000000, 0x00000006cab00000, 0x000000076ab00000)
  object space 175104K, 9% used [0x00000006c0000000,0x00000006c10ff000,0x00000006cab00000)
 Metaspace       used 18333K, capacity 19058K, committed 19328K, reserved 1067008K
  class space    used 2472K, capacity 2660K, committed 2688K, reserved 1048576K
Event: 11.926 GC heap after
Heap after GC invocations=3 (full 0):
 PSYoungGen      total 76288K, used 10704K [0x000000076ab00000, 0x0000000770000000, 0x00000007c0000000)
  eden space 65536K, 0% used [0x000000076ab00000,0x000000076ab00000,0x000000076eb00000)
  from space 10752K, 99% used [0x000000076eb00000,0x000000076f574050,0x000000076f580000)
  to   space 10752K, 0% used [0x000000076f580000,0x000000076f580000,0x0000000770000000)
 ParOldGen       total 175104K, used 25636K [0x00000006c0000000, 0x00000006cab00000, 0x000000076ab00000)
  object space 175104K, 14% used [0x00000006c0000000,0x00000006c1909030,0x00000006cab00000)
 Metaspace       used 18333K, capacity 19058K, committed 19328K, reserved 1067008K
  class space    used 2472K, capacity 2660K, committed 2688K, reserved 1048576K
}
Event: 13.190 GC heap before
{Heap before GC invocations=4 (full 0):
 PSYoungGen      total 76288K, used 76240K [0x000000076ab00000, 0x0000000770000000, 0x00000007c0000000)
  eden space 65536K, 100% used [0x000000076ab00000,0x000000076eb00000,0x000000076eb00000)
  from space 10752K, 99% used [0x000000076eb00000,0x000000076f574050,0x000000076f580000)
  to   space 10752K, 0% used [0x000000076f580000,0x000000076f580000,0x0000000770000000)
 ParOldGen       total 175104K, used 25636K [0x00000006c0000000, 0x00000006cab00000, 0x000000076ab00000)
  object space 175104K, 14% used [0x00000006c0000000,0x00000006c1909030,0x00000006cab00000)
 Metaspace       used 18377K, capacity 19066K, committed 19328K, reserved 1067008K
  class space    used 2472K, capacity 2660K, committed 2688K, reserved 1048576K
Event: 13.195 GC heap after
Heap after GC invocations=4 (full 0):
 PSYoungGen      total 76288K, used 10736K [0x000000076ab00000, 0x0000000770000000, 0x00000007c0000000)
  eden space 65536K, 0% used [0x000000076ab00000,0x000000076ab00000,0x000000076eb00000)
  from space 10752K, 99% used [0x000000076f580000,0x000000076fffc050,0x0000000770000000)
  to   space 10752K, 0% used [0x000000076eb00000,0x000000076eb00000,0x000000076f580000)
 ParOldGen       total 175104K, used 31944K [0x00000006c0000000, 0x00000006cab00000, 0x000000076ab00000)
  object space 175104K, 18% used [0x00000006c0000000,0x00000006c1f32050,0x00000006cab00000)
 Metaspace       used 18377K, capacity 19066K, committed 19328K, reserved 1067008K
  class space    used 2472K, capacity 2660K, committed 2688K, reserved 1048576K
}
Event: 14.439 GC heap before
{Heap before GC invocations=5 (full 0):
 PSYoungGen      total 76288K, used 73931K [0x000000076ab00000, 0x0000000770000000, 0x00000007c0000000)
  eden space 65536K, 96% used [0x000000076ab00000,0x000000076e8b6e90,0x000000076eb00000)
  from space 10752K, 99% used [0x000000076f580000,0x000000076fffc050,0x0000000770000000)
  to   space 10752K, 0% used [0x000000076eb00000,0x000000076eb00000,0x000000076f580000)
 ParOldGen       total 175104K, used 31944K [0x00000006c0000000, 0x00000006cab00000, 0x000000076ab00000)
  object space 175104K, 18% used [0x00000006c0000000,0x00000006c1f32050,0x00000006cab00000)
 Metaspace       used 18404K, capacity 19066K, committed 19328K, reserved 1067008K
  class space    used 2472K, capacity 2660K, committed 2688K, reserved 1048576K
Event: 14.444 GC heap after
Heap after GC invocations=5 (full 0):
 PSYoungGen      total 74752K, used 10720K [0x000000076ab00000, 0x0000000771080000, 0x00000007c0000000)
  eden space 64000K, 0% used [0x000000076ab00000,0x000000076ab00000,0x000000076e980000)
  from space 10752K, 99% used [0x000000076eb00000,0x000000076f578040,0x000000076f580000)
  to   space 19968K, 0% used [0x000000076fd00000,0x000000076fd00000,0x0000000771080000)
 ParOldGen       total 175104K, used 38252K [0x00000006c0000000, 0x00000006cab00000, 0x000000076ab00000)
  object space 175104K, 21% used [0x00000006c0000000,0x00000006c255b070,0x00000006cab00000)
 Metaspace       used 18404K, capacity 19066K, committed 19328K, reserved 1067008K
  class space    used 2472K, capacity 2660K, committed 2688K, reserved 1048576K
}
Event: 15.735 GC heap before
{Heap before GC invocations=6 (full 0):
 PSYoungGen      total 74752K, used 73641K [0x000000076ab00000, 0x0000000771080000, 0x00000007c0000000)
  eden space 64000K, 98% used [0x000000076ab00000,0x000000076e872690,0x000000076e980000)
  from space 10752K, 99% used [0x000000076eb00000,0x000000076f578040,0x000000076f580000)
  to   space 19968K, 0% used [0x000000076fd00000,0x000000076fd00000,0x0000000771080000)
 ParOldGen       total 175104K, used 38252K [0x00000006c0000000, 0x00000006cab00000, 0x000000076ab00000)
  object space 175104K, 21% used [0x00000006c0000000,0x00000006c255b070,0x00000006cab00000)
 Metaspace       used 18410K, capacity 19130K, committed 19328K, reserved 1067008K
  class space    used 2472K, capacity 2660K, committed 2688K, reserved 1048576K
Event: 15.742 GC heap after
Heap after GC invocations=6 (full 0):
 PSYoungGen      total 82432K, used 17036K [0x000000076ab00000, 0x0000000771200000, 0x00000007c0000000)
  eden space 62464K, 0% used [0x000000076ab00000,0x000000076ab00000,0x000000076e800000)
  from space 19968K, 85% used [0x000000076fd00000,0x0000000770da3090,0x0000000771080000)
  to   space 21504K, 0% used [0x000000076e800000,0x000000076e800000,0x000000076fd00000)
 ParOldGen       total 175104K, used 38252K [0x00000006c0000000, 0x00000006cab00000, 0x000000076ab00000)
  object space 175104K, 21% used [0x00000006c0000000,0x00000006c255b070,0x00000006cab00000)
 Metaspace       used 18410K, capacity 19130K, committed 19328K, reserved 1067008K
  class space    used 2472K, capacity 2660K, committed 2688K, reserved 1048576K
}
Event: 16.997 GC heap before
{Heap before GC invocations=7 (full 0):
 PSYoungGen      total 82432K, used 77268K [0x000000076ab00000, 0x0000000771200000, 0x00000007c0000000)
  eden space 62464K, 96% used [0x000000076ab00000,0x000000076e5d21e8,0x000000076e800000)
  from space 19968K, 85% used [0x000000076fd00000,0x0000000770da3090,0x0000000771080000)
  to   space 21504K, 0% used [0x000000076e800000,0x000000076e800000,0x000000076fd00000)
 ParOldGen       total 175104K, used 38252K [0x00000006c0000000, 0x00000006cab00000, 0x000000076ab00000)
  object space 175104K, 21% used [0x00000006c0000000,0x00000006c255b070,0x00000006cab00000)
 Metaspace       used 18449K, capacity 19130K, committed 19328K, reserved 1067008K
  class space    used 2472K, capacity 2660K, committed 2688K, reserved 1048576K
Event: 17.002 GC heap after
Heap after GC invocations=7 (full 0):
 PSYoungGen      total 72704K, used 11088K [0x000000076ab00000, 0x0000000770f00000, 0x00000007c0000000)
  eden space 61440K, 0% used [0x000000076ab00000,0x000000076ab00000,0x000000076e700000)
  from space 11264K, 98% used [0x000000076e800000,0x000000076f2d4030,0x000000076f300000)
  to   space 20480K, 0% used [0x000000076fb00000,0x000000076fb00000,0x0000000770f00000)
 ParOldGen       total 175104K, used 41644K [0x00000006c0000000, 0x00000006cab00000, 0x000000076ab00000)
  object space 175104K, 23% used [0x00000006c0000000,0x00000006c28ab3e0,0x00000006cab00000)
 Metaspace       used 18449K, capacity 19130K, committed 19328K, reserved 1067008K
  class space    used 2472K, capacity 2660K, committed 2688K, reserved 1048576K
}

Deoptimization events (10 events):
Event: 2.143 Thread 0x00007fbee78af000 Uncommon trap: reason=class_check action=maybe_recompile pc=0x000000010572919c method=java.lang.String.equals(Ljava/lang/Object;)Z @ 8
Event: 2.143 Thread 0x00007fbee78af000 Uncommon trap: reason=class_check action=maybe_recompile pc=0x000000010572919c method=java.lang.String.equals(Ljava/lang/Object;)Z @ 8
Event: 2.143 Thread 0x00007fbee78af000 Uncommon trap: reason=class_check action=maybe_recompile pc=0x000000010572919c method=java.lang.String.equals(Ljava/lang/Object;)Z @ 8
Event: 2.143 Thread 0x00007fbee78af000 Uncommon trap: reason=speculate_class_check action=maybe_recompile pc=0x0000000105958c4c method=com.sun.javafx.css.BitSet.containsAll(Ljava/util/Collection;)Z @ 18
Event: 2.143 Thread 0x00007fbee78af000 Uncommon trap: reason=speculate_class_check action=maybe_recompile pc=0x0000000105958c4c method=com.sun.javafx.css.BitSet.containsAll(Ljava/util/Collection;)Z @ 18
Event: 2.308 Thread 0x00007fbee78af000 Uncommon trap: reason=unstable_if action=reinterpret pc=0x000000010580ff20 method=java.lang.CharacterData.of(I)Ljava/lang/CharacterData; @ 4
Event: 2.342 Thread 0x00007fbee78af000 Uncommon trap: reason=class_check action=maybe_recompile pc=0x000000010572919c method=java.lang.String.equals(Ljava/lang/Object;)Z @ 8
Event: 3.703 Thread 0x00007fbee78af000 Uncommon trap: reason=unstable_if action=reinterpret pc=0x000000010598dc30 method=java.util.HashMap.isEmpty()Z @ 4
Event: 3.714 Thread 0x00007fbee78af000 Uncommon trap: reason=unstable_if action=reinterpret pc=0x000000010598547c method=jdk.internal.org.objectweb.asm.Type.getArgumentsAndReturnSizes(Ljava/lang/String;)I @ 47
Event: 8.729 Thread 0x00007fbee9838800 Uncommon trap: reason=unstable_if action=reinterpret pc=0x0000000105af0404 method=com.sun.javafx.image.impl.IntTo4ByteSameConverter.doConvert([III[BIIII)V @ 29

Internal exceptions (10 events):
Event: 1.871 Thread 0x00007fbee78af000 Implicit null exception at 0x000000010582f488 to 0x000000010582f551
Event: 1.909 Thread 0x00007fbee78af000 Exception <a 'java/lang/NullPointerException'> (0x000000076bc267c0) thrown at [/Users/java_re/workspace/8-2-build-macosx-x86_64/jdk8u144/9417/hotspot/src/share/vm/interpreter/linkResolver.cpp, line 1197]
Event: 1.909 Thread 0x00007fbee78af000 Exception <a 'java/lang/NullPointerException'> (0x000000076bc267c0) thrown at [/Users/java_re/workspace/8-2-build-macosx-x86_64/jdk8u144/9417/hotspot/src/share/vm/prims/jvm.cpp, line 1394]
Event: 1.996 Thread 0x00007fbee78af000 Exception <a 'java/lang/ArrayIndexOutOfBoundsException'> (0x000000076c1491a8) thrown at [/Users/java_re/workspace/8-2-build-macosx-x86_64/jdk8u144/9417/hotspot/src/share/vm/runtime/sharedRuntime.cpp, line 605]
Event: 1.996 Thread 0x00007fbee78af000 Exception <a 'java/lang/ArrayIndexOutOfBoundsException'> (0x000000076c149cc0) thrown at [/Users/java_re/workspace/8-2-build-macosx-x86_64/jdk8u144/9417/hotspot/src/share/vm/runtime/sharedRuntime.cpp, line 605]
Event: 1.996 Thread 0x00007fbee78af000 Exception <a 'java/lang/ArrayIndexOutOfBoundsException'> (0x000000076c14b068) thrown at [/Users/java_re/workspace/8-2-build-macosx-x86_64/jdk8u144/9417/hotspot/src/share/vm/runtime/sharedRuntime.cpp, line 605]
Event: 2.054 Thread 0x00007fbee78af000 Implicit null exception at 0x000000010591f7f5 to 0x000000010591fa31
Event: 2.135 Thread 0x00007fbee78af000 Exception <a 'java/io/FileNotFoundException'> (0x000000076c7a24e8) thrown at [/Users/java_re/workspace/8-2-build-macosx-x86_64/jdk8u144/9417/hotspot/src/share/vm/prims/jni.cpp, line 709]
Event: 8.661 Thread 0x00007fbee9838800 Exception <a 'java/io/FileNotFoundException'> (0x000000076d598c28) thrown at [/Users/java_re/workspace/8-2-build-macosx-x86_64/jdk8u144/9417/hotspot/src/share/vm/prims/jni.cpp, line 709]
Event: 8.661 Thread 0x00007fbee9838800 Exception <a 'java/io/FileNotFoundException'> (0x000000076d5997a0) thrown at [/Users/java_re/workspace/8-2-build-macosx-x86_64/jdk8u144/9417/hotspot/src/share/vm/prims/jni.cpp, line 709]

Events (10 events):
Event: 2583.409 loading class javafx/application/Application done
Event: 2583.414 loading class com/sun/javafx/tk/quantum/QuantumRenderer
Event: 2583.414 loading class com/sun/javafx/tk/quantum/QuantumRenderer done
Event: 2583.414 loading class com/sun/javafx/tk/quantum/QuantumToolkit
Event: 2583.414 loading class com/sun/javafx/tk/quantum/QuantumToolkit done
Event: 2583.414 Thread 0x00007fbee789b800 Thread exited: 0x00007fbee789b800
Event: 2583.415 Thread 0x00007fbee98aa000 Thread exited: 0x00007fbee98aa000
Event: 2583.415 Thread 0x00007fbee8003800 Thread exited: 0x00007fbee8003800
Event: 2583.415 Thread 0x00007fbee8b71000 Thread added: 0x00007fbee8b71000
Event: 2583.415 Thread 0x00007fbee78af000 Thread exited: 0x00007fbee78af000


Dynamic libraries:
0x000000000b18d000 	/System/Library/Frameworks/Cocoa.framework/Versions/A/Cocoa
0x000000000b18d000 	/System/Library/Frameworks/Security.framework/Versions/A/Security
0x000000000b18d000 	/System/Library/Frameworks/ApplicationServices.framework/Versions/A/ApplicationServices
0x000000000b18d000 	/usr/lib/libz.1.dylib
0x000000000b18d000 	/usr/lib/libSystem.B.dylib
0x000000000b18d000 	/usr/lib/libobjc.A.dylib
0x000000000b18d000 	/System/Library/Frameworks/CoreFoundation.framework/Versions/A/CoreFoundation
0x000000000b18d000 	/System/Library/Frameworks/Foundation.framework/Versions/C/Foundation
0x000000000b18d000 	/System/Library/Frameworks/AppKit.framework/Versions/C/AppKit
0x000000000b18d000 	/System/Library/Frameworks/CoreData.framework/Versions/A/CoreData
0x000000000b18d000 	/System/Library/PrivateFrameworks/RemoteViewServices.framework/Versions/A/RemoteViewServices
0x000000000b18d000 	/System/Library/PrivateFrameworks/UIFoundation.framework/Versions/A/UIFoundation
0x000000000b18d000 	/System/Library/PrivateFrameworks/XCTTargetBootstrap.framework/Versions/A/XCTTargetBootstrap
0x000000000b18d000 	/System/Library/Frameworks/CoreDisplay.framework/Versions/A/CoreDisplay
0x000000000b18d000 	/System/Library/PrivateFrameworks/IconServices.framework/Versions/A/IconServices
0x000000000b18d000 	/System/Library/Frameworks/Metal.framework/Versions/A/Metal
0x000000000b18d000 	/System/Library/PrivateFrameworks/DesktopServicesPriv.framework/Versions/A/DesktopServicesPriv
0x000000000b18d000 	/usr/lib/libenergytrace.dylib
0x000000000b18d000 	/System/Library/PrivateFrameworks/SkyLight.framework/Versions/A/SkyLight
0x000000000b18d000 	/System/Library/Frameworks/CoreGraphics.framework/Versions/A/CoreGraphics
0x000000000b18d000 	/System/Library/Frameworks/Accelerate.framework/Versions/A/Accelerate
0x000000000b18d000 	/System/Library/Frameworks/IOSurface.framework/Versions/A/IOSurface
0x000000000b18d000 	/System/Library/PrivateFrameworks/DFRFoundation.framework/Versions/A/DFRFoundation
0x000000000b18d000 	/System/Library/Frameworks/AudioToolbox.framework/Versions/A/AudioToolbox
0x000000000b18d000 	/System/Library/Frameworks/AudioUnit.framework/Versions/A/AudioUnit
0x000000000b18d000 	/System/Library/PrivateFrameworks/DataDetectorsCore.framework/Versions/A/DataDetectorsCore
0x000000000b18d000 	/System/Library/Frameworks/Carbon.framework/Versions/A/Frameworks/HIToolbox.framework/Versions/A/HIToolbox
0x000000000b18d000 	/usr/lib/libicucore.A.dylib
0x000000000b18d000 	/System/Library/Frameworks/QuartzCore.framework/Versions/A/QuartzCore
0x000000000b18d000 	/System/Library/Frameworks/Carbon.framework/Versions/A/Frameworks/SpeechRecognition.framework/Versions/A/SpeechRecognition
0x000000000b18d000 	/usr/lib/libauto.dylib
0x000000000b18d000 	/usr/lib/libxml2.2.dylib
0x000000000b18d000 	/System/Library/PrivateFrameworks/CoreUI.framework/Versions/A/CoreUI
0x000000000b18d000 	/System/Library/Frameworks/CoreAudio.framework/Versions/A/CoreAudio
0x000000000b18d000 	/System/Library/Frameworks/DiskArbitration.framework/Versions/A/DiskArbitration
0x000000000b18d000 	/usr/lib/liblangid.dylib
0x000000000b18d000 	/System/Library/PrivateFrameworks/MultitouchSupport.framework/Versions/A/MultitouchSupport
0x000000000b18d000 	/System/Library/Frameworks/IOKit.framework/Versions/A/IOKit
0x000000000b18d000 	/usr/lib/libDiagnosticMessagesClient.dylib
0x000000000b18d000 	/System/Library/Frameworks/CoreServices.framework/Versions/A/CoreServices
0x000000000b18d000 	/System/Library/PrivateFrameworks/PerformanceAnalysis.framework/Versions/A/PerformanceAnalysis
0x000000000b18d000 	/System/Library/Frameworks/OpenGL.framework/Versions/A/OpenGL
0x000000000b18d000 	/System/Library/Frameworks/ColorSync.framework/Versions/A/ColorSync
0x000000000b18d000 	/System/Library/Frameworks/CoreImage.framework/Versions/A/CoreImage
0x000000000b18d000 	/System/Library/Frameworks/CoreText.framework/Versions/A/CoreText
0x000000000b18d000 	/System/Library/Frameworks/ImageIO.framework/Versions/A/ImageIO
0x000000000b18d000 	/System/Library/PrivateFrameworks/Backup.framework/Versions/A/Backup
0x000000000b18d000 	/usr/lib/libarchive.2.dylib
0x000000000b18d000 	/System/Library/Frameworks/CFNetwork.framework/Versions/A/CFNetwork
0x000000000b18d000 	/System/Library/Frameworks/SystemConfiguration.framework/Versions/A/SystemConfiguration
0x000000000b18d000 	/usr/lib/libCRFSuite.dylib
0x000000000b18d000 	/usr/lib/libc++.1.dylib
0x000000000b18d000 	/usr/lib/libc++abi.dylib
0x000000000b18d000 	/usr/lib/system/libcache.dylib
0x000000000b18d000 	/usr/lib/system/libcommonCrypto.dylib
0x000000000b18d000 	/usr/lib/system/libcompiler_rt.dylib
0x000000000b18d000 	/usr/lib/system/libcopyfile.dylib
0x000000000b18d000 	/usr/lib/system/libcorecrypto.dylib
0x000000000b18d000 	/usr/lib/system/libdispatch.dylib
0x000000000b18d000 	/usr/lib/system/libdyld.dylib
0x000000000b18d000 	/usr/lib/system/libkeymgr.dylib
0x000000000b18d000 	/usr/lib/system/liblaunch.dylib
0x000000000b18d000 	/usr/lib/system/libmacho.dylib
0x000000000b18d000 	/usr/lib/system/libquarantine.dylib
0x000000000b18d000 	/usr/lib/system/libremovefile.dylib
0x000000000b18d000 	/usr/lib/system/libsystem_asl.dylib
0x000000000b18d000 	/usr/lib/system/libsystem_blocks.dylib
0x000000000b18d000 	/usr/lib/system/libsystem_c.dylib
0x000000000b18d000 	/usr/lib/system/libsystem_configuration.dylib
0x000000000b18d000 	/usr/lib/system/libsystem_coreservices.dylib
0x000000000b18d000 	/usr/lib/system/libsystem_darwin.dylib
0x000000000b18d000 	/usr/lib/system/libsystem_dnssd.dylib
0x000000000b18d000 	/usr/lib/system/libsystem_info.dylib
0x000000000b18d000 	/usr/lib/system/libsystem_m.dylib
0x000000000b18d000 	/usr/lib/system/libsystem_malloc.dylib
0x000000000b18d000 	/usr/lib/system/libsystem_networkextension.dylib
0x000000000b18d000 	/usr/lib/system/libsystem_notify.dylib
0x000000000b18d000 	/usr/lib/system/libsystem_sandbox.dylib
0x000000000b18d000 	/usr/lib/system/libsystem_secinit.dylib
0x000000000b18d000 	/usr/lib/system/libsystem_kernel.dylib
0x000000000b18d000 	/usr/lib/system/libsystem_platform.dylib
0x000000000b18d000 	/usr/lib/system/libsystem_pthread.dylib
0x000000000b18d000 	/usr/lib/system/libsystem_symptoms.dylib
0x000000000b18d000 	/usr/lib/system/libsystem_trace.dylib
0x000000000b18d000 	/usr/lib/system/libunwind.dylib
0x000000000b18d000 	/usr/lib/system/libxpc.dylib
0x000000000b18d000 	/usr/lib/libbsm.0.dylib
0x000000000b18d000 	/usr/lib/system/libkxld.dylib
0x000000000b18d000 	/System/Library/PrivateFrameworks/AppleFSCompression.framework/Versions/A/AppleFSCompression
0x000000000b18d000 	/usr/lib/libOpenScriptingUtil.dylib
0x000000000b18d000 	/usr/lib/libcoretls.dylib
0x000000000b18d000 	/usr/lib/libcoretls_cfhelpers.dylib
0x000000000b18d000 	/usr/lib/libpam.2.dylib
0x000000000b18d000 	/usr/lib/libsqlite3.dylib
0x000000000b18d000 	/usr/lib/libxar.1.dylib
0x000000000b18d000 	/usr/lib/libbz2.1.0.dylib
0x000000000b18d000 	/usr/lib/liblzma.5.dylib
0x000000000b18d000 	/usr/lib/libnetwork.dylib
0x000000000b18d000 	/usr/lib/libapple_nghttp2.dylib
0x000000000b18d000 	/usr/lib/libpcap.A.dylib
0x000000000b18d000 	/System/Library/Frameworks/CoreServices.framework/Versions/A/Frameworks/FSEvents.framework/Versions/A/FSEvents
0x000000000b18d000 	/System/Library/Frameworks/CoreServices.framework/Versions/A/Frameworks/CarbonCore.framework/Versions/A/CarbonCore
0x000000000b18d000 	/System/Library/Frameworks/CoreServices.framework/Versions/A/Frameworks/Metadata.framework/Versions/A/Metadata
0x000000000b18d000 	/System/Library/Frameworks/CoreServices.framework/Versions/A/Frameworks/OSServices.framework/Versions/A/OSServices
0x000000000b18d000 	/System/Library/Frameworks/CoreServices.framework/Versions/A/Frameworks/SearchKit.framework/Versions/A/SearchKit
0x000000000b18d000 	/System/Library/Frameworks/CoreServices.framework/Versions/A/Frameworks/AE.framework/Versions/A/AE
0x000000000b18d000 	/System/Library/Frameworks/CoreServices.framework/Versions/A/Frameworks/LaunchServices.framework/Versions/A/LaunchServices
0x000000000b18d000 	/System/Library/Frameworks/CoreServices.framework/Versions/A/Frameworks/DictionaryServices.framework/Versions/A/DictionaryServices
0x000000000b18d000 	/System/Library/Frameworks/CoreServices.framework/Versions/A/Frameworks/SharedFileList.framework/Versions/A/SharedFileList
0x000000000b18d000 	/System/Library/Frameworks/NetFS.framework/Versions/A/NetFS
0x000000000b18d000 	/System/Library/PrivateFrameworks/NetAuth.framework/Versions/A/NetAuth
0x000000000b18d000 	/System/Library/PrivateFrameworks/login.framework/Versions/A/Frameworks/loginsupport.framework/Versions/A/loginsupport
0x000000000b18d000 	/System/Library/PrivateFrameworks/TCC.framework/Versions/A/TCC
0x000000000b18d000 	/System/Library/PrivateFrameworks/CoreNLP.framework/Versions/A/CoreNLP
0x000000000b18d000 	/System/Library/PrivateFrameworks/MetadataUtilities.framework/Versions/A/MetadataUtilities
0x000000000b18d000 	/usr/lib/libmecabra.dylib
0x000000000b18d000 	/System/Library/Frameworks/ApplicationServices.framework/Versions/A/Frameworks/ATS.framework/Versions/A/ATS
0x000000000b18d000 	/System/Library/Frameworks/ApplicationServices.framework/Versions/A/Frameworks/ColorSyncLegacy.framework/Versions/A/ColorSyncLegacy
0x000000000b18d000 	/System/Library/Frameworks/ApplicationServices.framework/Versions/A/Frameworks/HIServices.framework/Versions/A/HIServices
0x000000000b18d000 	/System/Library/Frameworks/ApplicationServices.framework/Versions/A/Frameworks/LangAnalysis.framework/Versions/A/LangAnalysis
0x000000000b18d000 	/System/Library/Frameworks/ApplicationServices.framework/Versions/A/Frameworks/PrintCore.framework/Versions/A/PrintCore
0x000000000b18d000 	/System/Library/Frameworks/ApplicationServices.framework/Versions/A/Frameworks/QD.framework/Versions/A/QD
0x000000000b18d000 	/System/Library/Frameworks/ApplicationServices.framework/Versions/A/Frameworks/SpeechSynthesis.framework/Versions/A/SpeechSynthesis
0x000000000b18d000 	/usr/lib/libcompression.dylib
0x000000000b18d000 	/System/Library/Frameworks/MetalPerformanceShaders.framework/Versions/A/MetalPerformanceShaders
0x000000000b18d000 	/System/Library/Frameworks/Accelerate.framework/Versions/A/Frameworks/vImage.framework/Versions/A/vImage
0x000000000b18d000 	/System/Library/Frameworks/Accelerate.framework/Versions/A/Frameworks/vecLib.framework/Versions/A/vecLib
0x000000000b18d000 	/System/Library/Frameworks/Accelerate.framework/Versions/A/Frameworks/vecLib.framework/Versions/A/libvMisc.dylib
0x000000000b18d000 	/System/Library/Frameworks/Accelerate.framework/Versions/A/Frameworks/vecLib.framework/Versions/A/libvDSP.dylib
0x000000000b18d000 	/System/Library/Frameworks/Accelerate.framework/Versions/A/Frameworks/vecLib.framework/Versions/A/libBLAS.dylib
0x000000000b18d000 	/System/Library/Frameworks/Accelerate.framework/Versions/A/Frameworks/vecLib.framework/Versions/A/libLAPACK.dylib
0x000000000b18d000 	/System/Library/Frameworks/Accelerate.framework/Versions/A/Frameworks/vecLib.framework/Versions/A/libLinearAlgebra.dylib
0x000000000b18d000 	/System/Library/Frameworks/Accelerate.framework/Versions/A/Frameworks/vecLib.framework/Versions/A/libSparseBLAS.dylib
0x000000000b18d000 	/System/Library/Frameworks/Accelerate.framework/Versions/A/Frameworks/vecLib.framework/Versions/A/libQuadrature.dylib
0x000000000b18d000 	/System/Library/Frameworks/Accelerate.framework/Versions/A/Frameworks/vecLib.framework/Versions/A/libBNNS.dylib
0x000000000b18d000 	/System/Library/Frameworks/Accelerate.framework/Versions/A/Frameworks/vecLib.framework/Versions/A/libSparse.dylib
0x000000000b18d000 	/System/Library/PrivateFrameworks/GPUWrangler.framework/Versions/A/GPUWrangler
0x000000000b18d000 	/System/Library/PrivateFrameworks/IOAccelerator.framework/Versions/A/IOAccelerator
0x000000000b18d000 	/System/Library/PrivateFrameworks/IOPresentment.framework/Versions/A/IOPresentment
0x000000000b18d000 	/System/Library/PrivateFrameworks/DSExternalDisplay.framework/Versions/A/DSExternalDisplay
0x000000000b18d000 	/System/Library/Frameworks/OpenGL.framework/Versions/A/Libraries/libCoreFSCache.dylib
0x000000000b18d000 	/System/Library/Frameworks/MetalPerformanceShaders.framework/Frameworks/MPSCore.framework/Versions/A/MPSCore
0x000000000b18d000 	/System/Library/Frameworks/MetalPerformanceShaders.framework/Frameworks/MPSImage.framework/Versions/A/MPSImage
0x000000000b18d000 	/System/Library/Frameworks/MetalPerformanceShaders.framework/Frameworks/MPSNeuralNetwork.framework/Versions/A/MPSNeuralNetwork
0x000000000b18d000 	/System/Library/Frameworks/MetalPerformanceShaders.framework/Frameworks/MPSMatrix.framework/Versions/A/MPSMatrix
0x000000000b18d000 	/System/Library/Frameworks/MetalPerformanceShaders.framework/Frameworks/MPSRayIntersector.framework/Versions/A/MPSRayIntersector
0x000000000b18d000 	/System/Library/PrivateFrameworks/MetalTools.framework/Versions/A/MetalTools
0x000000000b18d000 	/System/Library/PrivateFrameworks/AggregateDictionary.framework/Versions/A/AggregateDictionary
0x000000000b18d000 	/usr/lib/libMobileGestalt.dylib
0x000000000b18d000 	/System/Library/Frameworks/CoreVideo.framework/Versions/A/CoreVideo
0x000000000b18d000 	/System/Library/PrivateFrameworks/GraphVisualizer.framework/Versions/A/GraphVisualizer
0x000000000b18d000 	/System/Library/PrivateFrameworks/FaceCore.framework/Versions/A/FaceCore
0x000000000b18d000 	/System/Library/Frameworks/OpenCL.framework/Versions/A/OpenCL
0x000000000b18d000 	/usr/lib/libFosl_dynamic.dylib
0x000000000b18d000 	/System/Library/PrivateFrameworks/OTSVG.framework/Versions/A/OTSVG
0x000000000b18d000 	/System/Library/Frameworks/ApplicationServices.framework/Versions/A/Frameworks/ATS.framework/Versions/A/Resources/libFontParser.dylib
0x000000000b18d000 	/System/Library/Frameworks/ApplicationServices.framework/Versions/A/Frameworks/ATS.framework/Versions/A/Resources/libFontRegistry.dylib
0x000000000b18d000 	/System/Library/Frameworks/ImageIO.framework/Versions/A/Resources/libJPEG.dylib
0x000000000b18d000 	/System/Library/Frameworks/ImageIO.framework/Versions/A/Resources/libTIFF.dylib
0x000000000b18d000 	/System/Library/Frameworks/ImageIO.framework/Versions/A/Resources/libPng.dylib
0x000000000b18d000 	/System/Library/Frameworks/ImageIO.framework/Versions/A/Resources/libGIF.dylib
0x000000000b18d000 	/System/Library/Frameworks/ImageIO.framework/Versions/A/Resources/libJP2.dylib
0x000000000b18d000 	/System/Library/Frameworks/ImageIO.framework/Versions/A/Resources/libRadiance.dylib
0x000000000b18d000 	/System/Library/PrivateFrameworks/AppleJPEG.framework/Versions/A/AppleJPEG
0x000000000b18d000 	/System/Library/Frameworks/OpenGL.framework/Versions/A/Libraries/libGFXShared.dylib
0x000000000b18d000 	/System/Library/Frameworks/OpenGL.framework/Versions/A/Libraries/libGLU.dylib
0x000000000b18d000 	/System/Library/Frameworks/OpenGL.framework/Versions/A/Libraries/libGL.dylib
0x000000000b18d000 	/System/Library/Frameworks/OpenGL.framework/Versions/A/Libraries/libGLImage.dylib
0x000000000b18d000 	/System/Library/Frameworks/OpenGL.framework/Versions/A/Libraries/libCVMSPluginSupport.dylib
0x000000000b18d000 	/System/Library/Frameworks/OpenGL.framework/Versions/A/Libraries/libCoreVMClient.dylib
0x000000000b18d000 	/usr/lib/libcups.2.dylib
0x000000000b18d000 	/System/Library/Frameworks/Kerberos.framework/Versions/A/Kerberos
0x000000000b18d000 	/System/Library/Frameworks/GSS.framework/Versions/A/GSS
0x000000000b18d000 	/usr/lib/libresolv.9.dylib
0x000000000b18d000 	/usr/lib/libiconv.2.dylib
0x000000000b18d000 	/System/Library/PrivateFrameworks/Heimdal.framework/Versions/A/Heimdal
0x000000000b18d000 	/usr/lib/libheimdal-asn1.dylib
0x000000000b18d000 	/System/Library/Frameworks/OpenDirectory.framework/Versions/A/OpenDirectory
0x000000000b18d000 	/System/Library/PrivateFrameworks/CommonAuth.framework/Versions/A/CommonAuth
0x000000000b18d000 	/System/Library/Frameworks/OpenDirectory.framework/Versions/A/Frameworks/CFOpenDirectory.framework/Versions/A/CFOpenDirectory
0x000000000b18d000 	/System/Library/Frameworks/SecurityFoundation.framework/Versions/A/SecurityFoundation
0x000000000b18d000 	/System/Library/PrivateFrameworks/APFS.framework/Versions/A/APFS
0x000000000b18d000 	/usr/lib/libutil.dylib
0x000000000b18d000 	/usr/lib/libcharset.1.dylib
0x000000000b18d000 	/System/Library/PrivateFrameworks/AppleSauce.framework/Versions/A/AppleSauce
0x000000000b18d000 	/System/Library/PrivateFrameworks/AssertionServices.framework/Versions/A/AssertionServices
0x000000000b18d000 	/System/Library/PrivateFrameworks/BaseBoard.framework/Versions/A/BaseBoard
0x000000000b18d000 	/usr/lib/libmecab.1.0.0.dylib
0x000000000b18d000 	/usr/lib/libgermantok.dylib
0x000000000b18d000 	/usr/lib/libThaiTokenizer.dylib
0x000000000b18d000 	/usr/lib/libChineseTokenizer.dylib
0x000000000b18d000 	/System/Library/PrivateFrameworks/LanguageModeling.framework/Versions/A/LanguageModeling
0x000000000b18d000 	/System/Library/PrivateFrameworks/CoreEmoji.framework/Versions/A/CoreEmoji
0x000000000b18d000 	/System/Library/PrivateFrameworks/Lexicon.framework/Versions/A/Lexicon
0x000000000b18d000 	/System/Library/PrivateFrameworks/LinguisticData.framework/Versions/A/LinguisticData
0x000000000b18d000 	/usr/lib/libcmph.dylib
0x000000000b18d000 	/System/Library/Frameworks/ServiceManagement.framework/Versions/A/ServiceManagement
0x000000000b18d000 	/System/Library/PrivateFrameworks/BackgroundTaskManagement.framework/Versions/A/BackgroundTaskManagement
0x000000000b18d000 	/usr/lib/libxslt.1.dylib
0x000000000b18d000 	/System/Library/Frameworks/Carbon.framework/Versions/A/Frameworks/Ink.framework/Versions/A/Ink
0x000000000b18d000 	/System/Library/PrivateFrameworks/TextureIO.framework/Versions/A/TextureIO
0x000000000b18d000 	/usr/lib/libate.dylib
0x000000000b18d000 	/System/Library/PrivateFrameworks/CrashReporterSupport.framework/Versions/A/CrashReporterSupport
0x000000000b18d000 	/System/Library/PrivateFrameworks/Sharing.framework/Versions/A/Sharing
0x000000000b18d000 	/System/Library/PrivateFrameworks/AuthKit.framework/Versions/A/AuthKit
0x000000000b18d000 	/System/Library/PrivateFrameworks/Apple80211.framework/Versions/A/Apple80211
0x000000000b18d000 	/System/Library/PrivateFrameworks/CoreUtils.framework/Versions/A/CoreUtils
0x000000000b18d000 	/System/Library/Frameworks/CoreWLAN.framework/Versions/A/CoreWLAN
0x000000000b18d000 	/System/Library/Frameworks/IOBluetooth.framework/Versions/A/IOBluetooth
0x000000000b18d000 	/System/Library/PrivateFrameworks/ProtocolBuffer.framework/Versions/A/ProtocolBuffer
0x000000000b18d000 	/System/Library/PrivateFrameworks/MobileKeyBag.framework/Versions/A/MobileKeyBag
0x000000000b18d000 	/System/Library/PrivateFrameworks/CorePhoneNumbers.framework/Versions/A/CorePhoneNumbers
0x000000000b18d000 	/System/Library/PrivateFrameworks/AppleIDAuthSupport.framework/Versions/A/AppleIDAuthSupport
0x000000000b18d000 	/System/Library/PrivateFrameworks/KeychainCircle.framework/Versions/A/KeychainCircle
0x000000000b18d000 	/System/Library/PrivateFrameworks/ROCKit.framework/Versions/A/ROCKit
0x000000000b18d000 	/System/Library/PrivateFrameworks/CoreWiFi.framework/Versions/A/CoreWiFi
0x000000000b18d000 	/System/Library/Frameworks/CoreBluetooth.framework/Versions/A/CoreBluetooth
0x000000000b18d000 	/System/Library/PrivateFrameworks/DebugSymbols.framework/Versions/A/DebugSymbols
0x000000000b18d000 	/System/Library/PrivateFrameworks/CoreSymbolication.framework/Versions/A/CoreSymbolication
0x000000000b18d000 	/System/Library/PrivateFrameworks/Symbolication.framework/Versions/A/Symbolication
0x000000000b18d000 	/System/Library/PrivateFrameworks/SpeechRecognitionCore.framework/Versions/A/SpeechRecognitionCore
0x0000000104400000 	/Library/Java/JavaVirtualMachines/jdk1.8.0_144.jdk/Contents/Home/jre/lib/server/libjvm.dylib
0x000000000b18d000 	/usr/lib/libstdc++.6.dylib
0x0000000103303000 	/Library/Java/JavaVirtualMachines/jdk1.8.0_144.jdk/Contents/Home/jre/lib/libverify.dylib
0x0000000103311000 	/Library/Java/JavaVirtualMachines/jdk1.8.0_144.jdk/Contents/Home/jre/lib/libjava.dylib
0x0000000103390000 	/Library/Java/JavaVirtualMachines/jdk1.8.0_144.jdk/Contents/Home/jre/lib/libzip.dylib
0x000000000b18d000 	/System/Library/Frameworks/JavaVM.framework/Versions/A/Frameworks/JavaRuntimeSupport.framework/Versions/A/JavaRuntimeSupport
0x000000000b18d000 	/System/Library/Frameworks/JavaVM.framework/Versions/A/Frameworks/JavaNativeFoundation.framework/Versions/A/JavaNativeFoundation
0x000000000b18d000 	/System/Library/Frameworks/JavaVM.framework/Versions/A/JavaVM
0x000000000b18d000 	/System/Library/Frameworks/Carbon.framework/Versions/A/Carbon
0x000000000b18d000 	/System/Library/PrivateFrameworks/JavaLaunching.framework/Versions/A/JavaLaunching
0x000000000b18d000 	/System/Library/Frameworks/Carbon.framework/Versions/A/Frameworks/CommonPanels.framework/Versions/A/CommonPanels
0x000000000b18d000 	/System/Library/Frameworks/Carbon.framework/Versions/A/Frameworks/Help.framework/Versions/A/Help
0x000000000b18d000 	/System/Library/Frameworks/Carbon.framework/Versions/A/Frameworks/ImageCapture.framework/Versions/A/ImageCapture
0x000000000b18d000 	/System/Library/Frameworks/Carbon.framework/Versions/A/Frameworks/OpenScripting.framework/Versions/A/OpenScripting
0x000000000b18d000 	/System/Library/Frameworks/Carbon.framework/Versions/A/Frameworks/Print.framework/Versions/A/Print
0x000000000b18d000 	/System/Library/Frameworks/Carbon.framework/Versions/A/Frameworks/SecurityHI.framework/Versions/A/SecurityHI
0x0000000122027000 	/Library/Java/JavaVirtualMachines/jdk1.8.0_144.jdk/Contents/Home/jre/lib/libprism_es2.dylib
0x000000000b18d000 	/System/Library/PrivateFrameworks/CoreServicesInternal.framework/Versions/A/CoreServicesInternal
0x000000000b18d000 	/System/Library/Frameworks/OpenGL.framework/Versions/A/Resources/GLEngine.bundle/GLEngine
0x000000000b18d000 	/System/Library/Frameworks/OpenGL.framework/Versions/A/Libraries/libGLProgrammability.dylib
0x000000000b18d000 	/System/Library/Extensions/AppleIntelSKLGraphicsGLDriver.bundle/Contents/MacOS/AppleIntelSKLGraphicsGLDriver
0x000000000b18d000 	/System/Library/PrivateFrameworks/GPUSupport.framework/Versions/A/Libraries/libGPUSupportMercury.dylib
0x0000000122778000 	/System/Library/Extensions/AMDRadeonX4000GLDriver.bundle/Contents/MacOS/AMDRadeonX4000GLDriver
0x000000000b18d000 	/System/Library/Extensions/AMDRadeonX4000GLDriver.bundle/Contents/MacOS/ATIRadeonX4000SCLib.dylib
0x000000000b18d000 	/System/Library/Frameworks/OpenGL.framework/Versions/A/Resources/GLRendererFloat.bundle/GLRendererFloat
0x000000000b18d000 	/System/Library/Frameworks/OpenCL.framework/Versions/A/Libraries/libcldcpuengine.dylib
0x000000000b18d000 	/usr/lib/libcrypto.35.dylib
0x000000000b18d000 	/System/Library/PrivateFrameworks/TrustEvaluationAgent.framework/Versions/A/TrustEvaluationAgent
0x0000000122935000 	/Library/Java/JavaVirtualMachines/jdk1.8.0_144.jdk/Contents/Home/jre/lib/libglass.dylib
0x000000000b18d000 	/System/Library/CoreServices/RawCamera.bundle/Contents/MacOS/RawCamera
0x000000000b18d000 	/System/Library/PrivateFrameworks/MobileAsset.framework/Versions/A/MobileAsset
0x000000000b18d000 	/System/Library/PrivateFrameworks/StreamingZip.framework/Versions/A/StreamingZip
0x000000000b18d000 	/System/Library/Frameworks/MediaToolbox.framework/Versions/A/MediaToolbox
0x000000000b18d000 	/System/Library/PrivateFrameworks/CoreAVCHD.framework/Versions/A/CoreAVCHD
0x000000000b18d000 	/System/Library/Frameworks/MediaAccessibility.framework/Versions/A/MediaAccessibility
0x000000000b18d000 	/System/Library/PrivateFrameworks/Mangrove.framework/Versions/A/Mangrove
0x000000000b18d000 	/System/Library/Frameworks/CoreMedia.framework/Versions/A/CoreMedia
0x000000000b18d000 	/System/Library/Frameworks/VideoToolbox.framework/Versions/A/VideoToolbox
0x000000000b18d000 	/System/Library/PrivateFrameworks/CoreAUC.framework/Versions/A/CoreAUC
0x000000000b18d000 	/usr/lib/libspindump.dylib
0x000000000b18d000 	/System/Library/PrivateFrameworks/AppleVA.framework/Versions/A/AppleVA
0x000000000b18d000 	/System/Library/Frameworks/Accelerate.framework/Versions/A/Frameworks/vImage.framework/Versions/A/Libraries/libCGInterfaces.dylib
0x000000000b18d000 	/System/Library/PrivateFrameworks/FamilyControls.framework/Versions/A/FamilyControls
0x000000000b18d000 	/System/Library/PrivateFrameworks/CommerceKit.framework/Versions/A/Frameworks/CommerceCore.framework/Versions/A/CommerceCore
0x000000000b18d000 	/System/Library/PrivateFrameworks/SystemAdministration.framework/Versions/A/SystemAdministration
0x000000000b18d000 	/System/Library/PrivateFrameworks/AppContainer.framework/Versions/A/AppContainer
0x000000000b18d000 	/System/Library/PrivateFrameworks/AppSandbox.framework/Versions/A/AppSandbox
0x000000000b18d000 	/System/Library/PrivateFrameworks/SecCodeWrapper.framework/Versions/A/SecCodeWrapper
0x000000000b18d000 	/usr/lib/libsandbox.1.dylib
0x000000000b18d000 	/usr/lib/libMatch.1.dylib
0x000000000b18d000 	/System/Library/PrivateFrameworks/DiskManagement.framework/Versions/A/DiskManagement
0x000000000b18d000 	/System/Library/Frameworks/DirectoryService.framework/Versions/A/DirectoryService
0x000000000b18d000 	/System/Library/PrivateFrameworks/DiskImages.framework/Versions/A/DiskImages
0x000000000b18d000 	/System/Library/PrivateFrameworks/LoginUIKit.framework/Versions/A/Frameworks/LoginUICore.framework/Versions/A/LoginUICore
0x000000000b18d000 	/usr/lib/libCoreStorage.dylib
0x000000000b18d000 	/usr/lib/libcsfde.dylib
0x000000000b18d000 	/usr/lib/libodfde.dylib
0x000000000b18d000 	/System/Library/PrivateFrameworks/MediaKit.framework/Versions/A/MediaKit
0x000000000b18d000 	/System/Library/Frameworks/DiscRecording.framework/Versions/A/DiscRecording
0x000000000b18d000 	/System/Library/PrivateFrameworks/EFILogin.framework/Versions/A/EFILogin
0x000000000b18d000 	/System/Library/PrivateFrameworks/ProtectedCloudStorage.framework/Versions/A/ProtectedCloudStorage
0x000000000b18d000 	/usr/lib/libcurl.4.dylib
0x000000000b18d000 	/usr/lib/libcrypto.42.dylib
0x000000000b18d000 	/usr/lib/libssl.44.dylib
0x000000000b18d000 	/System/Library/Frameworks/LDAP.framework/Versions/A/LDAP
0x000000000b18d000 	/usr/lib/libsasl2.2.dylib
0x000000000b18d000 	/System/Library/PrivateFrameworks/CoreDaemon.framework/Versions/B/CoreDaemon
0x000000000b18d000 	/System/Library/PrivateFrameworks/AppleSRP.framework/Versions/A/AppleSRP
0x000000000b18d000 	/System/Library/PrivateFrameworks/ViewBridge.framework/Versions/A/ViewBridge
0x000000012276d000 	/usr/lib/libobjc-trampolines.dylib
0x0000000123bf4000 	/Library/Java/JavaVirtualMachines/jdk1.8.0_144.jdk/Contents/Home/jre/lib/libnio.dylib
0x0000000124d83000 	/Library/Java/JavaVirtualMachines/jdk1.8.0_144.jdk/Contents/Home/jre/lib/./libnet.dylib
0x000000000b18d000 	/System/Library/Frameworks/ApplicationServices.framework/Versions/A/Frameworks/ATS.framework/Versions/A/Resources/libTrueTypeScaler.dylib
0x000000000b18d000 	/System/Library/Extensions/AMDMTLBronzeDriver.bundle/Contents/MacOS/AMDMTLBronzeDriver
0x000000000b18d000 	/System/Library/PrivateFrameworks/IOAccelMemoryInfo.framework/Versions/A/IOAccelMemoryInfo
0x000000000b18d000 	/System/Library/Extensions/AppleIntelSKLGraphicsMTLDriver.bundle/Contents/MacOS/AppleIntelSKLGraphicsMTLDriver
0x000000000b18d000 	/System/Library/PrivateFrameworks/GPUCompiler.framework/Versions/3902/Libraries/libmetal_timestamp.dylib
0x0000000126602000 	/private/var/folders/mt/bg4y9mzx68x_ljwhn9xfg5gc0000gn/T/opencv_openpnp4828504254098587789/nu/pattern/opencv/osx/x86_64/libopencv_java342.dylib
0x000000000b18d000 	/System/Library/Frameworks/AVFoundation.framework/Versions/A/AVFoundation
0x000000000b18d000 	/System/Library/Frameworks/AVFoundation.framework/Versions/A/Frameworks/AVFAudio.framework/Versions/A/AVFAudio
0x000000000b18d000 	/System/Library/PrivateFrameworks/InternationalSupport.framework/Versions/A/InternationalSupport
0x000000000b18d000 	/System/Library/Frameworks/CoreMediaIO.framework/Versions/A/CoreMediaIO
0x000000000b18d000 	/System/Library/PrivateFrameworks/RemoteServiceDiscovery.framework/Versions/A/RemoteServiceDiscovery
0x000000000b18d000 	/System/Library/PrivateFrameworks/RemoteXPC.framework/Versions/A/RemoteXPC
0x0000000121fa4000 	/Library/Java/JavaVirtualMachines/jdk1.8.0_144.jdk/Contents/Home/jre/lib/libjavafx_font.dylib
0x000000012652f000 	/Library/Java/JavaVirtualMachines/jdk1.8.0_144.jdk/Contents/Home/jre/lib/libprism_common.dylib
0x0000000125e0b000 	/System/Library/Extensions/AppleHDA.kext/Contents/PlugIns/AppleHDAHALPlugIn.bundle/Contents/MacOS/AppleHDAHALPlugIn
0x000000012b8ec000 	/System/Library/Frameworks/CoreMediaIO.framework/Resources/VDC.plugin/Contents/MacOS/VDC
0x000000012f751000 	/System/Library/Frameworks/CoreMediaIO.framework/Resources/CMIOUnits.bundle/Contents/MacOS/CMIOUnits
0x000000000b18d000 	/System/Library/PrivateFrameworks/FWAVC.framework/Versions/A/FWAVC
0x000000012f8a1000 	/System/Library/Frameworks/CoreMediaIO.framework/Resources/BaseUnits/CMIOBaseUnits.bundle/Contents/MacOS/CMIOBaseUnits
0x000000000b18d000 	/System/Library/PrivateFrameworks/AppleGVA.framework/Versions/A/AppleGVA
0x000000012fa2a000 	/Library/Java/JavaVirtualMachines/jdk1.8.0_144.jdk/Contents/Home/jre/lib/libawt.dylib
0x0000000130f46000 	/Library/Java/JavaVirtualMachines/jdk1.8.0_144.jdk/Contents/Home/jre/lib/./libmlib_image.dylib
0x0000000131012000 	/Library/Java/JavaVirtualMachines/jdk1.8.0_144.jdk/Contents/Home/jre/lib/libawt_lwawt.dylib
0x0000000123b20000 	/Library/Java/JavaVirtualMachines/jdk1.8.0_144.jdk/Contents/Home/jre/lib/./libosxapp.dylib
0x000000000b18d000 	/System/Library/Frameworks/ExceptionHandling.framework/Versions/A/ExceptionHandling
0x000000000b18d000 	/System/Library/PrivateFrameworks/login.framework/Versions/A/login

VM Arguments:
jvm_args: -Dfile.encoding=UTF-8 
java_command: objrecognition.ObjRecognition
java_class_path (initial): /Users/frederikhusted/git/computer_vision/JAvaFXProject/target/classes:/Users/frederikhusted/.p2/pool/plugins/org.eclipse.fx.ide.css.jfx8_3.5.0.201902220800.jar:/Users/frederikhusted/.m2/repository/org/openpnp/opencv/3.4.2-1/opencv-3.4.2-1.jar
Launcher Type: SUN_STANDARD

Environment Variables:
PATH=/usr/bin:/bin:/usr/sbin:/sbin
SHELL=/bin/bash

Signal Handlers:
SIGSEGV: [libjvm.dylib+0x5b26e5], sa_mask[0]=11111111011111110111111111111111, sa_flags=SA_ONSTACK|SA_RESTART|SA_SIGINFO
SIGBUS: [libjvm.dylib+0x5b26e5], sa_mask[0]=11111111011111110111111111111111, sa_flags=SA_RESTART|SA_SIGINFO
SIGFPE: [libjvm.dylib+0x489100], sa_mask[0]=11111111011111110111111111111111, sa_flags=SA_RESTART|SA_SIGINFO
SIGPIPE: [libjvm.dylib+0x489100], sa_mask[0]=11111111011111110111111111111111, sa_flags=SA_RESTART|SA_SIGINFO
SIGXFSZ: [libjvm.dylib+0x489100], sa_mask[0]=11111111011111110111111111111111, sa_flags=SA_RESTART|SA_SIGINFO
SIGILL: [libjvm.dylib+0x489100], sa_mask[0]=11111111011111110111111111111111, sa_flags=SA_RESTART|SA_SIGINFO
SIGUSR1: SIG_DFL, sa_mask[0]=00000000000000000000000000000000, sa_flags=none
SIGUSR2: [libjvm.dylib+0x488c1e], sa_mask[0]=00100000000000000000000000000000, sa_flags=SA_RESTART|SA_SIGINFO
SIGHUP: [libjvm.dylib+0x4871f5], sa_mask[0]=11111111011111110111111111111111, sa_flags=SA_RESTART|SA_SIGINFO
SIGINT: [libjvm.dylib+0x4871f5], sa_mask[0]=11111111011111110111111111111111, sa_flags=SA_RESTART|SA_SIGINFO
SIGTERM: [libjvm.dylib+0x4871f5], sa_mask[0]=11111111011111110111111111111111, sa_flags=SA_RESTART|SA_SIGINFO
SIGQUIT: [libjvm.dylib+0x4871f5], sa_mask[0]=11111111011111110111111111111111, sa_flags=SA_RESTART|SA_SIGINFO


---------------  S Y S T E M  ---------------

OS:Bsduname:Darwin 18.6.0 Darwin Kernel Version 18.6.0: Thu Apr 25 23:16:27 PDT 2019; root:xnu-4903.261.4~2/RELEASE_X86_64 x86_64
rlimit: STACK 8192k, CORE 0k, NPROC 1418, NOFILE 10240, AS infinity
load average:0.96 1.14 1.25

CPU:total 8 (initial active 8) (4 cores per cpu, 2 threads per core) family 6 model 94 stepping 3, cmov, cx8, fxsr, mmx, sse, sse2, sse3, ssse3, sse4.1, sse4.2, popcnt, avx, avx2, aes, clmul, erms, rtm, 3dnowpref, lzcnt, ht, tsc, tscinvbit, bmi1, bmi2, adx

Memory: 4k page, physical 16777216k(3170260k free)

/proc/meminfo:


vm_info: Java HotSpot(TM) 64-Bit Server VM (25.144-b01) for bsd-amd64 JRE (1.8.0_144-b01), built on Jul 21 2017 22:07:42 by "java_re" with gcc 4.2.1 (Based on Apple Inc. build 5658) (LLVM build 2336.11.00)

time: Fri Jun  7 10:33:10 2019
elapsed time: 2584 seconds (0d 0h 43m 4s)

