#
# A fatal error has been detected by the Java Runtime Environment:
#
#  SIGSEGV (0xb) at pc=0x000000010856a7a6, pid=8080, tid=0x0000000000000307
#
# JRE version: Java(TM) SE Runtime Environment (8.0_144-b01) (build 1.8.0_144-b01)
# Java VM: Java HotSpot(TM) 64-Bit Server VM (25.144-b01 mixed mode bsd-amd64 compressed oops)
# Problematic frame:
# V  [libjvm.dylib+0x16a7a6]
#
# Failed to write core dump. Core dumps have been disabled. To enable core dumping, try "ulimit -c unlimited" before starting Java again
#
# If you would like to submit a bug report, please visit:
#   http://bugreport.java.com/bugreport/crash.jsp
# The crash happened outside the Java Virtual Machine in native code.
# See problematic frame for where to report the bug.
#

---------------  T H R E A D  ---------------

Current thread (0x00007f83fa1ee800):  JavaThread "AppKit Thread" daemon [_thread_in_native, id=775, stack(0x00007ffee81bd000,0x00007ffee89bd000)]

siginfo: si_signo: 11 (SIGSEGV), si_code: 1 (SEGV_MAPERR), si_addr: 0x0000000000000270

Registers:
RAX=0x0000000000000000, RBX=0x0000000000000000, RCX=0x0000000108c31500, RDX=0x0000000000000000
RSP=0x00007ffee89b8520, RBP=0x00007ffee89b8530, RSI=0x0000000000000006, RDI=0x00007ffee89b8540
R8 =0x00000000000001ff, R9 =0x00007f83f9ab5ad0, R10=0x00007fff925e8ed8, R11=0x00007f83fd0b5b00
R12=0x00007f83f9ab5ad0, R13=0x00007f83fd296930, R14=0x00007f83fd27f320, R15=0x00007f83f88791f8
RIP=0x000000010856a7a6, EFLAGS=0x0000000000010246, ERR=0x0000000000000006
  TRAPNO=0x000000000000000e

Top of Stack: (sp=0x00007ffee89b8520)
0x00007ffee89b8520:   0000000000000000 00007f83fd27f320
0x00007ffee89b8530:   00007ffee89b8560 0000000108714ebe
0x00007ffee89b8540:   0000000000000000 00007f83f9ab5d20
0x00007ffee89b8550:   0000000000000008 00007f83f9ab6070
0x00007ffee89b8560:   00007ffee89b8580 00007fff3abaeed1
0x00007ffee89b8570:   00007f83f88791f8 00007f83f88791f8
0x00007ffee89b8580:   00007ffee89b85a0 00007fff3abaece4
0x00007ffee89b8590:   00007f83f9ab5d00 00007f83f9ab5ad0
0x00007ffee89b85a0:   00007ffee89b85d0 0000000134ea1a92
0x00007ffee89b85b0:   00007f83f9ab5ad0 00007f83f9ab5ad0
0x00007ffee89b85c0:   00007f83fd2b8fe0 00007f83f9ab6070
0x00007ffee89b85d0:   00007ffee89b8610 0000000134ea3ae7
0x00007ffee89b85e0:   00000000f9ab5ad0 00007ffee89b8650
0x00007ffee89b85f0:   00007f83f9ab5ad0 00007f83fd296930
0x00007ffee89b8600:   00007f83fd2811b0 0000000000000000
0x00007ffee89b8610:   00007ffee89b8620 00007fff36aec596
0x00007ffee89b8620:   00007ffee89b8640 00007fff36aec510
0x00007ffee89b8630:   00007f83fd280e10 0000000000000000
0x00007ffee89b8640:   00007ffee89b86b0 00007fff36aec47a
0x00007ffee89b8650:   00007fff99317070 00000000c2000000
0x00007ffee89b8660:   00007fff36aec4d1 00007fff91cf5370
0x00007ffee89b8670:   00007f83fd280e10 00007f83fd296930
0x00007ffee89b8680:   00007f83f9ab5ad0 00007ffee89b86c7
0x00007ffee89b8690:   00007f83fd280e10 00007ffee89b8770
0x00007ffee89b86a0:   00007ffee89b8ef0 0000000000000000
0x00007ffee89b86b0:   00007ffee89b86f0 00007fff36af4928
0x00007ffee89b86c0:   00007ffee89b8cc0 0000000000000000
0x00007ffee89b86d0:   00007fff611db680 00007ffee89b8770
0x00007ffee89b86e0:   00007ffee89b8ef0 00007fff34c91a8e
0x00007ffee89b86f0:   00007ffee89b8e10 00007fff36a5d384
0x00007ffee89b8700:   402c000000000005 00007f83f9b048f0
0x00007ffee89b8710:   0000000000000004 0000000000000000 

Instructions: (pc=0x000000010856a7a6)
0x000000010856a786:   0e 48 8b 0b 49 8b 56 18 48 63 c0 48 89 0c c2 5b
0x000000010856a796:   41 5e 5d c3 90 90 55 48 89 e5 41 56 53 48 8b 1f
0x000000010856a7a6:   c7 83 70 02 00 00 05 00 00 00 48 8d 05 a1 83 78
0x000000010856a7b6:   00 8b 00 83 f8 01 41 89 f6 75 0c 48 8d 0d ee ee 

Register to memory mapping:

RAX=0x0000000000000000 is an unknown value
RBX=0x0000000000000000 is an unknown value
RCX=0x0000000108c31500: jni_NativeInterface+0 in /Library/Java/JavaVirtualMachines/jdk1.8.0_144.jdk/Contents/Home/jre/lib/server/libjvm.dylib at 0x0000000108400000
RDX=0x0000000000000000 is an unknown value
RSP=0x00007ffee89b8520 is pointing into the stack for thread: 0x00007f83fa1ee800
RBP=0x00007ffee89b8530 is pointing into the stack for thread: 0x00007f83fa1ee800
RSI=0x0000000000000006 is an unknown value
RDI=0x00007ffee89b8540 is pointing into the stack for thread: 0x00007f83fa1ee800
R8 =0x00000000000001ff is an unknown value
R9 =0x00007f83f9ab5ad0 is an unknown value
R10=0x00007fff925e8ed8: OBJC_CLASS_$_JNFWeakJObjectWrapper+0 in /System/Library/Frameworks/JavaVM.framework/Versions/A/Frameworks/JavaNativeFoundation.framework/Versions/A/JavaNativeFoundation at 0x00007fff3aba8000
R11=0x00007f83fd0b5b00 is an unknown value
R12=0x00007f83f9ab5ad0 is an unknown value
R13=0x00007f83fd296930 is an unknown value
R14=0x00007f83fd27f320 is a weak global jni handle
R15=0x00007f83f88791f8 is an unknown value


Stack: [0x00007ffee81bd000,0x00007ffee89bd000],  sp=0x00007ffee89b8520,  free space=8173k
Native frames: (J=compiled Java code, j=interpreted, Vv=VM code, C=native code)
V  [libjvm.dylib+0x16a7a6]
V  [libjvm.dylib+0x314ebe]
C  [JavaNativeFoundation+0x6ed1]  -[JNFWeakJObjectWrapper _getWithEnv:]+0x26
C  [JavaNativeFoundation+0x6ce4]  -[JNFJObjectWrapper jObjectWithEnv:]+0x16
C  [libawt_lwawt.dylib+0x9a92]  +[AWTWindow isJavaPlatformWindowVisible:]+0xac
C  [libawt_lwawt.dylib+0xbae7]  -[AWTWindow orderChildWindows:]+0x134
C  [CoreFoundation+0x9e596]  __CFNOTIFICATIONCENTER_IS_CALLING_OUT_TO_AN_OBSERVER__+0xc
C  [CoreFoundation+0x9e510]  ___CFXRegistrationPost_block_invoke+0x3f
C  [CoreFoundation+0x9e47a]  _CFXRegistrationPost+0x194
C  [CoreFoundation+0xa6928]  ___CFXNotificationPost_block_invoke+0x57
C  [CoreFoundation+0xf384]  -[_CFXNotificationRegistrar find:object:observer:enumerator:]+0x66a
C  [CoreFoundation+0xe737]  _CFXNotificationPost+0x2dc
C  [Foundation+0x1206b]  -[NSNotificationCenter postNotificationName:object:userInfo:]+0x42
C  [AppKit+0x25331f]  -[NSWindow resignKeyWindow]+0x30b
C  [AppKit+0x16b9ed]  -[NSWindow _changeKeyAndMainLimitedOK:]+0x36f
C  [AppKit+0x16b569]  -[NSWindow _makeKeyRegardlessOfVisibility]+0x4c
C  [AppKit+0x16b118]  -[NSWindow makeKeyAndOrderFront:]+0x28
C  [AppKit+0x9074a5]  -[NSWindow(NSWindow_Theme) _prepareToRestoreRegularFromDock:forceActivation:wantsToBeKey:]+0x76
C  [AppKit+0x9076bf]  -[NSWindow(NSWindow_Theme) _prepareToRestoreFromDock:forceActivation:wantsToBeKey:]+0x81
C  [AppKit+0x9073f2]  -[NSWindow(NSWindow_Theme) _doRestoreComingFromDock:forceActivation:wantsToBeKey:]+0x16
C  [AppKit+0x58b64]  _NSCGSDockMessageReceive+0x313
C  [HIToolbox+0x258b8]  _ZL12DockCallbackjjPvS_+0x7d6
C  [HIServices+0x155a4]  _DCXSelectWindow+0x18
C  [HIServices+0x1556b]  _XSelectWindow+0x21
C  [HIServices+0x5c9d]  mshMIGPerform+0xcb
C  [CoreFoundation+0x53597]  __CFRUNLOOP_IS_CALLING_OUT_TO_A_SOURCE1_PERFORM_FUNCTION__+0x29
C  [CoreFoundation+0x534f5]  __CFRunLoopDoSource1+0x20f
C  [CoreFoundation+0x3b4ec]  __CFRunLoopRun+0x9dc
C  [CoreFoundation+0x3a8be]  CFRunLoopRunSpecific+0x1c7
C  [java+0x6465]  CreateExecutionEnvironment+0x367
C  [java+0x218c]  JLI_Launch+0x7a0
C  [java+0x84c2]  main+0x65
C  [java+0x19e4]  start+0x34
C  0x0000000000000005


---------------  P R O C E S S  ---------------

Java Threads: ( => current thread )
=>0x00007f83fa1ee800 JavaThread "AppKit Thread" daemon [_thread_in_native, id=775, stack(0x00007ffee81bd000,0x00007ffee89bd000)]
  0x00007f83f81c7000 JavaThread "DestroyJavaVM" [_thread_blocked, id=6403, stack(0x000070000e2c4000,0x000070000e3c4000)]
  0x00007f83f88d8800 JavaThread "AWT-EventQueue-0" [_thread_blocked, id=121863, stack(0x00007000103b9000,0x00007000104b9000)]
  0x00007f83f80aa800 JavaThread "AWT-Shutdown" [_thread_blocked, id=96003, stack(0x00007000102b6000,0x00007000103b6000)]
  0x00007f83f8952800 JavaThread "Java2D Disposer" daemon [_thread_blocked, id=122627, stack(0x00007000101b3000,0x00007000102b3000)]
  0x00007f83fa16b000 JavaThread "Java2D Queue Flusher" daemon [_thread_blocked, id=122887, stack(0x00007000100b0000,0x00007000101b0000)]
  0x00007f83f8302000 JavaThread "Prism Font Disposer" daemon [_thread_blocked, id=56127, stack(0x000070000fd1e000,0x000070000fe1e000)]
  0x00007f83fa163000 JavaThread "Thread-3" daemon [_thread_in_native, id=32771, stack(0x000070000fb15000,0x000070000fb95000)]
  0x00007f83f887b000 JavaThread "Thread-1" daemon [_thread_blocked, id=39171, stack(0x000070000f700000,0x000070000f800000)]
  0x00007f83fa823000 JavaThread "Service Thread" daemon [_thread_blocked, id=16131, stack(0x000070000f3f7000,0x000070000f4f7000)]
  0x00007f83f8833000 JavaThread "C1 CompilerThread3" daemon [_thread_blocked, id=15619, stack(0x000070000f2f4000,0x000070000f3f4000)]
  0x00007f83f8832800 JavaThread "C2 CompilerThread2" daemon [_thread_blocked, id=17411, stack(0x000070000f1f1000,0x000070000f2f1000)]
  0x00007f83f8831800 JavaThread "C2 CompilerThread1" daemon [_thread_blocked, id=15107, stack(0x000070000f0ee000,0x000070000f1ee000)]
  0x00007f83f8830000 JavaThread "C2 CompilerThread0" daemon [_thread_blocked, id=17667, stack(0x000070000efeb000,0x000070000f0eb000)]
  0x00007f83f8825800 JavaThread "Signal Dispatcher" daemon [_thread_blocked, id=17923, stack(0x000070000eee8000,0x000070000efe8000)]
  0x00007f83f880d000 JavaThread "Finalizer" daemon [_thread_blocked, id=19459, stack(0x000070000ede5000,0x000070000eee5000)]
  0x00007f83f880a800 JavaThread "Reference Handler" daemon [_thread_blocked, id=19971, stack(0x000070000ece2000,0x000070000ede2000)]

Other Threads:
  0x00007f83f802a000 VMThread [stack: 0x000070000ebdf000,0x000070000ecdf000] [id=20483]
  0x00007f83fb020000 WatcherThread [stack: 0x000070000f4fa000,0x000070000f5fa000] [id=16387]

VM state:not at safepoint (normal execution)

VM Mutex/Monitor currently owned by a thread: None

Heap:
 PSYoungGen      total 76288K, used 13215K [0x000000076ab00000, 0x0000000774000000, 0x00000007c0000000)
  eden space 65536K, 20% used [0x000000076ab00000,0x000000076b7e7cf8,0x000000076eb00000)
  from space 10752K, 0% used [0x000000076f580000,0x000000076f580000,0x0000000770000000)
  to   space 10752K, 0% used [0x000000076eb00000,0x000000076eb00000,0x000000076f580000)
 ParOldGen       total 97280K, used 18055K [0x00000006c0000000, 0x00000006c5f00000, 0x000000076ab00000)
  object space 97280K, 18% used [0x00000006c0000000,0x00000006c11a1ee8,0x00000006c5f00000)
 Metaspace       used 21932K, capacity 22775K, committed 22912K, reserved 1069056K
  class space    used 2930K, capacity 3157K, committed 3200K, reserved 1048576K

Card table byte_map: [0x0000000109767000,0x0000000109f68000] byte_map_base: 0x0000000106167000

Marking Bits: (ParMarkBitMap*) 0x0000000108cf35d0
 Begin Bits: [0x000000010a4be000, 0x000000010e4be000)
 End Bits:   [0x000000010e4be000, 0x00000001124be000)

Polling page: 0x00000001072bf000

CodeCache: size=245760Kb used=6245Kb max_used=6254Kb free=239514Kb
 bounds [0x0000000112647000, 0x0000000112c77000, 0x0000000121647000]
 total_blobs=2942 nmethods=1955 adapters=900
 compilation: enabled

Compilation events (10 events):
Event: 28.714 Thread 0x00007f83f8833000 1973       3       sun.reflect.NativeConstructorAccessorImpl::newInstance (89 bytes)
Event: 28.715 Thread 0x00007f83f8833000 nmethod 1973 0x0000000112c65650 code [0x0000000112c658c0, 0x0000000112c66c18]
Event: 28.717 Thread 0x00007f83f8833000 1975       3       java.util.concurrent.atomic.AtomicInteger::incrementAndGet (14 bytes)
Event: 28.717 Thread 0x00007f83f8833000 nmethod 1975 0x0000000112760810 code [0x0000000112760960, 0x0000000112760ab0]
Event: 31.043 Thread 0x00007f83f8833000 1976       3       sun.java2d.pipe.RenderBuffer::position (11 bytes)
Event: 31.043 Thread 0x00007f83f8833000 nmethod 1976 0x00000001127b9cd0 code [0x00000001127b9e20, 0x00000001127b9f70]
Event: 31.450 Thread 0x00007f83f8833000 1977       3       sun.java2d.pipe.RenderQueue::unlock (4 bytes)
Event: 31.450 Thread 0x00007f83f8833000 nmethod 1977 0x000000011275bdd0 code [0x000000011275bf60, 0x000000011275c2c8]
Event: 31.450 Thread 0x00007f83f8833000 1978       3       sun.awt.SunToolkit::awtUnlock (7 bytes)
Event: 31.450 Thread 0x00007f83f8833000 nmethod 1978 0x00000001127482d0 code [0x0000000112748440, 0x0000000112748728]

GC Heap History (6 events):
Event: 9.859 GC heap before
{Heap before GC invocations=1 (full 0):
 PSYoungGen      total 76288K, used 64612K [0x000000076ab00000, 0x0000000770000000, 0x00000007c0000000)
  eden space 65536K, 98% used [0x000000076ab00000,0x000000076ea19020,0x000000076eb00000)
  from space 10752K, 0% used [0x000000076f580000,0x000000076f580000,0x0000000770000000)
  to   space 10752K, 0% used [0x000000076eb00000,0x000000076eb00000,0x000000076f580000)
 ParOldGen       total 175104K, used 0K [0x00000006c0000000, 0x00000006cab00000, 0x000000076ab00000)
  object space 175104K, 0% used [0x00000006c0000000,0x00000006c0000000,0x00000006cab00000)
 Metaspace       used 18688K, capacity 19336K, committed 19712K, reserved 1067008K
  class space    used 2509K, capacity 2713K, committed 2816K, reserved 1048576K
Event: 9.867 GC heap after
Heap after GC invocations=1 (full 0):
 PSYoungGen      total 76288K, used 10732K [0x000000076ab00000, 0x0000000770000000, 0x00000007c0000000)
  eden space 65536K, 0% used [0x000000076ab00000,0x000000076ab00000,0x000000076eb00000)
  from space 10752K, 99% used [0x000000076eb00000,0x000000076f57b060,0x000000076f580000)
  to   space 10752K, 0% used [0x000000076f580000,0x000000076f580000,0x0000000770000000)
 ParOldGen       total 175104K, used 9198K [0x00000006c0000000, 0x00000006cab00000, 0x000000076ab00000)
  object space 175104K, 5% used [0x00000006c0000000,0x00000006c08fb930,0x00000006cab00000)
 Metaspace       used 18688K, capacity 19336K, committed 19712K, reserved 1067008K
  class space    used 2509K, capacity 2713K, committed 2816K, reserved 1048576K
}
Event: 9.959 GC heap before
{Heap before GC invocations=2 (full 0):
 PSYoungGen      total 76288K, used 17564K [0x000000076ab00000, 0x0000000770000000, 0x00000007c0000000)
  eden space 65536K, 10% used [0x000000076ab00000,0x000000076b1ac060,0x000000076eb00000)
  from space 10752K, 99% used [0x000000076eb00000,0x000000076f57b060,0x000000076f580000)
  to   space 10752K, 0% used [0x000000076f580000,0x000000076f580000,0x0000000770000000)
 ParOldGen       total 175104K, used 9198K [0x00000006c0000000, 0x00000006cab00000, 0x000000076ab00000)
  object space 175104K, 5% used [0x00000006c0000000,0x00000006c08fb930,0x00000006cab00000)
 Metaspace       used 20510K, capacity 21183K, committed 21296K, reserved 1067008K
  class space    used 2759K, capacity 2944K, committed 2944K, reserved 1048576K
Event: 9.966 GC heap after
Heap after GC invocations=2 (full 0):
 PSYoungGen      total 76288K, used 10748K [0x000000076ab00000, 0x0000000774000000, 0x00000007c0000000)
  eden space 65536K, 0% used [0x000000076ab00000,0x000000076ab00000,0x000000076eb00000)
  from space 10752K, 99% used [0x000000076f580000,0x000000076ffff070,0x0000000770000000)
  to   space 10752K, 0% used [0x000000076eb00000,0x000000076eb00000,0x000000076f580000)
 ParOldGen       total 175104K, used 14998K [0x00000006c0000000, 0x00000006cab00000, 0x000000076ab00000)
  object space 175104K, 8% used [0x00000006c0000000,0x00000006c0ea5950,0x00000006cab00000)
 Metaspace       used 20510K, capacity 21183K, committed 21296K, reserved 1067008K
  class space    used 2759K, capacity 2944K, committed 2944K, reserved 1048576K
}
Event: 9.966 GC heap before
{Heap before GC invocations=3 (full 1):
 PSYoungGen      total 76288K, used 10748K [0x000000076ab00000, 0x0000000774000000, 0x00000007c0000000)
  eden space 65536K, 0% used [0x000000076ab00000,0x000000076ab00000,0x000000076eb00000)
  from space 10752K, 99% used [0x000000076f580000,0x000000076ffff070,0x0000000770000000)
  to   space 10752K, 0% used [0x000000076eb00000,0x000000076eb00000,0x000000076f580000)
 ParOldGen       total 175104K, used 14998K [0x00000006c0000000, 0x00000006cab00000, 0x000000076ab00000)
  object space 175104K, 8% used [0x00000006c0000000,0x00000006c0ea5950,0x00000006cab00000)
 Metaspace       used 20510K, capacity 21183K, committed 21296K, reserved 1067008K
  class space    used 2759K, capacity 2944K, committed 2944K, reserved 1048576K
Event: 9.987 GC heap after
Heap after GC invocations=3 (full 1):
 PSYoungGen      total 76288K, used 0K [0x000000076ab00000, 0x0000000774000000, 0x00000007c0000000)
  eden space 65536K, 0% used [0x000000076ab00000,0x000000076ab00000,0x000000076eb00000)
  from space 10752K, 0% used [0x000000076f580000,0x000000076f580000,0x0000000770000000)
  to   space 10752K, 0% used [0x000000076eb00000,0x000000076eb00000,0x000000076f580000)
 ParOldGen       total 97280K, used 18055K [0x00000006c0000000, 0x00000006c5f00000, 0x000000076ab00000)
  object space 97280K, 18% used [0x00000006c0000000,0x00000006c11a1ee8,0x00000006c5f00000)
 Metaspace       used 20510K, capacity 21183K, committed 21296K, reserved 1067008K
  class space    used 2759K, capacity 2944K, committed 2944K, reserved 1048576K
}

Deoptimization events (10 events):
Event: 2.423 Thread 0x00007f83f8879000 Uncommon trap: reason=unstable_if action=reinterpret pc=0x000000011284b760 method=java.lang.CharacterData.of(I)Ljava/lang/CharacterData; @ 4
Event: 2.458 Thread 0x00007f83f8879000 Uncommon trap: reason=class_check action=maybe_recompile pc=0x0000000112760e9c method=java.lang.String.equals(Ljava/lang/Object;)Z @ 8
Event: 4.428 Thread 0x00007f83f8879000 Uncommon trap: reason=unstable_if action=reinterpret pc=0x00000001129c3afc method=jdk.internal.org.objectweb.asm.Type.getArgumentsAndReturnSizes(Ljava/lang/String;)I @ 47
Event: 9.796 Thread 0x00007f83f88d0800 Uncommon trap: reason=unstable_if action=reinterpret pc=0x0000000112b1e744 method=com.sun.javafx.image.impl.IntTo4ByteSameConverter.doConvert([III[BIIII)V @ 29
Event: 9.870 Thread 0x00007f83f880d000 Uncommon trap: reason=unstable_if action=reinterpret pc=0x0000000112b2c37c method=java.lang.ref.ReferenceQueue.poll()Ljava/lang/ref/Reference; @ 4
Event: 9.898 Thread 0x00007f83f88d0800 Uncommon trap: reason=unstable_if action=reinterpret pc=0x00000001129ecd30 method=java.util.HashMap.isEmpty()Z @ 4
Event: 9.936 Thread 0x00007f83f88d0800 Uncommon trap: reason=unstable_if action=reinterpret pc=0x00000001128f5224 method=java.lang.AbstractStringBuilder.append(Ljava/lang/String;)Ljava/lang/AbstractStringBuilder; @ 1
Event: 9.936 Thread 0x00007f83f88d0800 Uncommon trap: reason=unstable_if action=reinterpret pc=0x00000001128b9c0c method=java.lang.AbstractStringBuilder.append(Ljava/lang/String;)Ljava/lang/AbstractStringBuilder; @ 1
Event: 10.384 Thread 0x00007f83f88d8800 Uncommon trap: reason=unstable_if action=reinterpret pc=0x000000011286ed9c method=java.nio.channels.spi.AbstractInterruptibleChannel.begin()V @ 4
Event: 11.839 Thread 0x00007f83f8879000 Uncommon trap: reason=unstable_if action=reinterpret pc=0x0000000112b6b138 method=java.lang.ThreadLocal$ThreadLocalMap.getEntry(Ljava/lang/ThreadLocal;)Ljava/lang/ThreadLocal$ThreadLocalMap$Entry; @ 29

Internal exceptions (10 events):
Event: 2.119 Thread 0x00007f83f8879000 Exception <a 'java/lang/ArrayIndexOutOfBoundsException'> (0x000000076c1492b8) thrown at [/Users/java_re/workspace/8-2-build-macosx-x86_64/jdk8u144/9417/hotspot/src/share/vm/runtime/sharedRuntime.cpp, line 605]
Event: 2.120 Thread 0x00007f83f8879000 Exception <a 'java/lang/ArrayIndexOutOfBoundsException'> (0x000000076c149dd0) thrown at [/Users/java_re/workspace/8-2-build-macosx-x86_64/jdk8u144/9417/hotspot/src/share/vm/runtime/sharedRuntime.cpp, line 605]
Event: 2.120 Thread 0x00007f83f8879000 Exception <a 'java/lang/ArrayIndexOutOfBoundsException'> (0x000000076c14b178) thrown at [/Users/java_re/workspace/8-2-build-macosx-x86_64/jdk8u144/9417/hotspot/src/share/vm/runtime/sharedRuntime.cpp, line 605]
Event: 2.171 Thread 0x00007f83f8879000 Implicit null exception at 0x000000011295c6b5 to 0x000000011295c8ed
Event: 2.253 Thread 0x00007f83f8879000 Exception <a 'java/io/FileNotFoundException'> (0x000000076c7a25f8) thrown at [/Users/java_re/workspace/8-2-build-macosx-x86_64/jdk8u144/9417/hotspot/src/share/vm/prims/jni.cpp, line 709]
Event: 9.727 Thread 0x00007f83f88d0800 Exception <a 'java/io/FileNotFoundException'> (0x000000076d598cf0) thrown at [/Users/java_re/workspace/8-2-build-macosx-x86_64/jdk8u144/9417/hotspot/src/share/vm/prims/jni.cpp, line 709]
Event: 9.727 Thread 0x00007f83f88d0800 Exception <a 'java/io/FileNotFoundException'> (0x000000076d599868) thrown at [/Users/java_re/workspace/8-2-build-macosx-x86_64/jdk8u144/9417/hotspot/src/share/vm/prims/jni.cpp, line 709]
Event: 9.936 Thread 0x00007f83f88d0800 Implicit null exception at 0x00000001128f4e33 to 0x00000001128f5211
Event: 9.936 Thread 0x00007f83f88d0800 Implicit null exception at 0x00000001128b9836 to 0x00000001128b9bf5
Event: 9.988 Thread 0x00007f83f880d000 Exception <a 'java/lang/NullPointerException'> (0x000000076abd5d28) thrown at [/Users/java_re/workspace/8-2-build-macosx-x86_64/jdk8u144/9417/hotspot/src/share/vm/interpreter/linkResolver.cpp, line 1197]

Events (10 events):
Event: 28.717 Thread 0x00007f83f8833000 flushing nmethod 0x00000001127eca90
Event: 28.717 loading class com/sun/javafx/tk/quantum/QuantumToolkit
Event: 28.717 loading class com/sun/javafx/tk/quantum/QuantumToolkit done
Event: 28.717 Thread 0x00007f83f8846800 Thread exited: 0x00007f83f8846800
Event: 28.717 Thread 0x00007f83f81c7000 Thread exited: 0x00007f83f81c7000
Event: 28.717 Thread 0x00007f83fa002000 Thread exited: 0x00007f83fa002000
Event: 28.717 Thread 0x00007f83f81c7000 Thread added: 0x00007f83f81c7000
Event: 28.722 Thread 0x00007f83f8879000 Thread exited: 0x00007f83f8879000
Event: 31.043 Thread 0x00007f83f8833000 flushing nmethod 0x0000000112817110
Event: 36.130 Thread 0x00007f83fa1ee800 Thread added: 0x00007f83fa1ee800


Dynamic libraries:
0x000000000b18d000 	/System/Library/Frameworks/Cocoa.framework/Versions/A/Cocoa
0x000000000b18d000 	/System/Library/Frameworks/Security.framework/Versions/A/Security
0x000000000b18d000 	/System/Library/Frameworks/ApplicationServices.framework/Versions/A/ApplicationServices
0x000000000b18d000 	/usr/lib/libz.1.dylib
0x000000000b18d000 	/usr/lib/libSystem.B.dylib
0x000000000b18d000 	/usr/lib/libobjc.A.dylib
0x000000000b18d000 	/System/Library/Frameworks/CoreFoundation.framework/Versions/A/CoreFoundation
0x000000000b18d000 	/System/Library/Frameworks/Foundation.framework/Versions/C/Foundation
0x000000000b18d000 	/System/Library/Frameworks/AppKit.framework/Versions/C/AppKit
0x000000000b18d000 	/System/Library/Frameworks/CoreData.framework/Versions/A/CoreData
0x000000000b18d000 	/System/Library/PrivateFrameworks/RemoteViewServices.framework/Versions/A/RemoteViewServices
0x000000000b18d000 	/System/Library/PrivateFrameworks/UIFoundation.framework/Versions/A/UIFoundation
0x000000000b18d000 	/System/Library/PrivateFrameworks/XCTTargetBootstrap.framework/Versions/A/XCTTargetBootstrap
0x000000000b18d000 	/System/Library/Frameworks/CoreDisplay.framework/Versions/A/CoreDisplay
0x000000000b18d000 	/System/Library/PrivateFrameworks/IconServices.framework/Versions/A/IconServices
0x000000000b18d000 	/System/Library/Frameworks/Metal.framework/Versions/A/Metal
0x000000000b18d000 	/System/Library/PrivateFrameworks/DesktopServicesPriv.framework/Versions/A/DesktopServicesPriv
0x000000000b18d000 	/usr/lib/libenergytrace.dylib
0x000000000b18d000 	/System/Library/PrivateFrameworks/SkyLight.framework/Versions/A/SkyLight
0x000000000b18d000 	/System/Library/Frameworks/CoreGraphics.framework/Versions/A/CoreGraphics
0x000000000b18d000 	/System/Library/Frameworks/Accelerate.framework/Versions/A/Accelerate
0x000000000b18d000 	/System/Library/Frameworks/IOSurface.framework/Versions/A/IOSurface
0x000000000b18d000 	/System/Library/PrivateFrameworks/DFRFoundation.framework/Versions/A/DFRFoundation
0x000000000b18d000 	/System/Library/Frameworks/AudioToolbox.framework/Versions/A/AudioToolbox
0x000000000b18d000 	/System/Library/Frameworks/AudioUnit.framework/Versions/A/AudioUnit
0x000000000b18d000 	/System/Library/PrivateFrameworks/DataDetectorsCore.framework/Versions/A/DataDetectorsCore
0x000000000b18d000 	/System/Library/Frameworks/Carbon.framework/Versions/A/Frameworks/HIToolbox.framework/Versions/A/HIToolbox
0x000000000b18d000 	/usr/lib/libicucore.A.dylib
0x000000000b18d000 	/System/Library/Frameworks/QuartzCore.framework/Versions/A/QuartzCore
0x000000000b18d000 	/System/Library/Frameworks/Carbon.framework/Versions/A/Frameworks/SpeechRecognition.framework/Versions/A/SpeechRecognition
0x000000000b18d000 	/usr/lib/libauto.dylib
0x000000000b18d000 	/usr/lib/libxml2.2.dylib
0x000000000b18d000 	/System/Library/PrivateFrameworks/CoreUI.framework/Versions/A/CoreUI
0x000000000b18d000 	/System/Library/Frameworks/CoreAudio.framework/Versions/A/CoreAudio
0x000000000b18d000 	/System/Library/Frameworks/DiskArbitration.framework/Versions/A/DiskArbitration
0x000000000b18d000 	/usr/lib/liblangid.dylib
0x000000000b18d000 	/System/Library/PrivateFrameworks/MultitouchSupport.framework/Versions/A/MultitouchSupport
0x000000000b18d000 	/System/Library/Frameworks/IOKit.framework/Versions/A/IOKit
0x000000000b18d000 	/usr/lib/libDiagnosticMessagesClient.dylib
0x000000000b18d000 	/System/Library/Frameworks/CoreServices.framework/Versions/A/CoreServices
0x000000000b18d000 	/System/Library/PrivateFrameworks/PerformanceAnalysis.framework/Versions/A/PerformanceAnalysis
0x000000000b18d000 	/System/Library/Frameworks/OpenGL.framework/Versions/A/OpenGL
0x000000000b18d000 	/System/Library/Frameworks/ColorSync.framework/Versions/A/ColorSync
0x000000000b18d000 	/System/Library/Frameworks/CoreImage.framework/Versions/A/CoreImage
0x000000000b18d000 	/System/Library/Frameworks/CoreText.framework/Versions/A/CoreText
0x000000000b18d000 	/System/Library/Frameworks/ImageIO.framework/Versions/A/ImageIO
0x000000000b18d000 	/System/Library/PrivateFrameworks/Backup.framework/Versions/A/Backup
0x000000000b18d000 	/usr/lib/libarchive.2.dylib
0x000000000b18d000 	/System/Library/Frameworks/CFNetwork.framework/Versions/A/CFNetwork
0x000000000b18d000 	/System/Library/Frameworks/SystemConfiguration.framework/Versions/A/SystemConfiguration
0x000000000b18d000 	/usr/lib/libCRFSuite.dylib
0x000000000b18d000 	/usr/lib/libc++.1.dylib
0x000000000b18d000 	/usr/lib/libc++abi.dylib
0x000000000b18d000 	/usr/lib/system/libcache.dylib
0x000000000b18d000 	/usr/lib/system/libcommonCrypto.dylib
0x000000000b18d000 	/usr/lib/system/libcompiler_rt.dylib
0x000000000b18d000 	/usr/lib/system/libcopyfile.dylib
0x000000000b18d000 	/usr/lib/system/libcorecrypto.dylib
0x000000000b18d000 	/usr/lib/system/libdispatch.dylib
0x000000000b18d000 	/usr/lib/system/libdyld.dylib
0x000000000b18d000 	/usr/lib/system/libkeymgr.dylib
0x000000000b18d000 	/usr/lib/system/liblaunch.dylib
0x000000000b18d000 	/usr/lib/system/libmacho.dylib
0x000000000b18d000 	/usr/lib/system/libquarantine.dylib
0x000000000b18d000 	/usr/lib/system/libremovefile.dylib
0x000000000b18d000 	/usr/lib/system/libsystem_asl.dylib
0x000000000b18d000 	/usr/lib/system/libsystem_blocks.dylib
0x000000000b18d000 	/usr/lib/system/libsystem_c.dylib
0x000000000b18d000 	/usr/lib/system/libsystem_configuration.dylib
0x000000000b18d000 	/usr/lib/system/libsystem_coreservices.dylib
0x000000000b18d000 	/usr/lib/system/libsystem_darwin.dylib
0x000000000b18d000 	/usr/lib/system/libsystem_dnssd.dylib
0x000000000b18d000 	/usr/lib/system/libsystem_info.dylib
0x000000000b18d000 	/usr/lib/system/libsystem_m.dylib
0x000000000b18d000 	/usr/lib/system/libsystem_malloc.dylib
0x000000000b18d000 	/usr/lib/system/libsystem_networkextension.dylib
0x000000000b18d000 	/usr/lib/system/libsystem_notify.dylib
0x000000000b18d000 	/usr/lib/system/libsystem_sandbox.dylib
0x000000000b18d000 	/usr/lib/system/libsystem_secinit.dylib
0x000000000b18d000 	/usr/lib/system/libsystem_kernel.dylib
0x000000000b18d000 	/usr/lib/system/libsystem_platform.dylib
0x000000000b18d000 	/usr/lib/system/libsystem_pthread.dylib
0x000000000b18d000 	/usr/lib/system/libsystem_symptoms.dylib
0x000000000b18d000 	/usr/lib/system/libsystem_trace.dylib
0x000000000b18d000 	/usr/lib/system/libunwind.dylib
0x000000000b18d000 	/usr/lib/system/libxpc.dylib
0x000000000b18d000 	/usr/lib/libbsm.0.dylib
0x000000000b18d000 	/usr/lib/system/libkxld.dylib
0x000000000b18d000 	/System/Library/PrivateFrameworks/AppleFSCompression.framework/Versions/A/AppleFSCompression
0x000000000b18d000 	/usr/lib/libOpenScriptingUtil.dylib
0x000000000b18d000 	/usr/lib/libcoretls.dylib
0x000000000b18d000 	/usr/lib/libcoretls_cfhelpers.dylib
0x000000000b18d000 	/usr/lib/libpam.2.dylib
0x000000000b18d000 	/usr/lib/libsqlite3.dylib
0x000000000b18d000 	/usr/lib/libxar.1.dylib
0x000000000b18d000 	/usr/lib/libbz2.1.0.dylib
0x000000000b18d000 	/usr/lib/liblzma.5.dylib
0x000000000b18d000 	/usr/lib/libnetwork.dylib
0x000000000b18d000 	/usr/lib/libapple_nghttp2.dylib
0x000000000b18d000 	/usr/lib/libpcap.A.dylib
0x000000000b18d000 	/System/Library/Frameworks/CoreServices.framework/Versions/A/Frameworks/FSEvents.framework/Versions/A/FSEvents
0x000000000b18d000 	/System/Library/Frameworks/CoreServices.framework/Versions/A/Frameworks/CarbonCore.framework/Versions/A/CarbonCore
0x000000000b18d000 	/System/Library/Frameworks/CoreServices.framework/Versions/A/Frameworks/Metadata.framework/Versions/A/Metadata
0x000000000b18d000 	/System/Library/Frameworks/CoreServices.framework/Versions/A/Frameworks/OSServices.framework/Versions/A/OSServices
0x000000000b18d000 	/System/Library/Frameworks/CoreServices.framework/Versions/A/Frameworks/SearchKit.framework/Versions/A/SearchKit
0x000000000b18d000 	/System/Library/Frameworks/CoreServices.framework/Versions/A/Frameworks/AE.framework/Versions/A/AE
0x000000000b18d000 	/System/Library/Frameworks/CoreServices.framework/Versions/A/Frameworks/LaunchServices.framework/Versions/A/LaunchServices
0x000000000b18d000 	/System/Library/Frameworks/CoreServices.framework/Versions/A/Frameworks/DictionaryServices.framework/Versions/A/DictionaryServices
0x000000000b18d000 	/System/Library/Frameworks/CoreServices.framework/Versions/A/Frameworks/SharedFileList.framework/Versions/A/SharedFileList
0x000000000b18d000 	/System/Library/Frameworks/NetFS.framework/Versions/A/NetFS
0x000000000b18d000 	/System/Library/PrivateFrameworks/NetAuth.framework/Versions/A/NetAuth
0x000000000b18d000 	/System/Library/PrivateFrameworks/login.framework/Versions/A/Frameworks/loginsupport.framework/Versions/A/loginsupport
0x000000000b18d000 	/System/Library/PrivateFrameworks/TCC.framework/Versions/A/TCC
0x000000000b18d000 	/System/Library/PrivateFrameworks/CoreNLP.framework/Versions/A/CoreNLP
0x000000000b18d000 	/System/Library/PrivateFrameworks/MetadataUtilities.framework/Versions/A/MetadataUtilities
0x000000000b18d000 	/usr/lib/libmecabra.dylib
0x000000000b18d000 	/System/Library/Frameworks/ApplicationServices.framework/Versions/A/Frameworks/ATS.framework/Versions/A/ATS
0x000000000b18d000 	/System/Library/Frameworks/ApplicationServices.framework/Versions/A/Frameworks/ColorSyncLegacy.framework/Versions/A/ColorSyncLegacy
0x000000000b18d000 	/System/Library/Frameworks/ApplicationServices.framework/Versions/A/Frameworks/HIServices.framework/Versions/A/HIServices
0x000000000b18d000 	/System/Library/Frameworks/ApplicationServices.framework/Versions/A/Frameworks/LangAnalysis.framework/Versions/A/LangAnalysis
0x000000000b18d000 	/System/Library/Frameworks/ApplicationServices.framework/Versions/A/Frameworks/PrintCore.framework/Versions/A/PrintCore
0x000000000b18d000 	/System/Library/Frameworks/ApplicationServices.framework/Versions/A/Frameworks/QD.framework/Versions/A/QD
0x000000000b18d000 	/System/Library/Frameworks/ApplicationServices.framework/Versions/A/Frameworks/SpeechSynthesis.framework/Versions/A/SpeechSynthesis
0x000000000b18d000 	/usr/lib/libcompression.dylib
0x000000000b18d000 	/System/Library/Frameworks/MetalPerformanceShaders.framework/Versions/A/MetalPerformanceShaders
0x000000000b18d000 	/System/Library/Frameworks/Accelerate.framework/Versions/A/Frameworks/vImage.framework/Versions/A/vImage
0x000000000b18d000 	/System/Library/Frameworks/Accelerate.framework/Versions/A/Frameworks/vecLib.framework/Versions/A/vecLib
0x000000000b18d000 	/System/Library/Frameworks/Accelerate.framework/Versions/A/Frameworks/vecLib.framework/Versions/A/libvMisc.dylib
0x000000000b18d000 	/System/Library/Frameworks/Accelerate.framework/Versions/A/Frameworks/vecLib.framework/Versions/A/libvDSP.dylib
0x000000000b18d000 	/System/Library/Frameworks/Accelerate.framework/Versions/A/Frameworks/vecLib.framework/Versions/A/libBLAS.dylib
0x000000000b18d000 	/System/Library/Frameworks/Accelerate.framework/Versions/A/Frameworks/vecLib.framework/Versions/A/libLAPACK.dylib
0x000000000b18d000 	/System/Library/Frameworks/Accelerate.framework/Versions/A/Frameworks/vecLib.framework/Versions/A/libLinearAlgebra.dylib
0x000000000b18d000 	/System/Library/Frameworks/Accelerate.framework/Versions/A/Frameworks/vecLib.framework/Versions/A/libSparseBLAS.dylib
0x000000000b18d000 	/System/Library/Frameworks/Accelerate.framework/Versions/A/Frameworks/vecLib.framework/Versions/A/libQuadrature.dylib
0x000000000b18d000 	/System/Library/Frameworks/Accelerate.framework/Versions/A/Frameworks/vecLib.framework/Versions/A/libBNNS.dylib
0x000000000b18d000 	/System/Library/Frameworks/Accelerate.framework/Versions/A/Frameworks/vecLib.framework/Versions/A/libSparse.dylib
0x000000000b18d000 	/System/Library/PrivateFrameworks/GPUWrangler.framework/Versions/A/GPUWrangler
0x000000000b18d000 	/System/Library/PrivateFrameworks/IOAccelerator.framework/Versions/A/IOAccelerator
0x000000000b18d000 	/System/Library/PrivateFrameworks/IOPresentment.framework/Versions/A/IOPresentment
0x000000000b18d000 	/System/Library/PrivateFrameworks/DSExternalDisplay.framework/Versions/A/DSExternalDisplay
0x000000000b18d000 	/System/Library/Frameworks/OpenGL.framework/Versions/A/Libraries/libCoreFSCache.dylib
0x000000000b18d000 	/System/Library/Frameworks/MetalPerformanceShaders.framework/Frameworks/MPSCore.framework/Versions/A/MPSCore
0x000000000b18d000 	/System/Library/Frameworks/MetalPerformanceShaders.framework/Frameworks/MPSImage.framework/Versions/A/MPSImage
0x000000000b18d000 	/System/Library/Frameworks/MetalPerformanceShaders.framework/Frameworks/MPSNeuralNetwork.framework/Versions/A/MPSNeuralNetwork
0x000000000b18d000 	/System/Library/Frameworks/MetalPerformanceShaders.framework/Frameworks/MPSMatrix.framework/Versions/A/MPSMatrix
0x000000000b18d000 	/System/Library/Frameworks/MetalPerformanceShaders.framework/Frameworks/MPSRayIntersector.framework/Versions/A/MPSRayIntersector
0x000000000b18d000 	/System/Library/PrivateFrameworks/MetalTools.framework/Versions/A/MetalTools
0x000000000b18d000 	/System/Library/PrivateFrameworks/AggregateDictionary.framework/Versions/A/AggregateDictionary
0x000000000b18d000 	/usr/lib/libMobileGestalt.dylib
0x000000000b18d000 	/System/Library/Frameworks/CoreVideo.framework/Versions/A/CoreVideo
0x000000000b18d000 	/System/Library/PrivateFrameworks/GraphVisualizer.framework/Versions/A/GraphVisualizer
0x000000000b18d000 	/System/Library/PrivateFrameworks/FaceCore.framework/Versions/A/FaceCore
0x000000000b18d000 	/System/Library/Frameworks/OpenCL.framework/Versions/A/OpenCL
0x000000000b18d000 	/usr/lib/libFosl_dynamic.dylib
0x000000000b18d000 	/System/Library/PrivateFrameworks/OTSVG.framework/Versions/A/OTSVG
0x000000000b18d000 	/System/Library/Frameworks/ApplicationServices.framework/Versions/A/Frameworks/ATS.framework/Versions/A/Resources/libFontParser.dylib
0x000000000b18d000 	/System/Library/Frameworks/ApplicationServices.framework/Versions/A/Frameworks/ATS.framework/Versions/A/Resources/libFontRegistry.dylib
0x000000000b18d000 	/System/Library/Frameworks/ImageIO.framework/Versions/A/Resources/libJPEG.dylib
0x000000000b18d000 	/System/Library/Frameworks/ImageIO.framework/Versions/A/Resources/libTIFF.dylib
0x000000000b18d000 	/System/Library/Frameworks/ImageIO.framework/Versions/A/Resources/libPng.dylib
0x000000000b18d000 	/System/Library/Frameworks/ImageIO.framework/Versions/A/Resources/libGIF.dylib
0x000000000b18d000 	/System/Library/Frameworks/ImageIO.framework/Versions/A/Resources/libJP2.dylib
0x000000000b18d000 	/System/Library/Frameworks/ImageIO.framework/Versions/A/Resources/libRadiance.dylib
0x000000000b18d000 	/System/Library/PrivateFrameworks/AppleJPEG.framework/Versions/A/AppleJPEG
0x000000000b18d000 	/System/Library/Frameworks/OpenGL.framework/Versions/A/Libraries/libGFXShared.dylib
0x000000000b18d000 	/System/Library/Frameworks/OpenGL.framework/Versions/A/Libraries/libGLU.dylib
0x000000000b18d000 	/System/Library/Frameworks/OpenGL.framework/Versions/A/Libraries/libGL.dylib
0x000000000b18d000 	/System/Library/Frameworks/OpenGL.framework/Versions/A/Libraries/libGLImage.dylib
0x000000000b18d000 	/System/Library/Frameworks/OpenGL.framework/Versions/A/Libraries/libCVMSPluginSupport.dylib
0x000000000b18d000 	/System/Library/Frameworks/OpenGL.framework/Versions/A/Libraries/libCoreVMClient.dylib
0x000000000b18d000 	/usr/lib/libcups.2.dylib
0x000000000b18d000 	/System/Library/Frameworks/Kerberos.framework/Versions/A/Kerberos
0x000000000b18d000 	/System/Library/Frameworks/GSS.framework/Versions/A/GSS
0x000000000b18d000 	/usr/lib/libresolv.9.dylib
0x000000000b18d000 	/usr/lib/libiconv.2.dylib
0x000000000b18d000 	/System/Library/PrivateFrameworks/Heimdal.framework/Versions/A/Heimdal
0x000000000b18d000 	/usr/lib/libheimdal-asn1.dylib
0x000000000b18d000 	/System/Library/Frameworks/OpenDirectory.framework/Versions/A/OpenDirectory
0x000000000b18d000 	/System/Library/PrivateFrameworks/CommonAuth.framework/Versions/A/CommonAuth
0x000000000b18d000 	/System/Library/Frameworks/OpenDirectory.framework/Versions/A/Frameworks/CFOpenDirectory.framework/Versions/A/CFOpenDirectory
0x000000000b18d000 	/System/Library/Frameworks/SecurityFoundation.framework/Versions/A/SecurityFoundation
0x000000000b18d000 	/System/Library/PrivateFrameworks/APFS.framework/Versions/A/APFS
0x000000000b18d000 	/usr/lib/libutil.dylib
0x000000000b18d000 	/usr/lib/libcharset.1.dylib
0x000000000b18d000 	/System/Library/PrivateFrameworks/AppleSauce.framework/Versions/A/AppleSauce
0x000000000b18d000 	/System/Library/PrivateFrameworks/AssertionServices.framework/Versions/A/AssertionServices
0x000000000b18d000 	/System/Library/PrivateFrameworks/BaseBoard.framework/Versions/A/BaseBoard
0x000000000b18d000 	/usr/lib/libmecab.1.0.0.dylib
0x000000000b18d000 	/usr/lib/libgermantok.dylib
0x000000000b18d000 	/usr/lib/libThaiTokenizer.dylib
0x000000000b18d000 	/usr/lib/libChineseTokenizer.dylib
0x000000000b18d000 	/System/Library/PrivateFrameworks/LanguageModeling.framework/Versions/A/LanguageModeling
0x000000000b18d000 	/System/Library/PrivateFrameworks/CoreEmoji.framework/Versions/A/CoreEmoji
0x000000000b18d000 	/System/Library/PrivateFrameworks/Lexicon.framework/Versions/A/Lexicon
0x000000000b18d000 	/System/Library/PrivateFrameworks/LinguisticData.framework/Versions/A/LinguisticData
0x000000000b18d000 	/usr/lib/libcmph.dylib
0x000000000b18d000 	/System/Library/Frameworks/ServiceManagement.framework/Versions/A/ServiceManagement
0x000000000b18d000 	/System/Library/PrivateFrameworks/BackgroundTaskManagement.framework/Versions/A/BackgroundTaskManagement
0x000000000b18d000 	/usr/lib/libxslt.1.dylib
0x000000000b18d000 	/System/Library/Frameworks/Carbon.framework/Versions/A/Frameworks/Ink.framework/Versions/A/Ink
0x000000000b18d000 	/System/Library/PrivateFrameworks/TextureIO.framework/Versions/A/TextureIO
0x000000000b18d000 	/usr/lib/libate.dylib
0x000000000b18d000 	/System/Library/PrivateFrameworks/CrashReporterSupport.framework/Versions/A/CrashReporterSupport
0x000000000b18d000 	/System/Library/PrivateFrameworks/Sharing.framework/Versions/A/Sharing
0x000000000b18d000 	/System/Library/PrivateFrameworks/AuthKit.framework/Versions/A/AuthKit
0x000000000b18d000 	/System/Library/PrivateFrameworks/Apple80211.framework/Versions/A/Apple80211
0x000000000b18d000 	/System/Library/PrivateFrameworks/CoreUtils.framework/Versions/A/CoreUtils
0x000000000b18d000 	/System/Library/Frameworks/CoreWLAN.framework/Versions/A/CoreWLAN
0x000000000b18d000 	/System/Library/Frameworks/IOBluetooth.framework/Versions/A/IOBluetooth
0x000000000b18d000 	/System/Library/PrivateFrameworks/ProtocolBuffer.framework/Versions/A/ProtocolBuffer
0x000000000b18d000 	/System/Library/PrivateFrameworks/MobileKeyBag.framework/Versions/A/MobileKeyBag
0x000000000b18d000 	/System/Library/PrivateFrameworks/CorePhoneNumbers.framework/Versions/A/CorePhoneNumbers
0x000000000b18d000 	/System/Library/PrivateFrameworks/AppleIDAuthSupport.framework/Versions/A/AppleIDAuthSupport
0x000000000b18d000 	/System/Library/PrivateFrameworks/KeychainCircle.framework/Versions/A/KeychainCircle
0x000000000b18d000 	/System/Library/PrivateFrameworks/ROCKit.framework/Versions/A/ROCKit
0x000000000b18d000 	/System/Library/PrivateFrameworks/CoreWiFi.framework/Versions/A/CoreWiFi
0x000000000b18d000 	/System/Library/Frameworks/CoreBluetooth.framework/Versions/A/CoreBluetooth
0x000000000b18d000 	/System/Library/PrivateFrameworks/DebugSymbols.framework/Versions/A/DebugSymbols
0x000000000b18d000 	/System/Library/PrivateFrameworks/CoreSymbolication.framework/Versions/A/CoreSymbolication
0x000000000b18d000 	/System/Library/PrivateFrameworks/Symbolication.framework/Versions/A/Symbolication
0x000000000b18d000 	/System/Library/PrivateFrameworks/SpeechRecognitionCore.framework/Versions/A/SpeechRecognitionCore
0x0000000108400000 	/Library/Java/JavaVirtualMachines/jdk1.8.0_144.jdk/Contents/Home/jre/lib/server/libjvm.dylib
0x000000000b18d000 	/usr/lib/libstdc++.6.dylib
0x000000010727c000 	/Library/Java/JavaVirtualMachines/jdk1.8.0_144.jdk/Contents/Home/jre/lib/libverify.dylib
0x000000010728a000 	/Library/Java/JavaVirtualMachines/jdk1.8.0_144.jdk/Contents/Home/jre/lib/libjava.dylib
0x0000000107309000 	/Library/Java/JavaVirtualMachines/jdk1.8.0_144.jdk/Contents/Home/jre/lib/libzip.dylib
0x000000000b18d000 	/System/Library/Frameworks/JavaVM.framework/Versions/A/Frameworks/JavaRuntimeSupport.framework/Versions/A/JavaRuntimeSupport
0x000000000b18d000 	/System/Library/Frameworks/JavaVM.framework/Versions/A/Frameworks/JavaNativeFoundation.framework/Versions/A/JavaNativeFoundation
0x000000000b18d000 	/System/Library/Frameworks/JavaVM.framework/Versions/A/JavaVM
0x000000000b18d000 	/System/Library/Frameworks/Carbon.framework/Versions/A/Carbon
0x000000000b18d000 	/System/Library/PrivateFrameworks/JavaLaunching.framework/Versions/A/JavaLaunching
0x000000000b18d000 	/System/Library/Frameworks/Carbon.framework/Versions/A/Frameworks/CommonPanels.framework/Versions/A/CommonPanels
0x000000000b18d000 	/System/Library/Frameworks/Carbon.framework/Versions/A/Frameworks/Help.framework/Versions/A/Help
0x000000000b18d000 	/System/Library/Frameworks/Carbon.framework/Versions/A/Frameworks/ImageCapture.framework/Versions/A/ImageCapture
0x000000000b18d000 	/System/Library/Frameworks/Carbon.framework/Versions/A/Frameworks/OpenScripting.framework/Versions/A/OpenScripting
0x000000000b18d000 	/System/Library/Frameworks/Carbon.framework/Versions/A/Frameworks/Print.framework/Versions/A/Print
0x000000000b18d000 	/System/Library/Frameworks/Carbon.framework/Versions/A/Frameworks/SecurityHI.framework/Versions/A/SecurityHI
0x0000000125f9d000 	/Library/Java/JavaVirtualMachines/jdk1.8.0_144.jdk/Contents/Home/jre/lib/libprism_es2.dylib
0x000000000b18d000 	/System/Library/PrivateFrameworks/CoreServicesInternal.framework/Versions/A/CoreServicesInternal
0x000000000b18d000 	/System/Library/Frameworks/OpenGL.framework/Versions/A/Resources/GLEngine.bundle/GLEngine
0x000000000b18d000 	/System/Library/Frameworks/OpenGL.framework/Versions/A/Libraries/libGLProgrammability.dylib
0x000000000b18d000 	/System/Library/Extensions/AppleIntelSKLGraphicsGLDriver.bundle/Contents/MacOS/AppleIntelSKLGraphicsGLDriver
0x000000000b18d000 	/System/Library/PrivateFrameworks/GPUSupport.framework/Versions/A/Libraries/libGPUSupportMercury.dylib
0x00000001266f1000 	/System/Library/Extensions/AMDRadeonX4000GLDriver.bundle/Contents/MacOS/AMDRadeonX4000GLDriver
0x000000000b18d000 	/System/Library/Extensions/AMDRadeonX4000GLDriver.bundle/Contents/MacOS/ATIRadeonX4000SCLib.dylib
0x000000000b18d000 	/System/Library/Frameworks/OpenGL.framework/Versions/A/Resources/GLRendererFloat.bundle/GLRendererFloat
0x000000000b18d000 	/System/Library/Frameworks/OpenCL.framework/Versions/A/Libraries/libcldcpuengine.dylib
0x000000000b18d000 	/usr/lib/libcrypto.35.dylib
0x000000000b18d000 	/System/Library/PrivateFrameworks/TrustEvaluationAgent.framework/Versions/A/TrustEvaluationAgent
0x00000001268ae000 	/Library/Java/JavaVirtualMachines/jdk1.8.0_144.jdk/Contents/Home/jre/lib/libglass.dylib
0x000000000b18d000 	/System/Library/CoreServices/RawCamera.bundle/Contents/MacOS/RawCamera
0x000000000b18d000 	/System/Library/PrivateFrameworks/MobileAsset.framework/Versions/A/MobileAsset
0x000000000b18d000 	/System/Library/PrivateFrameworks/StreamingZip.framework/Versions/A/StreamingZip
0x000000000b18d000 	/System/Library/Frameworks/MediaToolbox.framework/Versions/A/MediaToolbox
0x000000000b18d000 	/System/Library/PrivateFrameworks/CoreAVCHD.framework/Versions/A/CoreAVCHD
0x000000000b18d000 	/System/Library/Frameworks/MediaAccessibility.framework/Versions/A/MediaAccessibility
0x000000000b18d000 	/System/Library/PrivateFrameworks/Mangrove.framework/Versions/A/Mangrove
0x000000000b18d000 	/System/Library/Frameworks/CoreMedia.framework/Versions/A/CoreMedia
0x000000000b18d000 	/System/Library/Frameworks/VideoToolbox.framework/Versions/A/VideoToolbox
0x000000000b18d000 	/System/Library/PrivateFrameworks/CoreAUC.framework/Versions/A/CoreAUC
0x000000000b18d000 	/usr/lib/libspindump.dylib
0x000000000b18d000 	/System/Library/PrivateFrameworks/AppleVA.framework/Versions/A/AppleVA
0x000000000b18d000 	/System/Library/Frameworks/Accelerate.framework/Versions/A/Frameworks/vImage.framework/Versions/A/Libraries/libCGInterfaces.dylib
0x000000000b18d000 	/System/Library/PrivateFrameworks/FamilyControls.framework/Versions/A/FamilyControls
0x000000000b18d000 	/System/Library/PrivateFrameworks/CommerceKit.framework/Versions/A/Frameworks/CommerceCore.framework/Versions/A/CommerceCore
0x000000000b18d000 	/System/Library/PrivateFrameworks/SystemAdministration.framework/Versions/A/SystemAdministration
0x000000000b18d000 	/System/Library/PrivateFrameworks/AppContainer.framework/Versions/A/AppContainer
0x000000000b18d000 	/System/Library/PrivateFrameworks/AppSandbox.framework/Versions/A/AppSandbox
0x000000000b18d000 	/System/Library/PrivateFrameworks/SecCodeWrapper.framework/Versions/A/SecCodeWrapper
0x000000000b18d000 	/usr/lib/libsandbox.1.dylib
0x000000000b18d000 	/usr/lib/libMatch.1.dylib
0x000000000b18d000 	/System/Library/PrivateFrameworks/DiskManagement.framework/Versions/A/DiskManagement
0x000000000b18d000 	/System/Library/Frameworks/DirectoryService.framework/Versions/A/DirectoryService
0x000000000b18d000 	/System/Library/PrivateFrameworks/DiskImages.framework/Versions/A/DiskImages
0x000000000b18d000 	/System/Library/PrivateFrameworks/LoginUIKit.framework/Versions/A/Frameworks/LoginUICore.framework/Versions/A/LoginUICore
0x000000000b18d000 	/usr/lib/libCoreStorage.dylib
0x000000000b18d000 	/usr/lib/libcsfde.dylib
0x000000000b18d000 	/usr/lib/libodfde.dylib
0x000000000b18d000 	/System/Library/PrivateFrameworks/MediaKit.framework/Versions/A/MediaKit
0x000000000b18d000 	/System/Library/Frameworks/DiscRecording.framework/Versions/A/DiscRecording
0x000000000b18d000 	/System/Library/PrivateFrameworks/EFILogin.framework/Versions/A/EFILogin
0x000000000b18d000 	/System/Library/PrivateFrameworks/ProtectedCloudStorage.framework/Versions/A/ProtectedCloudStorage
0x000000000b18d000 	/usr/lib/libcurl.4.dylib
0x000000000b18d000 	/usr/lib/libcrypto.42.dylib
0x000000000b18d000 	/usr/lib/libssl.44.dylib
0x000000000b18d000 	/System/Library/Frameworks/LDAP.framework/Versions/A/LDAP
0x000000000b18d000 	/usr/lib/libsasl2.2.dylib
0x000000000b18d000 	/System/Library/PrivateFrameworks/CoreDaemon.framework/Versions/B/CoreDaemon
0x000000000b18d000 	/System/Library/PrivateFrameworks/AppleSRP.framework/Versions/A/AppleSRP
0x000000000b18d000 	/System/Library/PrivateFrameworks/ViewBridge.framework/Versions/A/ViewBridge
0x00000001266e6000 	/usr/lib/libobjc-trampolines.dylib
0x0000000128de0000 	/Library/Java/JavaVirtualMachines/jdk1.8.0_144.jdk/Contents/Home/jre/lib/libnio.dylib
0x0000000128df0000 	/Library/Java/JavaVirtualMachines/jdk1.8.0_144.jdk/Contents/Home/jre/lib/./libnet.dylib
0x000000000b18d000 	/System/Library/Frameworks/ApplicationServices.framework/Versions/A/Frameworks/ATS.framework/Versions/A/Resources/libTrueTypeScaler.dylib
0x000000000b18d000 	/System/Library/Extensions/AMDMTLBronzeDriver.bundle/Contents/MacOS/AMDMTLBronzeDriver
0x000000000b18d000 	/System/Library/PrivateFrameworks/IOAccelMemoryInfo.framework/Versions/A/IOAccelMemoryInfo
0x000000000b18d000 	/System/Library/Extensions/AppleIntelSKLGraphicsMTLDriver.bundle/Contents/MacOS/AppleIntelSKLGraphicsMTLDriver
0x000000000b18d000 	/System/Library/PrivateFrameworks/GPUCompiler.framework/Versions/3902/Libraries/libmetal_timestamp.dylib
0x000000012a528000 	/private/var/folders/mt/bg4y9mzx68x_ljwhn9xfg5gc0000gn/T/opencv_openpnp7138845351039183309/nu/pattern/opencv/osx/x86_64/libopencv_java342.dylib
0x000000000b18d000 	/System/Library/Frameworks/AVFoundation.framework/Versions/A/AVFoundation
0x000000000b18d000 	/System/Library/Frameworks/AVFoundation.framework/Versions/A/Frameworks/AVFAudio.framework/Versions/A/AVFAudio
0x000000000b18d000 	/System/Library/PrivateFrameworks/InternationalSupport.framework/Versions/A/InternationalSupport
0x000000000b18d000 	/System/Library/Frameworks/CoreMediaIO.framework/Versions/A/CoreMediaIO
0x000000000b18d000 	/System/Library/PrivateFrameworks/RemoteServiceDiscovery.framework/Versions/A/RemoteServiceDiscovery
0x000000000b18d000 	/System/Library/PrivateFrameworks/RemoteXPC.framework/Versions/A/RemoteXPC
0x0000000125e53000 	/Library/Java/JavaVirtualMachines/jdk1.8.0_144.jdk/Contents/Home/jre/lib/libjavafx_font.dylib
0x0000000129f9c000 	/Library/Java/JavaVirtualMachines/jdk1.8.0_144.jdk/Contents/Home/jre/lib/libprism_common.dylib
0x0000000129a18000 	/System/Library/Extensions/AppleHDA.kext/Contents/PlugIns/AppleHDAHALPlugIn.bundle/Contents/MacOS/AppleHDAHALPlugIn
0x000000012f9b2000 	/System/Library/Frameworks/CoreMediaIO.framework/Resources/VDC.plugin/Contents/MacOS/VDC
0x00000001336c5000 	/System/Library/Frameworks/CoreMediaIO.framework/Resources/CMIOUnits.bundle/Contents/MacOS/CMIOUnits
0x000000000b18d000 	/System/Library/PrivateFrameworks/FWAVC.framework/Versions/A/FWAVC
0x0000000133815000 	/System/Library/Frameworks/CoreMediaIO.framework/Resources/BaseUnits/CMIOBaseUnits.bundle/Contents/MacOS/CMIOBaseUnits
0x000000000b18d000 	/System/Library/PrivateFrameworks/AppleGVA.framework/Versions/A/AppleGVA
0x0000000133a03000 	/Library/Java/JavaVirtualMachines/jdk1.8.0_144.jdk/Contents/Home/jre/lib/libawt.dylib
0x0000000134dcc000 	/Library/Java/JavaVirtualMachines/jdk1.8.0_144.jdk/Contents/Home/jre/lib/./libmlib_image.dylib
0x0000000134e98000 	/Library/Java/JavaVirtualMachines/jdk1.8.0_144.jdk/Contents/Home/jre/lib/libawt_lwawt.dylib
0x0000000127ab5000 	/Library/Java/JavaVirtualMachines/jdk1.8.0_144.jdk/Contents/Home/jre/lib/./libosxapp.dylib
0x000000000b18d000 	/System/Library/Frameworks/ExceptionHandling.framework/Versions/A/ExceptionHandling
0x000000013398d000 	/Library/Java/JavaVirtualMachines/jdk1.8.0_144.jdk/Contents/Home/jre/lib/libfontmanager.dylib
0x0000000127afa000 	/Library/Java/JavaVirtualMachines/jdk1.8.0_144.jdk/Contents/Home/jre/lib/libosxui.dylib

VM Arguments:
jvm_args: -Dfile.encoding=UTF-8 
java_command: objrecognition.ObjRecognition
java_class_path (initial): /Users/frederikhusted/git/computer_vision/JAvaFXProject/target/classes:/Users/frederikhusted/.p2/pool/plugins/org.eclipse.fx.ide.css.jfx8_3.5.0.201902220800.jar:/Users/frederikhusted/.m2/repository/org/openpnp/opencv/3.4.2-1/opencv-3.4.2-1.jar
Launcher Type: SUN_STANDARD

Environment Variables:
PATH=/usr/bin:/bin:/usr/sbin:/sbin
SHELL=/bin/bash

Signal Handlers:
SIGSEGV: [libjvm.dylib+0x5b26e5], sa_mask[0]=11111111011111110111111111111111, sa_flags=SA_ONSTACK|SA_RESTART|SA_SIGINFO
SIGBUS: [libjvm.dylib+0x5b26e5], sa_mask[0]=11111111011111110111111111111111, sa_flags=SA_RESTART|SA_SIGINFO
SIGFPE: [libjvm.dylib+0x489100], sa_mask[0]=11111111011111110111111111111111, sa_flags=SA_RESTART|SA_SIGINFO
SIGPIPE: [libjvm.dylib+0x489100], sa_mask[0]=11111111011111110111111111111111, sa_flags=SA_RESTART|SA_SIGINFO
SIGXFSZ: [libjvm.dylib+0x489100], sa_mask[0]=11111111011111110111111111111111, sa_flags=SA_RESTART|SA_SIGINFO
SIGILL: [libjvm.dylib+0x489100], sa_mask[0]=11111111011111110111111111111111, sa_flags=SA_RESTART|SA_SIGINFO
SIGUSR1: SIG_DFL, sa_mask[0]=00000000000000000000000000000000, sa_flags=none
SIGUSR2: [libjvm.dylib+0x488c1e], sa_mask[0]=00100000000000000000000000000000, sa_flags=SA_RESTART|SA_SIGINFO
SIGHUP: [libjvm.dylib+0x4871f5], sa_mask[0]=11111111011111110111111111111111, sa_flags=SA_RESTART|SA_SIGINFO
SIGINT: [libjvm.dylib+0x4871f5], sa_mask[0]=11111111011111110111111111111111, sa_flags=SA_RESTART|SA_SIGINFO
SIGTERM: [libjvm.dylib+0x4871f5], sa_mask[0]=11111111011111110111111111111111, sa_flags=SA_RESTART|SA_SIGINFO
SIGQUIT: [libjvm.dylib+0x4871f5], sa_mask[0]=11111111011111110111111111111111, sa_flags=SA_RESTART|SA_SIGINFO


---------------  S Y S T E M  ---------------

OS:Bsduname:Darwin 18.6.0 Darwin Kernel Version 18.6.0: Thu Apr 25 23:16:27 PDT 2019; root:xnu-4903.261.4~2/RELEASE_X86_64 x86_64
rlimit: STACK 8192k, CORE 0k, NPROC 1418, NOFILE 10240, AS infinity
load average:1.62 2.17 2.14

CPU:total 8 (initial active 8) (4 cores per cpu, 2 threads per core) family 6 model 94 stepping 3, cmov, cx8, fxsr, mmx, sse, sse2, sse3, ssse3, sse4.1, sse4.2, popcnt, avx, avx2, aes, clmul, erms, rtm, 3dnowpref, lzcnt, ht, tsc, tscinvbit, bmi1, bmi2, adx

Memory: 4k page, physical 16777216k(3807896k free)

/proc/meminfo:


vm_info: Java HotSpot(TM) 64-Bit Server VM (25.144-b01) for bsd-amd64 JRE (1.8.0_144-b01), built on Jul 21 2017 22:07:42 by "java_re" with gcc 4.2.1 (Based on Apple Inc. build 5658) (LLVM build 2336.11.00)

time: Fri Jun  7 09:12:33 2019
elapsed time: 36 seconds (0d 0h 0m 36s)

